#
# A fatal error has been detected by the Java Runtime Environment:
#
#  SIGSEGV (0xb) at pc=0x000000010685ad57, pid=23222, tid=259
#
# JRE version: OpenJDK Runtime Environment Temurin-17.0.1+12 (17.0.1+12) (build 17.0.1+12)
# Java VM: OpenJDK 64-Bit Server VM Temurin-17.0.1+12 (17.0.1+12, mixed mode, sharing, tiered, compressed oops, compressed class ptrs, g1 gc, bsd-amd64)
# Problematic frame:
# V  [libjvm.dylib+0x4f3d57]  _ZNK13InstanceKlass21is_same_class_packageEPK5Klass+0x87
#
# No core dump will be written. Core dumps have been disabled. To enable core dumping, try "ulimit -c unlimited" before starting Java again
#
# If you would like to submit a bug report, please visit:
#   https://github.com/adoptium/adoptium-support/issues
#

---------------  S U M M A R Y ------------

Command Line: -Dfile.encoding=UTF-8 --module-path=/Users/sw4rtz/OneDrive - Instituto Politécnico de Tomar/01_Escola/2_Licenciatura/2_Ano/Algoritmos/ProjFinalAlgoritmos/ProjFinal/build/classes projfinal.ProjFinal

Host: "MacBookPro15,2" x86_64 2300 MHz, 8 cores, 8G, Darwin 21.2.0, macOS 10.16 (21C52)
Time: Wed Jan  5 14:22:06 2022 WET elapsed time: 1.669441 seconds (0d 0h 0m 1s)

---------------  T H R E A D  ---------------

Current thread (0x00007fd5e1819a00):  JavaThread "AppKit Thread" daemon [_thread_in_vm, id=259, stack(0x00007ff7ba604000,0x00007ff7bae04000)]

Stack: [0x00007ff7ba604000,0x00007ff7bae04000],  sp=0x00007ff7bae00980,  free space=8178k
Native frames: (J=compiled Java code, j=interpreted, Vv=VM code, C=native code)
V  [libjvm.dylib+0x4f3d57]  _ZNK13InstanceKlass21is_same_class_packageEPK5Klass+0x87
V  [libjvm.dylib+0x91bd5f]  _ZN10Reflection19verify_class_accessEPK5KlassPK13InstanceKlassb+0x2f
V  [libjvm.dylib+0x72dec7]  _ZN12LinkResolver25check_klass_accessibilityEP5KlassS1_P10JavaThread+0x47
V  [libjvm.dylib+0x3516fb]  _ZN12ConstantPool13klass_at_implERK18constantPoolHandleiP10JavaThread+0x29b
V  [libjvm.dylib+0x50f35a]  _ZN18InterpreterRuntime4_newEP10JavaThreadP12ConstantPooli+0x6a
j  sun.awt.SunToolkit.executeOnEventHandlerThread(Ljava/lang/Object;Ljava/lang/Runnable;)V+0 java.desktop@17.0.1
j  sun.lwawt.LWCursorManager.updateCursorLater(Lsun/lwawt/LWWindowPeer;)V+26 java.desktop@17.0.1
j  sun.lwawt.LWWindowPeer.notifyUpdateCursor()V+8 java.desktop@17.0.1
j  sun.lwawt.LWWindowPeer.notifyMouseEvent(IJIIIIIIIZ[B)V+645 java.desktop@17.0.1
j  sun.lwawt.macosx.CPlatformResponder.handleMouseEvent(IIIIIIII)V+132 java.desktop@17.0.1
j  sun.lwawt.macosx.CPlatformView.deliverMouseEvent(Lsun/lwawt/macosx/NSEvent;)V+97 java.desktop@17.0.1
v  ~StubRoutines::call_stub
V  [libjvm.dylib+0x519896]  _ZN9JavaCalls11call_helperEP9JavaValueRK12methodHandleP17JavaCallArgumentsP10JavaThread+0x2b6
V  [libjvm.dylib+0x5749a5]  _ZL20jni_invoke_nonstaticP7JNIEnv_P9JavaValueP8_jobject11JNICallTypeP10_jmethodIDP18JNI_ArgumentPusherP10JavaThread+0x2d5
V  [libjvm.dylib+0x578f00]  jni_CallVoidMethod+0x1a0
C  [libawt_lwawt.dylib+0x823c]  -[AWTView deliverJavaMouseEvent:]+0x7cc
C  [AppKit+0x2375b4]  -[NSTrackingArea _dispatchMouseEntered:]+0x92
C  [AppKit+0x1aea23]  -[NSApplication(NSEvent) sendEvent:]+0x29b
C  [libosxapp.dylib+0x26d3]  -[NSApplicationAWT sendEvent:]+0x1c3
C  [AppKit+0x46789f]  -[NSApplication _handleEvent:]+0x41
C  [AppKit+0x2f5ce]  -[NSApplication run]+0x26f
C  [libosxapp.dylib+0x22c9]  +[NSApplicationAWT runAWTLoopWithApp:]+0xb9
C  [libawt_lwawt.dylib+0x68578]  +[AWTStarter starter:headless:]+0x208
C  [libosxapp.dylib+0x400f]  +[ThreadUtilities invokeBlockCopy:]+0xf
C  [Foundation+0x80af3]  __NSThreadPerformPerform+0xb3
C  [CoreFoundation+0x808fd]  __CFRUNLOOP_IS_CALLING_OUT_TO_A_SOURCE0_PERFORM_FUNCTION__+0x11
C  [CoreFoundation+0x80865]  __CFRunLoopDoSource0+0xb4
C  [CoreFoundation+0x805e4]  __CFRunLoopDoSources0+0xf2
C  [CoreFoundation+0x7f01b]  __CFRunLoopRun+0x37d
C  [CoreFoundation+0x7e5dd]  CFRunLoopRunSpecific+0x233
C  [libjli.dylib+0x6e82]  CreateExecutionEnvironment+0x192
C  [libjli.dylib+0x26a8]  JLI_Launch+0x5d8
C  [java+0xc0e]  main+0x19e
C  0x00000001104ea4fe

Java frames: (J=compiled Java code, j=interpreted, Vv=VM code)
j  sun.awt.SunToolkit.executeOnEventHandlerThread(Ljava/lang/Object;Ljava/lang/Runnable;)V+0 java.desktop@17.0.1
j  sun.lwawt.LWCursorManager.updateCursorLater(Lsun/lwawt/LWWindowPeer;)V+26 java.desktop@17.0.1
j  sun.lwawt.LWWindowPeer.notifyUpdateCursor()V+8 java.desktop@17.0.1
j  sun.lwawt.LWWindowPeer.notifyMouseEvent(IJIIIIIIIZ[B)V+645 java.desktop@17.0.1
j  sun.lwawt.macosx.CPlatformResponder.handleMouseEvent(IIIIIIII)V+132 java.desktop@17.0.1
j  sun.lwawt.macosx.CPlatformView.deliverMouseEvent(Lsun/lwawt/macosx/NSEvent;)V+97 java.desktop@17.0.1
v  ~StubRoutines::call_stub

siginfo: si_signo: 11 (SIGSEGV), si_code: 1 (SEGV_MAPERR), si_addr: 0x0000040107060540

Register to memory mapping:

RAX=0x00000401070604b0 is an unknown value
RBX=0x0000000800c56490 is a pointer to class: 
sun.awt.SunToolkit {0x0000000800c56490}
 - instance size:     5
 - klass size:        230
 - access:            public synchronized abstract 
 - state:             fully_initialized
 - name:              'sun/awt/SunToolkit'
 - super:             'java/awt/Toolkit'
 - sub:               'sun/lwawt/LWToolkit'   
 - arrays:            NULL
 - methods:           Array<T>(0x000000010f123058)
 - method ordering:   Array<T>(0x000000080091ada8)
 - default_methods:   Array<T>(0x000000010f1234e8)
 - default vtable indices:   Array<T>(0x000000010f1235d0)
 - local interfaces:  Array<T>(0x000000010f115a70)
 - trans. interfaces: Array<T>(0x000000010f115a70)
 - constants:         constant pool [1569]/operands[12] {0x000000010f11fb18} for 'sun/awt/SunToolkit' cache=0x000000010f124d58
 - class loader data:  loader data: 0x000060000070c280 of 'bootstrap'
 - source file:       'SunToolkit.java'
 - class annotations:       Array<T>(0x0000000000000000)
 - class type annotations:  Array<T>(0x0000000000000000)
 - field annotations:       Array<T>(0x0000000000000000)
 - field type annotations:  Array<T>(0x0000000000000000)
 - inner classes:     Array<T>(0x000000010f11f3a8)
 - nest members:     Array<T>(0x000000010f11f440)
 - permitted subclasses:     Array<T>(0x00000008005c03d0)
 - java mirror:       a 'java/lang/Class'{0x0000000787d85100} = 'sun/awt/SunToolkit'
 - vtable length      130  (start addr: 0x0000000800c56660)
 - itable length      41 (start addr: 0x0000000800c56a70)
 - ---- static fields (10 words):
 - public static final 'GRAB_EVENT_MASK' 'I' @160 
 - private static final 'POST_EVENT_QUEUE_KEY' 'Ljava/lang/String;' @112 
 - protected static 'numberOfButtons' 'I' @164 
 - public static final 'MAX_BUTTONS_SUPPORTED' 'I' @168 
 - private static final 'AWT_LOCK' 'Ljava/util/concurrent/locks/ReentrantLock;' @116 
 - private static final 'AWT_LOCK_COND' 'Ljava/util/concurrent/locks/Condition;' @120 
 - private static final 'appContextMap' 'Ljava/util/Map;' @124 
 - static final 'fileImgCache' 'Lsun/awt/SoftCache;' @128 
 - static final 'urlImgCache' 'Lsun/awt/SoftCache;' @132 
 - private static 'startupLocale' 'Ljava/util/Locale;' @136 
 - private static 'DEFAULT_MODAL_EXCLUSION_TYPE' 'Ljava/awt/Dialog$ModalExclusionType;' @140 
 - public static final 'DEFAULT_WAIT_TIME' 'I' @172 
 - private static final 'MAX_ITERS' 'I' @176 
 - private static final 'MIN_ITERS' 'I' @180 
 - private static final 'MINIMAL_DELAY' 'I' @184 
 - private static 'touchKeyboardAutoShowIsEnabled' 'Z' @188 
 - private static 'checkedSystemAAFontSettings' 'Z' @189 
 - private static 'useSystemAAFontSettings' 'Z' @190 
 - private static 'lastExtraCondition' 'Z' @191 
 - private static 'desktopFontHints' 'Ljava/awt/RenderingHints;' @144 
 - public static final 'DESKTOPFONTHINTS' 'Ljava/lang/String;' @148 
 - private static 'sunAwtDisableMixing' 'Ljava/lang/Boolean;' @152 
 - private static final 'DEACTIVATION_TIMES_MAP_KEY' 'Ljava/lang/Object;' @156 
 - ---- non-static fields (7 words):
 - protected final 'desktopProperties' 'Ljava/util/Map;' @12 
 - protected final 'desktopPropsSupport' 'Ljava/beans/PropertyChangeSupport;' @16 
 - private 'calls' '[I' @20 
 - private 'eventListener' 'Ljava/awt/event/AWTEventListener;' @24 
 - private 'listener2SelectiveListener' 'Ljava/util/WeakHashMap;' @28 
 - private 'modalityListeners' 'Lsun/awt/SunToolkit$ModalityListenerList;' @32 
 - private final 'waitLock' 'Ljava/lang/Object;' @36 
 - non-static oop maps: 12-36 
RCX=0x0000600000900a70 points into unknown readable memory: 0x00000007ffe008c8 | c8 08 e0 ff 07 00 00 00
RDX=0x0000000000000001 is an unknown value
RSP=0x00007ff7bae00980 is pointing into the stack for thread: 0x00007fd5e1819a00
RBP=0x00007ff7bae009b0 is pointing into the stack for thread: 0x00007fd5e1819a00
RSI=0x0000000800c61ff0 is a pointer to class: 

[error occurred during error reporting (printing register info), id 0xb, SIGSEGV (0xb) at pc=0x0000000106c0dc75]

Registers:
RAX=0x00000401070604b0, RBX=0x0000000800c56490, RCX=0x0000600000900a70, RDX=0x0000000000000001
RSP=0x00007ff7bae00980, RBP=0x00007ff7bae009b0, RSI=0x0000000800c61ff0, RDI=0x0000000800c61ff0
R8 =0x00007fd5e1819a00, R9 =0xffffffff00000000, R10=0x00000001070e7940, R11=0x0000000000000000
R12=0x0000000000000000, R13=0x0000000800c61ff0, R14=0x0000000000000000, R15=0x00006000023390c0
RIP=0x000000010685ad57, EFLAGS=0x0000000000010246, ERR=0x0000000000000004
  TRAPNO=0x000000000000000e

Top of Stack: (sp=0x00007ff7bae00980)
0x00007ff7bae00980:   0000000000000048 0000000800c56490
0x00007ff7bae00990:   0000000000000001 0000000800c61ff0
0x00007ff7bae009a0:   0000000000000000 0000000800c61ff0
0x00007ff7bae009b0:   00007ff7bae009f0 0000000106c82d5f
0x00007ff7bae009c0:   0000000000000048 0000000800c56490
0x00007ff7bae009d0:   00007ff7bae00ae0 0000000800c61ff0
0x00007ff7bae009e0:   00007fd5e1819a00 0000000800c61ff0
0x00007ff7bae009f0:   00007ff7bae00a70 0000000106a94ec7
0x00007ff7bae00a00:   0000000000000000 0000000000000000
0x00007ff7bae00a10:   00007fd5e3370c90 0000000000000000
0x00007ff7bae00a20:   0000000000000001 00007fd5e1819a00
0x00007ff7bae00a30:   00007ff7bae00a70 0000000106dc089f
0x00007ff7bae00a40:   00000001070c991f 0000000787da8040
0x00007ff7bae00a50:   00007ff7bae00ae0 0000000800c61ff0
0x00007ff7bae00a60:   00007fd5e1819a00 0000600002316d80
0x00007ff7bae00a70:   00007ff7bae00ad0 00000001066b86fb
0x00007ff7bae00a80:   00007fd5e3370c90 0000000000000023
0x00007ff7bae00a90:   0000000000000141 0000000000000000
0x00007ff7bae00aa0:   00000141bae00ae0 00007ff7bae00ae0
0x00007ff7bae00ab0:   00007fd5e1819a00 000000010f1196d0
0x00007ff7bae00ac0:   0000000000000141 000000010f11fb18
0x00007ff7bae00ad0:   00007ff7bae00b10 000000010687635a
0x00007ff7bae00ae0:   000000010f11fb18 00007fd5e1819a00
0x00007ff7bae00af0:   00000000000000bb 0000000000000000
0x00007ff7bae00b00:   00007ff7bae00b88 00007fd5e1819a00
0x00007ff7bae00b10:   00007ff7bae00b70 00000001105b7eb8
0x00007ff7bae00b20:   00000001105b7e73 00007ff7bae00b28
0x00007ff7bae00b30:   000000010f1196d0 00007ff7bae00b88
0x00007ff7bae00b40:   000000010f124d58 0000000000000000
0x00007ff7bae00b50:   0000000787d85100 000000010f119700
0x00007ff7bae00b60:   0000000000000000 00007ff7bae00b80
0x00007ff7bae00b70:   00007ff7bae00bd8 00000001105a642b 

Instructions: (pc=0x000000010685ad57)
0x000000010685ac57:   89 8d 48 ff ff ff 48 89 95 40 ff ff ff 48 89 b5
0x000000010685ac67:   38 ff ff ff 48 8b 05 76 e5 75 00 48 8b 00 48 89
0x000000010685ac77:   45 f8 48 8d 85 30 ff ff ff 48 89 45 f0 48 8d 45
0x000000010685ac87:   10 48 89 45 e8 48 b8 08 00 00 00 30 00 00 00 48
0x000000010685ac97:   89 45 e0 48 8d 3d 37 c3 82 00 48 8d 4d e0 be 01
0x000000010685aca7:   00 00 00 4c 89 d2 e8 9e fc 24 00 48 8b 05 2f e5
0x000000010685acb7:   75 00 48 8b 00 48 3b 45 f8 75 09 48 81 c4 d0 00
0x000000010685acc7:   00 00 5d c3 e8 3e 2b 69 00 55 48 89 e5 41 57 41
0x000000010685acd7:   56 41 55 41 54 53 50 49 89 f5 48 89 fb 48 8b 87
0x000000010685ace7:   98 00 00 00 48 8b 78 08 48 85 ff 74 0b ff 15 46
0x000000010685acf7:   c2 82 00 49 89 c6 eb 03 45 31 f6 48 8b 03 48 89
0x000000010685ad07:   df ff 90 90 00 00 00 49 89 c7 41 8b 45 08 3d ff
0x000000010685ad17:   ff ff bf 7f 0b 4d 8b ad e8 00 00 00 41 8b 45 08
0x000000010685ad27:   85 c0 7e 1b 49 8b 85 98 00 00 00 48 8b 78 08 48
0x000000010685ad37:   85 ff 74 12 ff 15 ff c1 82 00 49 89 c4 eb 0a 45
0x000000010685ad47:   31 e4 31 c0 eb 10 45 31 e4 49 8b 45 00 4c 89 ef
0x000000010685ad57:   ff 90 90 00 00 00 4d 31 e6 49 31 c7 4d 09 f7 0f
0x000000010685ad67:   94 c0 48 83 c4 08 5b 41 5c 41 5d 41 5e 41 5f 5d
0x000000010685ad77:   c3 0f 1f 84 00 00 00 00 00 55 48 89 e5 41 57 41
0x000000010685ad87:   56 41 55 41 54 53 48 81 ec f8 00 00 00 48 8b 05
0x000000010685ad97:   4d e4 75 00 48 8b 00 48 89 45 d0 48 8b 87 00 01
0x000000010685ada7:   00 00 48 85 c0 0f 85 27 06 00 00 49 89 f4 49 89
0x000000010685adb7:   fd 4c 8b be 30 02 00 00 41 0f 10 47 10 0f 29 85
0x000000010685adc7:   f0 fe ff ff 4d 8b 77 20 49 8b 47 28 48 89 85 08
0x000000010685add7:   ff ff ff 66 83 bf 30 01 00 00 00 0f 84 52 02 00
0x000000010685ade7:   00 49 8b 04 24 4c 89 e7 ff 90 a8 00 00 00 84 c0
0x000000010685adf7:   4c 89 bd 40 ff ff ff 4c 89 b5 30 ff ff ff 0f 84
0x000000010685ae07:   5e 02 00 00 48 83 3d 7d c1 82 00 00 74 3e 4c 89
0x000000010685ae17:   ef e8 f3 96 20 00 48 89 c3 49 8b bd e8 00 00 00
0x000000010685ae27:   41 0f b7 b5 30 01 00 00 e8 ec e3 e5 ff 48 89 c7
0x000000010685ae37:   e8 54 b0 55 00 48 89 c1 48 8d 3d 1a 52 6c 00 31
0x000000010685ae47:   c0 48 89 de 48 89 ca e8 fd f9 ff ff 4d 8b bd e8 


Stack slot to memory mapping:
stack at sp + 0 slots: 0x0000000000000048 is an unknown value
stack at sp + 1 slots: 0x0000000800c56490 is a pointer to class: 
sun.awt.SunToolkit {0x0000000800c56490}
 - instance size:     5
 - klass size:        230
 - access:            public synchronized abstract 
 - state:             fully_initialized
 - name:              'sun/awt/SunToolkit'
 - super:             'java/awt/Toolkit'
 - sub:               'sun/lwawt/LWToolkit'   
 - arrays:            NULL
 - methods:           Array<T>(0x000000010f123058)
 - method ordering:   Array<T>(0x000000080091ada8)
 - default_methods:   Array<T>(0x000000010f1234e8)
 - default vtable indices:   Array<T>(0x000000010f1235d0)
 - local interfaces:  Array<T>(0x000000010f115a70)
 - trans. interfaces: Array<T>(0x000000010f115a70)
 - constants:         constant pool [1569]/operands[12] {0x000000010f11fb18} for 'sun/awt/SunToolkit' cache=0x000000010f124d58
 - class loader data:  loader data: 0x000060000070c280 of 'bootstrap'
 - source file:       'SunToolkit.java'
 - class annotations:       Array<T>(0x0000000000000000)
 - class type annotations:  Array<T>(0x0000000000000000)
 - field annotations:       Array<T>(0x0000000000000000)
 - field type annotations:  Array<T>(0x0000000000000000)
 - inner classes:     Array<T>(0x000000010f11f3a8)
 - nest members:     Array<T>(0x000000010f11f440)
 - permitted subclasses:     Array<T>(0x00000008005c03d0)
 - java mirror:       a 'java/lang/Class'{0x0000000787d85100} = 'sun/awt/SunToolkit'
 - vtable length      130  (start addr: 0x0000000800c56660)
 - itable length      41 (start addr: 0x0000000800c56a70)
 - ---- static fields (10 words):
 - public static final 'GRAB_EVENT_MASK' 'I' @160 
 - private static final 'POST_EVENT_QUEUE_KEY' 'Ljava/lang/String;' @112 
 - protected static 'numberOfButtons' 'I' @164 
 - public static final 'MAX_BUTTONS_SUPPORTED' 'I' @168 
 - private static final 'AWT_LOCK' 'Ljava/util/concurrent/locks/ReentrantLock;' @116 
 - private static final 'AWT_LOCK_COND' 'Ljava/util/concurrent/locks/Condition;' @120 
 - private static final 'appContextMap' 'Ljava/util/Map;' @124 
 - static final 'fileImgCache' 'Lsun/awt/SoftCache;' @128 
 - static final 'urlImgCache' 'Lsun/awt/SoftCache;' @132 
 - private static 'startupLocale' 'Ljava/util/Locale;' @136 
 - private static 'DEFAULT_MODAL_EXCLUSION_TYPE' 'Ljava/awt/Dialog$ModalExclusionType;' @140 
 - public static final 'DEFAULT_WAIT_TIME' 'I' @172 
 - private static final 'MAX_ITERS' 'I' @176 
 - private static final 'MIN_ITERS' 'I' @180 
 - private static final 'MINIMAL_DELAY' 'I' @184 
 - private static 'touchKeyboardAutoShowIsEnabled' 'Z' @188 
 - private static 'checkedSystemAAFontSettings' 'Z' @189 
 - private static 'useSystemAAFontSettings' 'Z' @190 
 - private static 'lastExtraCondition' 'Z' @191 
 - private static 'desktopFontHints' 'Ljava/awt/RenderingHints;' @144 
 - public static final 'DESKTOPFONTHINTS' 'Ljava/lang/String;' @148 
 - private static 'sunAwtDisableMixing' 'Ljava/lang/Boolean;' @152 
 - private static final 'DEACTIVATION_TIMES_MAP_KEY' 'Ljava/lang/Object;' @156 
 - ---- non-static fields (7 words):
 - protected final 'desktopProperties' 'Ljava/util/Map;' @12 
 - protected final 'desktopPropsSupport' 'Ljava/beans/PropertyChangeSupport;' @16 
 - private 'calls' '[I' @20 
 - private 'eventListener' 'Ljava/awt/event/AWTEventListener;' @24 
 - private 'listener2SelectiveListener' 'Ljava/util/WeakHashMap;' @28 
 - private 'modalityListeners' 'Lsun/awt/SunToolkit$ModalityListenerList;' @32 
 - private final 'waitLock' 'Ljava/lang/Object;' @36 
 - non-static oop maps: 12-36 
stack at sp + 2 slots: 0x0000000000000001 is an unknown value
stack at sp + 3 slots: 0x0000000800c61ff0 is a pointer to class: 

[error occurred during error reporting (inspecting top of stack), id 0xb, SIGSEGV (0xb) at pc=0x0000000106c0dc75]


---------------  P R O C E S S  ---------------

Threads class SMR info:
_java_thread_list=0x0000600003662a80, length=18, elements={
0x00007fd5e3813600, 0x00007fd5e3813c00, 0x00007fd5e1816600, 0x00007fd5e3824600,
0x00007fd5e3824c00, 0x00007fd5e3825400, 0x00007fd5e489d200, 0x00007fd5e1818e00,
0x00007fd5e3822400, 0x00007fd5e206ca00, 0x00007fd5e1819a00, 0x00007fd5e20ea400,
0x00007fd5e395e200, 0x00007fd5e393d400, 0x00007fd5e2104e00, 0x00007fd5e4906000,
0x00007fd5e3a1fc00, 0x00007fd5e3a08600
}

Java Threads: ( => current thread )
  0x00007fd5e3813600 JavaThread "Reference Handler" daemon [_thread_blocked, id=16131, stack(0x0000700004452000,0x0000700004552000)]
  0x00007fd5e3813c00 JavaThread "Finalizer" daemon [_thread_blocked, id=17155, stack(0x0000700004555000,0x0000700004655000)]
  0x00007fd5e1816600 JavaThread "Signal Dispatcher" daemon [_thread_blocked, id=43011, stack(0x000070000475e000,0x000070000485e000)]
  0x00007fd5e3824600 JavaThread "Service Thread" daemon [_thread_blocked, id=42755, stack(0x0000700004861000,0x0000700004961000)]
  0x00007fd5e3824c00 JavaThread "Monitor Deflation Thread" daemon [_thread_blocked, id=23811, stack(0x0000700004964000,0x0000700004a64000)]
  0x00007fd5e3825400 JavaThread "C2 CompilerThread0" daemon [_thread_blocked, id=24067, stack(0x0000700004a67000,0x0000700004b67000)]
  0x00007fd5e489d200 JavaThread "C1 CompilerThread0" daemon [_thread_blocked, id=41987, stack(0x0000700004b6a000,0x0000700004c6a000)]
  0x00007fd5e1818e00 JavaThread "Sweeper thread" daemon [_thread_blocked, id=41475, stack(0x0000700004c6d000,0x0000700004d6d000)]
  0x00007fd5e3822400 JavaThread "Common-Cleaner" daemon [_thread_blocked, id=24579, stack(0x0000700004d70000,0x0000700004e70000)]
  0x00007fd5e206ca00 JavaThread "Notification Thread" daemon [_thread_blocked, id=40963, stack(0x0000700004e73000,0x0000700004f73000)]
=>0x00007fd5e1819a00 JavaThread "AppKit Thread" daemon [_thread_in_vm, id=259, stack(0x00007ff7ba604000,0x00007ff7bae04000)]
  0x00007fd5e20ea400 JavaThread "AWT-Shutdown" [_thread_blocked, id=34075, stack(0x0000700005079000,0x0000700005179000)]
  0x00007fd5e395e200 JavaThread "AWT-EventQueue-0" [_thread_blocked, id=74759, stack(0x000070000548e000,0x000070000558e000)]
  0x00007fd5e393d400 JavaThread "DestroyJavaVM" [_thread_blocked, id=9475, stack(0x0000700003d3d000,0x0000700003e3d000)]
  0x00007fd5e2104e00 JavaThread "Java2D Queue Flusher" daemon [_thread_blocked, id=52483, stack(0x0000700005591000,0x0000700005691000)]
  0x00007fd5e4906000 JavaThread "Java2D Disposer" daemon [_thread_blocked, id=71683, stack(0x0000700005694000,0x0000700005794000)]
  0x00007fd5e3a1fc00 JavaThread "TimerQueue" daemon [_thread_blocked, id=66623, stack(0x0000700005797000,0x0000700005897000)]
  0x00007fd5e3a08600 JavaThread "Image Fetcher 0" daemon [_thread_blocked, id=58119, stack(0x000070000589a000,0x000070000599a000)]

Other Threads:
  0x00007fd5e1706a80 VMThread "VM Thread" [stack: 0x000070000434f000,0x000070000444f000] [id=17923]
  0x00007fd5e3507770 WatcherThread [stack: 0x0000700004f76000,0x0000700005076000] [id=40707]
  0x00007fd5e32077e0 GCTaskThread "GC Thread#0" [stack: 0x0000700003e40000,0x0000700003f40000] [id=20227]
  0x00007fd5e3207e80 ConcurrentGCThread "G1 Main Marker" [stack: 0x0000700003f43000,0x0000700004043000] [id=19715]
  0x00007fd5e35041a0 ConcurrentGCThread "G1 Conc#0" [stack: 0x0000700004046000,0x0000700004146000] [id=19459]
  0x00007fd5e320a840 ConcurrentGCThread "G1 Refine#0" [stack: 0x0000700004149000,0x0000700004249000] [id=13571]
  0x00007fd5e3504a00 ConcurrentGCThread "G1 Service" [stack: 0x000070000424c000,0x000070000434c000] [id=14083]

Threads with active compile tasks:

VM state: not at safepoint (normal execution)

VM Mutex/Monitor currently owned by a thread: None

Heap address: 0x0000000780000000, size: 2048 MB, Compressed Oops mode: Zero based, Oop shift amount: 3

CDS archive(s) mapped at: [0x0000000800000000-0x0000000800bd0000-0x0000000800bd0000), size 12386304, SharedBaseAddress: 0x0000000800000000, ArchiveRelocationMode: 0.
Compressed class space mapped at: 0x0000000800c00000-0x0000000840c00000, reserved size: 1073741824
Narrow klass base: 0x0000000800000000, Narrow klass shift: 0, Narrow klass range: 0x100000000

GC Precious Log:
 CPUs: 8 total, 8 available
 Memory: 8192M
 Large Page Support: Disabled
 NUMA Support: Disabled
 Compressed Oops: Enabled (Zero based)
 Heap Region Size: 1M
 Heap Min Capacity: 8M
 Heap Initial Capacity: 128M
 Heap Max Capacity: 2G
 Pre-touch: Disabled
 Parallel Workers: 8
 Concurrent Workers: 2
 Concurrent Refinement Workers: 8
 Periodic GC: Disabled

Heap:
 garbage-first heap   total 133120K, used 10196K [0x0000000780000000, 0x0000000800000000)
  region size 1024K, 10 young (10240K), 0 survivors (0K)
 Metaspace       used 9067K, committed 9280K, reserved 1056768K
  class space    used 1102K, committed 1216K, reserved 1048576K

Heap Regions: E=young(eden), S=young(survivor), O=old, HS=humongous(starts), HC=humongous(continues), CS=collection set, F=free, OA=open archive, CA=closed archive, TAMS=top-at-mark-start (previous, next)
|   0|0x0000000780000000, 0x0000000780000000, 0x0000000780100000|  0%| F|  |TAMS 0x0000000780000000, 0x0000000780000000| Untracked 
|   1|0x0000000780100000, 0x0000000780100000, 0x0000000780200000|  0%| F|  |TAMS 0x0000000780100000, 0x0000000780100000| Untracked 
|   2|0x0000000780200000, 0x0000000780200000, 0x0000000780300000|  0%| F|  |TAMS 0x0000000780200000, 0x0000000780200000| Untracked 
|   3|0x0000000780300000, 0x0000000780300000, 0x0000000780400000|  0%| F|  |TAMS 0x0000000780300000, 0x0000000780300000| Untracked 
|   4|0x0000000780400000, 0x0000000780400000, 0x0000000780500000|  0%| F|  |TAMS 0x0000000780400000, 0x0000000780400000| Untracked 
|   5|0x0000000780500000, 0x0000000780500000, 0x0000000780600000|  0%| F|  |TAMS 0x0000000780500000, 0x0000000780500000| Untracked 
|   6|0x0000000780600000, 0x0000000780600000, 0x0000000780700000|  0%| F|  |TAMS 0x0000000780600000, 0x0000000780600000| Untracked 
|   7|0x0000000780700000, 0x0000000780700000, 0x0000000780800000|  0%| F|  |TAMS 0x0000000780700000, 0x0000000780700000| Untracked 
|   8|0x0000000780800000, 0x0000000780800000, 0x0000000780900000|  0%| F|  |TAMS 0x0000000780800000, 0x0000000780800000| Untracked 
|   9|0x0000000780900000, 0x0000000780900000, 0x0000000780a00000|  0%| F|  |TAMS 0x0000000780900000, 0x0000000780900000| Untracked 
|  10|0x0000000780a00000, 0x0000000780a00000, 0x0000000780b00000|  0%| F|  |TAMS 0x0000000780a00000, 0x0000000780a00000| Untracked 
|  11|0x0000000780b00000, 0x0000000780b00000, 0x0000000780c00000|  0%| F|  |TAMS 0x0000000780b00000, 0x0000000780b00000| Untracked 
|  12|0x0000000780c00000, 0x0000000780c00000, 0x0000000780d00000|  0%| F|  |TAMS 0x0000000780c00000, 0x0000000780c00000| Untracked 
|  13|0x0000000780d00000, 0x0000000780d00000, 0x0000000780e00000|  0%| F|  |TAMS 0x0000000780d00000, 0x0000000780d00000| Untracked 
|  14|0x0000000780e00000, 0x0000000780e00000, 0x0000000780f00000|  0%| F|  |TAMS 0x0000000780e00000, 0x0000000780e00000| Untracked 
|  15|0x0000000780f00000, 0x0000000780f00000, 0x0000000781000000|  0%| F|  |TAMS 0x0000000780f00000, 0x0000000780f00000| Untracked 
|  16|0x0000000781000000, 0x0000000781000000, 0x0000000781100000|  0%| F|  |TAMS 0x0000000781000000, 0x0000000781000000| Untracked 
|  17|0x0000000781100000, 0x0000000781100000, 0x0000000781200000|  0%| F|  |TAMS 0x0000000781100000, 0x0000000781100000| Untracked 
|  18|0x0000000781200000, 0x0000000781200000, 0x0000000781300000|  0%| F|  |TAMS 0x0000000781200000, 0x0000000781200000| Untracked 
|  19|0x0000000781300000, 0x0000000781300000, 0x0000000781400000|  0%| F|  |TAMS 0x0000000781300000, 0x0000000781300000| Untracked 
|  20|0x0000000781400000, 0x0000000781400000, 0x0000000781500000|  0%| F|  |TAMS 0x0000000781400000, 0x0000000781400000| Untracked 
|  21|0x0000000781500000, 0x0000000781500000, 0x0000000781600000|  0%| F|  |TAMS 0x0000000781500000, 0x0000000781500000| Untracked 
|  22|0x0000000781600000, 0x0000000781600000, 0x0000000781700000|  0%| F|  |TAMS 0x0000000781600000, 0x0000000781600000| Untracked 
|  23|0x0000000781700000, 0x0000000781700000, 0x0000000781800000|  0%| F|  |TAMS 0x0000000781700000, 0x0000000781700000| Untracked 
|  24|0x0000000781800000, 0x0000000781800000, 0x0000000781900000|  0%| F|  |TAMS 0x0000000781800000, 0x0000000781800000| Untracked 
|  25|0x0000000781900000, 0x0000000781900000, 0x0000000781a00000|  0%| F|  |TAMS 0x0000000781900000, 0x0000000781900000| Untracked 
|  26|0x0000000781a00000, 0x0000000781a00000, 0x0000000781b00000|  0%| F|  |TAMS 0x0000000781a00000, 0x0000000781a00000| Untracked 
|  27|0x0000000781b00000, 0x0000000781b00000, 0x0000000781c00000|  0%| F|  |TAMS 0x0000000781b00000, 0x0000000781b00000| Untracked 
|  28|0x0000000781c00000, 0x0000000781c00000, 0x0000000781d00000|  0%| F|  |TAMS 0x0000000781c00000, 0x0000000781c00000| Untracked 
|  29|0x0000000781d00000, 0x0000000781d00000, 0x0000000781e00000|  0%| F|  |TAMS 0x0000000781d00000, 0x0000000781d00000| Untracked 
|  30|0x0000000781e00000, 0x0000000781e00000, 0x0000000781f00000|  0%| F|  |TAMS 0x0000000781e00000, 0x0000000781e00000| Untracked 
|  31|0x0000000781f00000, 0x0000000781f00000, 0x0000000782000000|  0%| F|  |TAMS 0x0000000781f00000, 0x0000000781f00000| Untracked 
|  32|0x0000000782000000, 0x0000000782000000, 0x0000000782100000|  0%| F|  |TAMS 0x0000000782000000, 0x0000000782000000| Untracked 
|  33|0x0000000782100000, 0x0000000782100000, 0x0000000782200000|  0%| F|  |TAMS 0x0000000782100000, 0x0000000782100000| Untracked 
|  34|0x0000000782200000, 0x0000000782200000, 0x0000000782300000|  0%| F|  |TAMS 0x0000000782200000, 0x0000000782200000| Untracked 
|  35|0x0000000782300000, 0x0000000782300000, 0x0000000782400000|  0%| F|  |TAMS 0x0000000782300000, 0x0000000782300000| Untracked 
|  36|0x0000000782400000, 0x0000000782400000, 0x0000000782500000|  0%| F|  |TAMS 0x0000000782400000, 0x0000000782400000| Untracked 
|  37|0x0000000782500000, 0x0000000782500000, 0x0000000782600000|  0%| F|  |TAMS 0x0000000782500000, 0x0000000782500000| Untracked 
|  38|0x0000000782600000, 0x0000000782600000, 0x0000000782700000|  0%| F|  |TAMS 0x0000000782600000, 0x0000000782600000| Untracked 
|  39|0x0000000782700000, 0x0000000782700000, 0x0000000782800000|  0%| F|  |TAMS 0x0000000782700000, 0x0000000782700000| Untracked 
|  40|0x0000000782800000, 0x0000000782800000, 0x0000000782900000|  0%| F|  |TAMS 0x0000000782800000, 0x0000000782800000| Untracked 
|  41|0x0000000782900000, 0x0000000782900000, 0x0000000782a00000|  0%| F|  |TAMS 0x0000000782900000, 0x0000000782900000| Untracked 
|  42|0x0000000782a00000, 0x0000000782a00000, 0x0000000782b00000|  0%| F|  |TAMS 0x0000000782a00000, 0x0000000782a00000| Untracked 
|  43|0x0000000782b00000, 0x0000000782b00000, 0x0000000782c00000|  0%| F|  |TAMS 0x0000000782b00000, 0x0000000782b00000| Untracked 
|  44|0x0000000782c00000, 0x0000000782c00000, 0x0000000782d00000|  0%| F|  |TAMS 0x0000000782c00000, 0x0000000782c00000| Untracked 
|  45|0x0000000782d00000, 0x0000000782d00000, 0x0000000782e00000|  0%| F|  |TAMS 0x0000000782d00000, 0x0000000782d00000| Untracked 
|  46|0x0000000782e00000, 0x0000000782e00000, 0x0000000782f00000|  0%| F|  |TAMS 0x0000000782e00000, 0x0000000782e00000| Untracked 
|  47|0x0000000782f00000, 0x0000000782f00000, 0x0000000783000000|  0%| F|  |TAMS 0x0000000782f00000, 0x0000000782f00000| Untracked 
|  48|0x0000000783000000, 0x0000000783000000, 0x0000000783100000|  0%| F|  |TAMS 0x0000000783000000, 0x0000000783000000| Untracked 
|  49|0x0000000783100000, 0x0000000783100000, 0x0000000783200000|  0%| F|  |TAMS 0x0000000783100000, 0x0000000783100000| Untracked 
|  50|0x0000000783200000, 0x0000000783200000, 0x0000000783300000|  0%| F|  |TAMS 0x0000000783200000, 0x0000000783200000| Untracked 
|  51|0x0000000783300000, 0x0000000783300000, 0x0000000783400000|  0%| F|  |TAMS 0x0000000783300000, 0x0000000783300000| Untracked 
|  52|0x0000000783400000, 0x0000000783400000, 0x0000000783500000|  0%| F|  |TAMS 0x0000000783400000, 0x0000000783400000| Untracked 
|  53|0x0000000783500000, 0x0000000783500000, 0x0000000783600000|  0%| F|  |TAMS 0x0000000783500000, 0x0000000783500000| Untracked 
|  54|0x0000000783600000, 0x0000000783600000, 0x0000000783700000|  0%| F|  |TAMS 0x0000000783600000, 0x0000000783600000| Untracked 
|  55|0x0000000783700000, 0x0000000783700000, 0x0000000783800000|  0%| F|  |TAMS 0x0000000783700000, 0x0000000783700000| Untracked 
|  56|0x0000000783800000, 0x0000000783800000, 0x0000000783900000|  0%| F|  |TAMS 0x0000000783800000, 0x0000000783800000| Untracked 
|  57|0x0000000783900000, 0x0000000783900000, 0x0000000783a00000|  0%| F|  |TAMS 0x0000000783900000, 0x0000000783900000| Untracked 
|  58|0x0000000783a00000, 0x0000000783a00000, 0x0000000783b00000|  0%| F|  |TAMS 0x0000000783a00000, 0x0000000783a00000| Untracked 
|  59|0x0000000783b00000, 0x0000000783b00000, 0x0000000783c00000|  0%| F|  |TAMS 0x0000000783b00000, 0x0000000783b00000| Untracked 
|  60|0x0000000783c00000, 0x0000000783c00000, 0x0000000783d00000|  0%| F|  |TAMS 0x0000000783c00000, 0x0000000783c00000| Untracked 
|  61|0x0000000783d00000, 0x0000000783d00000, 0x0000000783e00000|  0%| F|  |TAMS 0x0000000783d00000, 0x0000000783d00000| Untracked 
|  62|0x0000000783e00000, 0x0000000783e00000, 0x0000000783f00000|  0%| F|  |TAMS 0x0000000783e00000, 0x0000000783e00000| Untracked 
|  63|0x0000000783f00000, 0x0000000783f00000, 0x0000000784000000|  0%| F|  |TAMS 0x0000000783f00000, 0x0000000783f00000| Untracked 
|  64|0x0000000784000000, 0x0000000784000000, 0x0000000784100000|  0%| F|  |TAMS 0x0000000784000000, 0x0000000784000000| Untracked 
|  65|0x0000000784100000, 0x0000000784100000, 0x0000000784200000|  0%| F|  |TAMS 0x0000000784100000, 0x0000000784100000| Untracked 
|  66|0x0000000784200000, 0x0000000784200000, 0x0000000784300000|  0%| F|  |TAMS 0x0000000784200000, 0x0000000784200000| Untracked 
|  67|0x0000000784300000, 0x0000000784300000, 0x0000000784400000|  0%| F|  |TAMS 0x0000000784300000, 0x0000000784300000| Untracked 
|  68|0x0000000784400000, 0x0000000784400000, 0x0000000784500000|  0%| F|  |TAMS 0x0000000784400000, 0x0000000784400000| Untracked 
|  69|0x0000000784500000, 0x0000000784500000, 0x0000000784600000|  0%| F|  |TAMS 0x0000000784500000, 0x0000000784500000| Untracked 
|  70|0x0000000784600000, 0x0000000784600000, 0x0000000784700000|  0%| F|  |TAMS 0x0000000784600000, 0x0000000784600000| Untracked 
|  71|0x0000000784700000, 0x0000000784700000, 0x0000000784800000|  0%| F|  |TAMS 0x0000000784700000, 0x0000000784700000| Untracked 
|  72|0x0000000784800000, 0x0000000784800000, 0x0000000784900000|  0%| F|  |TAMS 0x0000000784800000, 0x0000000784800000| Untracked 
|  73|0x0000000784900000, 0x0000000784900000, 0x0000000784a00000|  0%| F|  |TAMS 0x0000000784900000, 0x0000000784900000| Untracked 
|  74|0x0000000784a00000, 0x0000000784a00000, 0x0000000784b00000|  0%| F|  |TAMS 0x0000000784a00000, 0x0000000784a00000| Untracked 
|  75|0x0000000784b00000, 0x0000000784b00000, 0x0000000784c00000|  0%| F|  |TAMS 0x0000000784b00000, 0x0000000784b00000| Untracked 
|  76|0x0000000784c00000, 0x0000000784c00000, 0x0000000784d00000|  0%| F|  |TAMS 0x0000000784c00000, 0x0000000784c00000| Untracked 
|  77|0x0000000784d00000, 0x0000000784d00000, 0x0000000784e00000|  0%| F|  |TAMS 0x0000000784d00000, 0x0000000784d00000| Untracked 
|  78|0x0000000784e00000, 0x0000000784e00000, 0x0000000784f00000|  0%| F|  |TAMS 0x0000000784e00000, 0x0000000784e00000| Untracked 
|  79|0x0000000784f00000, 0x0000000784f00000, 0x0000000785000000|  0%| F|  |TAMS 0x0000000784f00000, 0x0000000784f00000| Untracked 
|  80|0x0000000785000000, 0x0000000785000000, 0x0000000785100000|  0%| F|  |TAMS 0x0000000785000000, 0x0000000785000000| Untracked 
|  81|0x0000000785100000, 0x0000000785100000, 0x0000000785200000|  0%| F|  |TAMS 0x0000000785100000, 0x0000000785100000| Untracked 
|  82|0x0000000785200000, 0x0000000785200000, 0x0000000785300000|  0%| F|  |TAMS 0x0000000785200000, 0x0000000785200000| Untracked 
|  83|0x0000000785300000, 0x0000000785300000, 0x0000000785400000|  0%| F|  |TAMS 0x0000000785300000, 0x0000000785300000| Untracked 
|  84|0x0000000785400000, 0x0000000785400000, 0x0000000785500000|  0%| F|  |TAMS 0x0000000785400000, 0x0000000785400000| Untracked 
|  85|0x0000000785500000, 0x0000000785500000, 0x0000000785600000|  0%| F|  |TAMS 0x0000000785500000, 0x0000000785500000| Untracked 
|  86|0x0000000785600000, 0x0000000785600000, 0x0000000785700000|  0%| F|  |TAMS 0x0000000785600000, 0x0000000785600000| Untracked 
|  87|0x0000000785700000, 0x0000000785700000, 0x0000000785800000|  0%| F|  |TAMS 0x0000000785700000, 0x0000000785700000| Untracked 
|  88|0x0000000785800000, 0x0000000785800000, 0x0000000785900000|  0%| F|  |TAMS 0x0000000785800000, 0x0000000785800000| Untracked 
|  89|0x0000000785900000, 0x0000000785900000, 0x0000000785a00000|  0%| F|  |TAMS 0x0000000785900000, 0x0000000785900000| Untracked 
|  90|0x0000000785a00000, 0x0000000785a00000, 0x0000000785b00000|  0%| F|  |TAMS 0x0000000785a00000, 0x0000000785a00000| Untracked 
|  91|0x0000000785b00000, 0x0000000785b00000, 0x0000000785c00000|  0%| F|  |TAMS 0x0000000785b00000, 0x0000000785b00000| Untracked 
|  92|0x0000000785c00000, 0x0000000785c00000, 0x0000000785d00000|  0%| F|  |TAMS 0x0000000785c00000, 0x0000000785c00000| Untracked 
|  93|0x0000000785d00000, 0x0000000785d00000, 0x0000000785e00000|  0%| F|  |TAMS 0x0000000785d00000, 0x0000000785d00000| Untracked 
|  94|0x0000000785e00000, 0x0000000785e00000, 0x0000000785f00000|  0%| F|  |TAMS 0x0000000785e00000, 0x0000000785e00000| Untracked 
|  95|0x0000000785f00000, 0x0000000785f00000, 0x0000000786000000|  0%| F|  |TAMS 0x0000000785f00000, 0x0000000785f00000| Untracked 
|  96|0x0000000786000000, 0x0000000786000000, 0x0000000786100000|  0%| F|  |TAMS 0x0000000786000000, 0x0000000786000000| Untracked 
|  97|0x0000000786100000, 0x0000000786100000, 0x0000000786200000|  0%| F|  |TAMS 0x0000000786100000, 0x0000000786100000| Untracked 
|  98|0x0000000786200000, 0x0000000786200000, 0x0000000786300000|  0%| F|  |TAMS 0x0000000786200000, 0x0000000786200000| Untracked 
|  99|0x0000000786300000, 0x0000000786300000, 0x0000000786400000|  0%| F|  |TAMS 0x0000000786300000, 0x0000000786300000| Untracked 
| 100|0x0000000786400000, 0x0000000786400000, 0x0000000786500000|  0%| F|  |TAMS 0x0000000786400000, 0x0000000786400000| Untracked 
| 101|0x0000000786500000, 0x0000000786500000, 0x0000000786600000|  0%| F|  |TAMS 0x0000000786500000, 0x0000000786500000| Untracked 
| 102|0x0000000786600000, 0x0000000786600000, 0x0000000786700000|  0%| F|  |TAMS 0x0000000786600000, 0x0000000786600000| Untracked 
| 103|0x0000000786700000, 0x0000000786700000, 0x0000000786800000|  0%| F|  |TAMS 0x0000000786700000, 0x0000000786700000| Untracked 
| 104|0x0000000786800000, 0x0000000786800000, 0x0000000786900000|  0%| F|  |TAMS 0x0000000786800000, 0x0000000786800000| Untracked 
| 105|0x0000000786900000, 0x0000000786900000, 0x0000000786a00000|  0%| F|  |TAMS 0x0000000786900000, 0x0000000786900000| Untracked 
| 106|0x0000000786a00000, 0x0000000786a00000, 0x0000000786b00000|  0%| F|  |TAMS 0x0000000786a00000, 0x0000000786a00000| Untracked 
| 107|0x0000000786b00000, 0x0000000786b00000, 0x0000000786c00000|  0%| F|  |TAMS 0x0000000786b00000, 0x0000000786b00000| Untracked 
| 108|0x0000000786c00000, 0x0000000786c00000, 0x0000000786d00000|  0%| F|  |TAMS 0x0000000786c00000, 0x0000000786c00000| Untracked 
| 109|0x0000000786d00000, 0x0000000786d00000, 0x0000000786e00000|  0%| F|  |TAMS 0x0000000786d00000, 0x0000000786d00000| Untracked 
| 110|0x0000000786e00000, 0x0000000786e00000, 0x0000000786f00000|  0%| F|  |TAMS 0x0000000786e00000, 0x0000000786e00000| Untracked 
| 111|0x0000000786f00000, 0x0000000786f00000, 0x0000000787000000|  0%| F|  |TAMS 0x0000000786f00000, 0x0000000786f00000| Untracked 
| 112|0x0000000787000000, 0x0000000787000000, 0x0000000787100000|  0%| F|  |TAMS 0x0000000787000000, 0x0000000787000000| Untracked 
| 113|0x0000000787100000, 0x0000000787100000, 0x0000000787200000|  0%| F|  |TAMS 0x0000000787100000, 0x0000000787100000| Untracked 
| 114|0x0000000787200000, 0x0000000787200000, 0x0000000787300000|  0%| F|  |TAMS 0x0000000787200000, 0x0000000787200000| Untracked 
| 115|0x0000000787300000, 0x0000000787300000, 0x0000000787400000|  0%| F|  |TAMS 0x0000000787300000, 0x0000000787300000| Untracked 
| 116|0x0000000787400000, 0x0000000787400000, 0x0000000787500000|  0%| F|  |TAMS 0x0000000787400000, 0x0000000787400000| Untracked 
| 117|0x0000000787500000, 0x0000000787500000, 0x0000000787600000|  0%| F|  |TAMS 0x0000000787500000, 0x0000000787500000| Untracked 
| 118|0x0000000787600000, 0x00000007876bed40, 0x0000000787700000| 74%| E|  |TAMS 0x0000000787600000, 0x0000000787600000| Complete 
| 119|0x0000000787700000, 0x0000000787800000, 0x0000000787800000|100%| E|CS|TAMS 0x0000000787700000, 0x0000000787700000| Complete 
| 120|0x0000000787800000, 0x0000000787900000, 0x0000000787900000|100%| E|CS|TAMS 0x0000000787800000, 0x0000000787800000| Complete 
| 121|0x0000000787900000, 0x0000000787a00000, 0x0000000787a00000|100%| E|CS|TAMS 0x0000000787900000, 0x0000000787900000| Complete 
| 122|0x0000000787a00000, 0x0000000787b00000, 0x0000000787b00000|100%| E|CS|TAMS 0x0000000787a00000, 0x0000000787a00000| Complete 
| 123|0x0000000787b00000, 0x0000000787c00000, 0x0000000787c00000|100%| E|CS|TAMS 0x0000000787b00000, 0x0000000787b00000| Complete 
| 124|0x0000000787c00000, 0x0000000787d00000, 0x0000000787d00000|100%| E|CS|TAMS 0x0000000787c00000, 0x0000000787c00000| Complete 
| 125|0x0000000787d00000, 0x0000000787e00000, 0x0000000787e00000|100%| E|CS|TAMS 0x0000000787d00000, 0x0000000787d00000| Complete 
| 126|0x0000000787e00000, 0x0000000787f00000, 0x0000000787f00000|100%| E|CS|TAMS 0x0000000787e00000, 0x0000000787e00000| Complete 
| 127|0x0000000787f00000, 0x0000000788000000, 0x0000000788000000|100%| E|CS|TAMS 0x0000000787f00000, 0x0000000787f00000| Complete 
|2046|0x00000007ffe00000, 0x00000007ffe76000, 0x00000007fff00000| 46%|OA|  |TAMS 0x00000007ffe00000, 0x00000007ffe00000| Untracked 
|2047|0x00000007fff00000, 0x00000007fff7f000, 0x0000000800000000| 49%|CA|  |TAMS 0x00000007fff00000, 0x00000007fff00000| Untracked 

Card table byte_map: [0x00000001058c2000,0x0000000105cc2000] _byte_map_base: 0x0000000101cc2000

Marking Bits (Prev, Next): (CMBitMap*) 0x00007fd5e482a810, (CMBitMap*) 0x00007fd5e482a850
 Prev Bits: [0x000000011f59d000, 0x000000012159d000)
 Next Bits: [0x000000012159d000, 0x000000012359d000)

Polling page: 0x0000000105216000

Metaspace:

Usage:
  Non-class:      7.78 MB used.
      Class:      1.08 MB used.
       Both:      8.85 MB used.

Virtual space:
  Non-class space:        8.00 MB reserved,       7.88 MB ( 98%) committed,  1 nodes.
      Class space:        1.00 GB reserved,       1.19 MB ( <1%) committed,  1 nodes.
             Both:        1.01 GB reserved,       9.06 MB ( <1%) committed. 

Chunk freelists:
   Non-Class:  68.00 KB
       Class:  2.73 MB
        Both:  2.80 MB

MaxMetaspaceSize: unlimited
CompressedClassSpaceSize: 1.00 GB
Initial GC threshold: 21.00 MB
Current GC threshold: 21.00 MB
CDS: on
MetaspaceReclaimPolicy: balanced
 - commit_granule_bytes: 65536.
 - commit_granule_words: 8192.
 - virtual_space_node_default_size: 1048576.
 - enlarge_chunks_in_place: 1.
 - new_chunks_are_fully_committed: 0.
 - uncommit_free_chunks: 1.
 - use_allocation_guard: 0.
 - handle_deallocations: 1.


Internal statistics:

num_allocs_failed_limit: 0.
num_arena_births: 152.
num_arena_deaths: 0.
num_vsnodes_births: 2.
num_vsnodes_deaths: 0.
num_space_committed: 145.
num_space_uncommitted: 0.
num_chunks_returned_to_freelist: 0.
num_chunks_taken_from_freelist: 191.
num_chunk_merges: 0.
num_chunk_splits: 120.
num_chunks_enlarged: 69.
num_purges: 0.
num_inconsistent_stats: 0.

CodeHeap 'non-profiled nmethods': size=120028Kb used=285Kb max_used=285Kb free=119742Kb
 bounds [0x0000000118066000, 0x00000001182d6000, 0x000000011f59d000]
CodeHeap 'profiled nmethods': size=120028Kb used=1500Kb max_used=1500Kb free=118527Kb
 bounds [0x0000000110b2f000, 0x0000000110d9f000, 0x0000000118066000]
CodeHeap 'non-nmethods': size=5704Kb used=1308Kb max_used=1320Kb free=4395Kb
 bounds [0x000000011059d000, 0x000000011080d000, 0x0000000110b2f000]
 total_blobs=1594 nmethods=946 adapters=562
 compilation: enabled
              stopped_count=0, restarted_count=0
 full_count=0

Compilation events (20 events):
Event: 1.269 Thread 0x00007fd5e489d200  936   !   3       java.nio.DirectIntBufferU::get (34 bytes)
Event: 1.269 Thread 0x00007fd5e489d200 nmethod 936 0x0000000110ca3310 code [0x0000000110ca3540, 0x0000000110ca3d70]
Event: 1.269 Thread 0x00007fd5e489d200  937       3       java.nio.DirectIntBufferU::ix (10 bytes)
Event: 1.269 Thread 0x00007fd5e489d200 nmethod 937 0x0000000110ca4210 code [0x0000000110ca43a0, 0x0000000110ca44b0]
Event: 1.272 Thread 0x00007fd5e489d200  938       3       javax.swing.JComponent::getFlag (20 bytes)
Event: 1.273 Thread 0x00007fd5e489d200 nmethod 938 0x0000000110ca4510 code [0x0000000110ca46a0, 0x0000000110ca4810]
Event: 1.273 Thread 0x00007fd5e489d200  939       1       sun.lwawt.LWComponentPeer::getStateLock (5 bytes)
Event: 1.273 Thread 0x00007fd5e489d200 nmethod 939 0x00000001180acd90 code [0x00000001180acf20, 0x00000001180acff0]
Event: 1.273 Thread 0x00007fd5e489d200  940       1       sun.font.FontDesignMetrics$MetricsKey::hashCode (5 bytes)
Event: 1.273 Thread 0x00007fd5e489d200 nmethod 940 0x00000001180ad090 code [0x00000001180ad220, 0x00000001180ad2f0]
Event: 1.274 Thread 0x00007fd5e489d200  942       3       sun.java2d.pipe.RenderBuffer::putInt (26 bytes)
Event: 1.274 Thread 0x00007fd5e489d200 nmethod 942 0x0000000110ca4890 code [0x0000000110ca4a40, 0x0000000110ca4bd0]
Event: 1.274 Thread 0x00007fd5e489d200  943       3       jdk.internal.misc.Unsafe::putInt (8 bytes)
Event: 1.274 Thread 0x00007fd5e489d200 nmethod 943 0x0000000110ca4c90 code [0x0000000110ca4e20, 0x0000000110ca4f30]
Event: 1.274 Thread 0x00007fd5e489d200  944       3       java.util.concurrent.locks.ReentrantLock$Sync::tryRelease (51 bytes)
Event: 1.274 Thread 0x00007fd5e489d200 nmethod 944 0x0000000110ca5010 code [0x0000000110ca51e0, 0x0000000110ca5580]
Event: 1.274 Thread 0x00007fd5e489d200  945       3       java.util.concurrent.locks.ReentrantLock::unlock (10 bytes)
Event: 1.274 Thread 0x00007fd5e489d200 nmethod 945 0x0000000110ca5690 code [0x0000000110ca5860, 0x0000000110ca5b30]
Event: 1.274 Thread 0x00007fd5e489d200  946       3       java.util.concurrent.locks.ReentrantLock$NonfairSync::initialTryLock (58 bytes)
Event: 1.275 Thread 0x00007fd5e489d200 nmethod 946 0x0000000110ca5c10 code [0x0000000110ca5e00, 0x0000000110ca6210]

GC Heap History (0 events):
No events

Deoptimization events (12 events):
Event: 0.317 Thread 0x00007fd5e4808200 Uncommon trap: trap_request=0xffffff45 fr.pc=0x0000000118073cf8 relative=0x0000000000000878
Event: 0.317 Thread 0x00007fd5e4808200 Uncommon trap: reason=unstable_if action=reinterpret pc=0x0000000118073cf8 method=java.util.HashMap.putVal(ILjava/lang/Object;Ljava/lang/Object;ZZ)Ljava/lang/Object; @ 236 c2
Event: 0.317 Thread 0x00007fd5e4808200 DEOPT PACKING pc=0x0000000118073cf8 sp=0x0000700003e3c720
Event: 0.317 Thread 0x00007fd5e4808200 DEOPT UNPACKING pc=0x00000001105ef099 sp=0x0000700003e3c6c8 mode 2
Event: 1.082 Thread 0x00007fd5e395e200 Uncommon trap: trap_request=0xffffff45 fr.pc=0x000000011809a11c relative=0x00000000000004dc
Event: 1.082 Thread 0x00007fd5e395e200 Uncommon trap: reason=unstable_if action=reinterpret pc=0x000000011809a11c method=java.lang.StringLatin1.toLowerCase(Ljava/lang/String;[BLjava/util/Locale;)Ljava/lang/String; @ 43 c2
Event: 1.082 Thread 0x00007fd5e395e200 DEOPT PACKING pc=0x000000011809a11c sp=0x000070000558ba20
Event: 1.082 Thread 0x00007fd5e395e200 DEOPT UNPACKING pc=0x00000001105ef099 sp=0x000070000558b9b0 mode 2
Event: 1.106 Thread 0x00007fd5e3a08600 Uncommon trap: trap_request=0xffffff45 fr.pc=0x0000000118092da4 relative=0x0000000000000264
Event: 1.106 Thread 0x00007fd5e3a08600 Uncommon trap: reason=unstable_if action=reinterpret pc=0x0000000118092da4 method=java.util.StringTokenizer.scanToken(I)I @ 42 c2
Event: 1.106 Thread 0x00007fd5e3a08600 DEOPT PACKING pc=0x0000000118092da4 sp=0x0000700005998b40
Event: 1.106 Thread 0x00007fd5e3a08600 DEOPT UNPACKING pc=0x00000001105ef099 sp=0x0000700005998af0 mode 2

Classes unloaded (0 events):
No events

Classes redefined (0 events):
No events

Internal exceptions (20 events):
Event: 0.152 Thread 0x00007fd5e4808200 Exception <a 'java/lang/ClassNotFoundException'{0x0000000787d85f38}: sun/awt/resources/spi/awtosxProvider> (0x0000000787d85f38) 
thrown [src/hotspot/share/classfile/systemDictionary.cpp, line 256]
Event: 0.381 Thread 0x00007fd5e395e200 Exception <a 'java/lang/NoSuchMethodError'{0x0000000787c99408}: 'void java.lang.invoke.DirectMethodHandle$Holder.invokeStatic(java.lang.Object, java.lang.Object)'> (0x0000000787c99408) 
thrown [src/hotspot/share/interpreter/linkResolver.cpp, line 766]
Event: 0.404 Thread 0x00007fd5e395e200 Exception <a 'java/lang/NoSuchMethodError'{0x0000000787cc0a30}: 'void java.lang.invoke.DirectMethodHandle$Holder.invokeSpecial(java.lang.Object, java.lang.Object, java.lang.Object)'> (0x0000000787cc0a30) 
thrown [src/hotspot/share/interpreter/linkResolver.cpp, line 766]
Event: 0.414 Thread 0x00007fd5e395e200 Exception <a 'java/lang/NoSuchMethodError'{0x0000000787cd7818}: 'void java.lang.invoke.DirectMethodHandle$Holder.invokeStaticInit(java.lang.Object)'> (0x0000000787cd7818) 
thrown [src/hotspot/share/interpreter/linkResolver.cpp, line 766]
Event: 0.424 Thread 0x00007fd5e395e200 Exception <a 'java/lang/NoSuchMethodError'{0x0000000787b84aa8}: 'java.lang.Object java.lang.invoke.DirectMethodHandle$Holder.newInvokeSpecial(java.lang.Object, java.lang.Object, java.lang.Object, java.lang.Object, java.lang.Object)'> (0x0000000787b84aa8) 
thrown [src/hotspot/share/interpreter/linkResolver.cpp, line 766]
Event: 0.425 Thread 0x00007fd5e395e200 Exception <a 'java/lang/NoSuchMethodError'{0x0000000787b90470}: 'java.lang.Object java.lang.invoke.DirectMethodHandle$Holder.invokeStatic(java.lang.Object, int, java.lang.Object, java.lang.Object, java.lang.Object, java.lang.Object)'> (0x0000000787b90470) 
thrown [src/hotspot/share/interpreter/linkResolver.cpp, line 766]
Event: 0.429 Thread 0x00007fd5e395e200 Exception <a 'java/lang/NoSuchMethodError'{0x0000000787bb5b60}: 'java.lang.Object java.lang.invoke.DirectMethodHandle$Holder.invokeStatic(java.lang.Object, int, java.lang.Object)'> (0x0000000787bb5b60) 
thrown [src/hotspot/share/interpreter/linkResolver.cpp, line 766]
Event: 0.433 Thread 0x00007fd5e395e200 Exception <a 'java/lang/ClassNotFoundException'{0x0000000787be6af8}: com/apple/laf/resources/spi/aquaProvider> (0x0000000787be6af8) 
thrown [src/hotspot/share/classfile/systemDictionary.cpp, line 256]
Event: 0.454 Thread 0x00007fd5e395e200 Exception <a 'java/lang/ClassNotFoundException'{0x0000000787a56328}: com/sun/swing/internal/plaf/basic/resources/spi/basicProvider> (0x0000000787a56328) 
thrown [src/hotspot/share/classfile/systemDictionary.cpp, line 256]
Event: 1.102 Thread 0x00007fd5e395e200 Exception <a 'java/io/FileNotFoundException'{0x0000000787891088}> (0x0000000787891088) 
thrown [src/hotspot/share/prims/jni.cpp, line 516]
Event: 1.121 Thread 0x00007fd5e3a08600 Exception <a 'java/lang/NoSuchMethodError'{0x00000007877d9a80}: 'java.lang.Object java.lang.invoke.DirectMethodHandle$Holder.newInvokeSpecial(java.lang.Object, java.lang.Object, java.lang.Object, int, int, int, int, int)'> (0x00000007877d9a80) 
thrown [src/hotspot/share/interpreter/linkResolver.cpp, line 766]
Event: 1.140 Thread 0x00007fd5e395e200 Exception <a 'java/lang/NoSuchMethodError'{0x00000007878b2798}: 'java.lang.Object java.lang.invoke.DirectMethodHandle$Holder.newInvokeSpecial(java.lang.Object, java.lang.Object, java.lang.Object, int, java.lang.Object)'> (0x00000007878b2798) 
thrown [src/hotspot/share/interpreter/linkResolver.cpp, line 766]
Event: 1.140 Thread 0x00007fd5e395e200 Exception <a 'java/lang/NoSuchMethodError'{0x00000007878ba358}: 'java.lang.Object java.lang.invoke.Invokers$Holder.linkToTargetMethod(java.lang.Object, java.lang.Object, int, java.lang.Object, java.lang.Object)'> (0x00000007878ba358) 
thrown [src/hotspot/share/interpreter/linkResolver.cpp, line 766]
Event: 1.160 Thread 0x00007fd5e395e200 Exception <a 'java/lang/NoSuchMethodError'{0x00000007878cbaa0}: 'java.lang.Object java.lang.invoke.Invokers$Holder.linkToTargetMethod(int, int, int, int, java.lang.Object)'> (0x00000007878cbaa0) 
thrown [src/hotspot/share/interpreter/linkResolver.cpp, line 766]
Event: 1.161 Thread 0x00007fd5e395e200 Exception <a 'java/lang/NoSuchMethodError'{0x00000007878cf738}: 'void java.lang.invoke.DirectMethodHandle$Holder.invokeStatic(java.lang.Object, java.lang.Object, long)'> (0x00000007878cf738) 
thrown [src/hotspot/share/interpreter/linkResolver.cpp, line 766]
Event: 1.167 Thread 0x00007fd5e1819a00 Exception <a 'java/lang/NoSuchMethodError'{0x0000000787b3ef88}: 'void java.lang.invoke.DirectMethodHandle$Holder.invokeSpecial(java.lang.Object, java.lang.Object, long)'> (0x0000000787b3ef88) 
thrown [src/hotspot/share/interpreter/linkResolver.cpp, line 766]
Event: 1.203 Thread 0x00007fd5e395e200 Exception <a 'java/lang/NoSuchMethodError'{0x0000000787602438}: 'void java.lang.invoke.DirectMethodHandle$Holder.invokeStatic(java.lang.Object, long, long)'> (0x0000000787602438) 
thrown [src/hotspot/share/interpreter/linkResolver.cpp, line 766]
Event: 1.204 Thread 0x00007fd5e395e200 Exception <a 'java/lang/NoSuchMethodError'{0x0000000787607d08}: 'java.lang.Object java.lang.invoke.DirectMethodHandle$Holder.newInvokeSpecial(java.lang.Object, long)'> (0x0000000787607d08) 
thrown [src/hotspot/share/interpreter/linkResolver.cpp, line 766]
Event: 1.205 Thread 0x00007fd5e395e200 Exception <a 'java/lang/NoSuchMethodError'{0x0000000787611fc0}: 'java.lang.Object java.lang.invoke.DirectMethodHandle$Holder.newInvokeSpecial(java.lang.Object, java.lang.Object, int)'> (0x0000000787611fc0) 
thrown [src/hotspot/share/interpreter/linkResolver.cpp, line 766]
Event: 1.213 Thread 0x00007fd5e1819a00 Exception <a 'java/lang/NoSuchMethodError'{0x0000000787b4c5b0}: 'void java.lang.invoke.DirectMethodHandle$Holder.invokeStatic(java.lang.Object, long)'> (0x0000000787b4c5b0) 
thrown [src/hotspot/share/interpreter/linkResolver.cpp, line 766]

VM Operations (6 events):
Event: 0.090 Executing VM operation: HandshakeAllThreads
Event: 0.090 Executing VM operation: HandshakeAllThreads done
Event: 0.329 Executing VM operation: HandshakeAllThreads
Event: 0.329 Executing VM operation: HandshakeAllThreads done
Event: 1.333 Executing VM operation: Cleanup
Event: 1.334 Executing VM operation: Cleanup done

Events (20 events):
Event: 1.269 loading class sun/awt/im/InputMethodAdapter done
Event: 1.269 loading class sun/lwawt/macosx/CInputMethod done
Event: 1.271 loading class sun/awt/im/InputMethodWindow
Event: 1.271 loading class sun/awt/im/InputMethodWindow done
Event: 1.272 loading class sun/awt/im/CompositionAreaHandler
Event: 1.272 loading class sun/awt/im/CompositionAreaHandler done
Event: 1.272 loading class java/text/AttributedString
Event: 1.272 loading class java/text/AttributedString done
Event: 1.272 loading class java/text/AttributedString$AttributedStringIterator
Event: 1.272 loading class java/text/AttributedCharacterIterator
Event: 1.272 loading class java/text/AttributedCharacterIterator done
Event: 1.272 loading class java/text/AttributedString$AttributedStringIterator done
Event: 1.667 loading class sun/lwawt/macosx/NSEvent
Event: 1.667 loading class sun/lwawt/macosx/NSEvent done
Event: 1.668 loading class java/awt/event/MouseEvent$1
Event: 1.668 loading class sun/awt/AWTAccessor$MouseEventAccessor
Event: 1.668 loading class sun/awt/AWTAccessor$MouseEventAccessor done
Event: 1.668 loading class java/awt/event/MouseEvent$1 done
Event: 1.668 loading class sun/lwawt/LWCursorManager$1
Event: 1.668 loading class sun/lwawt/LWCursorManager$1 done


Dynamic libraries:
0x0000000105219000 	/Library/Java/JavaVirtualMachines/temurin-17.jdk/Contents/Home/lib/libjli.dylib
0x00007ff811694000 	/usr/lib/libz.1.dylib
0x00007ff811774000 	/usr/lib/libSystem.B.dylib
0x00007ff81176f000 	/usr/lib/system/libcache.dylib
0x00007ff81172b000 	/usr/lib/system/libcommonCrypto.dylib
0x00007ff811754000 	/usr/lib/system/libcompiler_rt.dylib
0x00007ff81174a000 	/usr/lib/system/libcopyfile.dylib
0x00007ff806790000 	/usr/lib/system/libcorecrypto.dylib
0x00007ff80684f000 	/usr/lib/system/libdispatch.dylib
0x00007ff806a0e000 	/usr/lib/system/libdyld.dylib
0x00007ff811766000 	/usr/lib/system/libkeymgr.dylib
0x00007ff811709000 	/usr/lib/system/libmacho.dylib
0x00007ff810d99000 	/usr/lib/system/libquarantine.dylib
0x00007ff811764000 	/usr/lib/system/libremovefile.dylib
0x00007ff80b972000 	/usr/lib/system/libsystem_asl.dylib
0x00007ff80673e000 	/usr/lib/system/libsystem_blocks.dylib
0x00007ff8068d3000 	/usr/lib/system/libsystem_c.dylib
0x00007ff81175c000 	/usr/lib/system/libsystem_collections.dylib
0x00007ff810041000 	/usr/lib/system/libsystem_configuration.dylib
0x00007ff80f302000 	/usr/lib/system/libsystem_containermanager.dylib
0x00007ff811446000 	/usr/lib/system/libsystem_coreservices.dylib
0x00007ff809038000 	/usr/lib/system/libsystem_darwin.dylib
0x00007ff811767000 	/usr/lib/system/libsystem_dnssd.dylib
0x00007ff8068d0000 	/usr/lib/system/libsystem_featureflags.dylib
0x00007ff806a24000 	/usr/lib/system/libsystem_info.dylib
0x00007ff8116a7000 	/usr/lib/system/libsystem_m.dylib
0x00007ff806823000 	/usr/lib/system/libsystem_malloc.dylib
0x00007ff80b90f000 	/usr/lib/system/libsystem_networkextension.dylib
0x00007ff809460000 	/usr/lib/system/libsystem_notify.dylib
0x00007ff8178e3000 	/usr/lib/system/libsystem_product_info_filter.dylib
0x00007ff810045000 	/usr/lib/system/libsystem_sandbox.dylib
0x00007ff811761000 	/usr/lib/system/libsystem_secinit.dylib
0x00007ff8069cb000 	/usr/lib/system/libsystem_kernel.dylib
0x00007ff806a1a000 	/usr/lib/system/libsystem_platform.dylib
0x00007ff806a02000 	/usr/lib/system/libsystem_pthread.dylib
0x00007ff80d1c7000 	/usr/lib/system/libsystem_symptoms.dylib
0x00007ff806777000 	/usr/lib/system/libsystem_trace.dylib
0x00007ff811737000 	/usr/lib/system/libunwind.dylib
0x00007ff806740000 	/usr/lib/system/libxpc.dylib
0x00007ff8069b5000 	/usr/lib/libc++abi.dylib
0x00007ff806896000 	/usr/lib/libobjc.A.dylib
0x00007ff811742000 	/usr/lib/liboah.dylib
0x00007ff80695c000 	/usr/lib/libc++.1.dylib
0x00007ff81d639000 	/System/Library/Frameworks/Cocoa.framework/Versions/A/Cocoa
0x00007ff8094be000 	/System/Library/Frameworks/AppKit.framework/Versions/C/AppKit
0x00007ff80c9b4000 	/System/Library/Frameworks/CoreData.framework/Versions/A/CoreData
0x00007ff8078d5000 	/System/Library/Frameworks/Foundation.framework/Versions/C/Foundation
0x00007ff80a34d000 	/System/Library/PrivateFrameworks/UIFoundation.framework/Versions/A/UIFoundation
0x00007ff8175ea000 	/System/Library/PrivateFrameworks/RemoteViewServices.framework/Versions/A/RemoteViewServices
0x00007ff80f9da000 	/System/Library/PrivateFrameworks/XCTTargetBootstrap.framework/Versions/A/XCTTargetBootstrap
0x00007ff813584000 	/System/Library/PrivateFrameworks/InternationalSupport.framework/Versions/A/InternationalSupport
0x00007ff81360e000 	/System/Library/PrivateFrameworks/UserActivity.framework/Versions/A/UserActivity
0x00007ff812964000 	/usr/lib/libspindump.dylib
0x00007ff80a5db000 	/System/Library/Frameworks/UniformTypeIdentifiers.framework/Versions/A/UniformTypeIdentifiers
0x00007ff80e117000 	/usr/lib/libapp_launch_measurement.dylib
0x00007ff80d380000 	/System/Library/PrivateFrameworks/CoreAnalytics.framework/Versions/A/CoreAnalytics
0x00007ff80e11a000 	/System/Library/PrivateFrameworks/CoreAutoLayout.framework/Versions/A/CoreAutoLayout
0x00007ff80f33a000 	/System/Library/Frameworks/Metal.framework/Versions/A/Metal
0x00007ff810050000 	/usr/lib/liblangid.dylib
0x00007ff80f9de000 	/System/Library/PrivateFrameworks/CoreSVG.framework/Versions/A/CoreSVG
0x00007ff80b9a2000 	/System/Library/PrivateFrameworks/SkyLight.framework/Versions/A/SkyLight
0x00007ff80bd35000 	/System/Library/Frameworks/CoreGraphics.framework/Versions/A/CoreGraphics
0x00007ff817c59000 	/System/Library/Frameworks/Accelerate.framework/Versions/A/Accelerate
0x00007ff8123df000 	/System/Library/PrivateFrameworks/IconServices.framework/Versions/A/IconServices
0x00007ff80f31f000 	/System/Library/Frameworks/IOSurface.framework/Versions/A/IOSurface
0x00007ff80d3ae000 	/usr/lib/libDiagnosticMessagesClient.dylib
0x00007ff81b2c8000 	/System/Library/Frameworks/ApplicationServices.framework/Versions/A/ApplicationServices
0x00007ff80f9c6000 	/System/Library/PrivateFrameworks/DFRFoundation.framework/Versions/A/DFRFoundation
0x00007ff808daf000 	/usr/lib/libicucore.A.dylib
0x00007ff8142a9000 	/System/Library/Frameworks/AudioToolbox.framework/Versions/A/AudioToolbox
0x00007ff813590000 	/System/Library/PrivateFrameworks/DataDetectorsCore.framework/Versions/A/DataDetectorsCore
0x00007ff90eeef000 	/System/Library/PrivateFrameworks/TextInput.framework/Versions/A/TextInput
0x00007ff80b926000 	/usr/lib/libMobileGestalt.dylib
0x00007ff80f6ce000 	/System/Library/Frameworks/Carbon.framework/Versions/A/Frameworks/HIToolbox.framework/Versions/A/HIToolbox
0x00007ff80db44000 	/System/Library/Frameworks/QuartzCore.framework/Versions/A/QuartzCore
0x00007ff808a4f000 	/System/Library/Frameworks/Security.framework/Versions/A/Security
0x00007ff817622000 	/System/Library/Frameworks/Carbon.framework/Versions/A/Frameworks/SpeechRecognition.framework/Versions/A/SpeechRecognition
0x00007ff80de77000 	/System/Library/PrivateFrameworks/CoreUI.framework/Versions/A/CoreUI
0x00007ff808327000 	/System/Library/Frameworks/CoreAudio.framework/Versions/A/CoreAudio
0x00007ff80d49c000 	/System/Library/Frameworks/DiskArbitration.framework/Versions/A/DiskArbitration
0x00007ff812d4b000 	/System/Library/PrivateFrameworks/MultitouchSupport.framework/Versions/A/MultitouchSupport
0x00007ff80b925000 	/usr/lib/libenergytrace.dylib
0x00007ff8093aa000 	/System/Library/Frameworks/IOKit.framework/Versions/A/IOKit
0x00007ff817a0e000 	/System/Library/Frameworks/CoreServices.framework/Versions/A/CoreServices
0x00007ff80e0b1000 	/System/Library/PrivateFrameworks/PerformanceAnalysis.framework/Versions/A/PerformanceAnalysis
0x00007ffa1e6ba000 	/System/Library/Frameworks/OpenGL.framework/Versions/A/OpenGL
0x00007ff810cc5000 	/System/Library/PrivateFrameworks/MobileKeyBag.framework/Versions/A/MobileKeyBag
0x00007ff80c401000 	/System/Library/Frameworks/ColorSync.framework/Versions/A/ColorSync
0x00007ff806a4f000 	/System/Library/Frameworks/CoreFoundation.framework/Versions/A/CoreFoundation
0x00007ff80fc57000 	/System/Library/Frameworks/CoreImage.framework/Versions/A/CoreImage
0x00007ff80813d000 	/System/Library/Frameworks/CoreText.framework/Versions/A/CoreText
0x00007ff80fa0d000 	/System/Library/Frameworks/ImageIO.framework/Versions/A/ImageIO
0x00007ff81177a000 	/System/Library/PrivateFrameworks/SoftLinking.framework/Versions/A/SoftLinking
0x00007ff80e162000 	/usr/lib/libxml2.2.dylib
0x00007ff8119fe000 	/usr/lib/libcompression.dylib
0x00007ff8134ba000 	/System/Library/PrivateFrameworks/TextureIO.framework/Versions/A/TextureIO
0x00007ff8120f1000 	/usr/lib/libate.dylib
0x00007ff811ecf000 	/usr/lib/liblzma.5.dylib
0x00007ff8075e6000 	/System/Library/Frameworks/SystemConfiguration.framework/Versions/A/SystemConfiguration
0x00007ff811776000 	/usr/lib/libfakelink.dylib
0x00007ff80b478000 	/System/Library/Frameworks/CFNetwork.framework/Versions/A/CFNetwork
0x00007ff8118b5000 	/usr/lib/libarchive.2.dylib
0x00007ff81004c000 	/System/Library/PrivateFrameworks/AppleSystemInfo.framework/Versions/A/AppleSystemInfo
0x00007ff810dc0000 	/usr/lib/libbsm.0.dylib
0x00007ff80aaae000 	/usr/lib/libnetwork.dylib
0x00007ff81170f000 	/usr/lib/system/libkxld.dylib
0x00007ff8109ee000 	/System/Library/PrivateFrameworks/IOMobileFramebuffer.framework/Versions/A/IOMobileFramebuffer
0x00007ffb1c468000 	/usr/lib/libCoreEntitlements.dylib
0x00007ff811428000 	/System/Library/PrivateFrameworks/AppleFSCompression.framework/Versions/A/AppleFSCompression
0x00007ff810da8000 	/usr/lib/libcoretls.dylib
0x00007ff811ee9000 	/usr/lib/libcoretls_cfhelpers.dylib
0x00007ff8119f9000 	/usr/lib/libpam.2.dylib
0x00007ff80cde9000 	/usr/lib/libsqlite3.dylib
0x00007ff811f58000 	/usr/lib/libxar.1.dylib
0x00007ff811438000 	/usr/lib/libbz2.1.0.dylib
0x00007ff81177b000 	/usr/lib/libpcap.A.dylib
0x00007ff80d1be000 	/usr/lib/libdns_services.dylib
0x00007ff8119c8000 	/usr/lib/libapple_nghttp2.dylib
0x00007ff8117b2000 	/usr/lib/libiconv.2.dylib
0x00007ff811708000 	/usr/lib/libcharset.1.dylib
0x00007ff80e0e5000 	/System/Library/Frameworks/CoreServices.framework/Versions/A/Frameworks/FSEvents.framework/Versions/A/FSEvents
0x00007ff809042000 	/System/Library/Frameworks/CoreServices.framework/Versions/A/Frameworks/CarbonCore.framework/Versions/A/CarbonCore
0x00007ff80d401000 	/System/Library/Frameworks/CoreServices.framework/Versions/A/Frameworks/Metadata.framework/Versions/A/Metadata
0x00007ff81144b000 	/System/Library/Frameworks/CoreServices.framework/Versions/A/Frameworks/OSServices.framework/Versions/A/OSServices
0x00007ff81193c000 	/System/Library/Frameworks/CoreServices.framework/Versions/A/Frameworks/SearchKit.framework/Versions/A/SearchKit
0x00007ff80d150000 	/System/Library/Frameworks/CoreServices.framework/Versions/A/Frameworks/AE.framework/Versions/A/AE
0x00007ff806f52000 	/System/Library/Frameworks/CoreServices.framework/Versions/A/Frameworks/LaunchServices.framework/Versions/A/LaunchServices
0x00007ff811e80000 	/System/Library/Frameworks/CoreServices.framework/Versions/A/Frameworks/DictionaryServices.framework/Versions/A/DictionaryServices
0x00007ff80e0f2000 	/System/Library/Frameworks/CoreServices.framework/Versions/A/Frameworks/SharedFileList.framework/Versions/A/SharedFileList
0x00007ff810d9c000 	/usr/lib/libCheckFix.dylib
0x00007ff80b989000 	/System/Library/PrivateFrameworks/TCC.framework/Versions/A/TCC
0x00007ff810052000 	/System/Library/PrivateFrameworks/CoreNLP.framework/Versions/A/CoreNLP
0x00007ff80d3b1000 	/System/Library/PrivateFrameworks/MetadataUtilities.framework/Versions/A/MetadataUtilities
0x00007ff807696000 	/usr/lib/libmecabra.dylib
0x00007ff810dd0000 	/usr/lib/libmecab.dylib
0x00007ff807661000 	/usr/lib/libCRFSuite.dylib
0x00007ff810e2d000 	/usr/lib/libgermantok.dylib
0x00007ff8119a3000 	/usr/lib/libThaiTokenizer.dylib
0x00007ff80d4a3000 	/System/Library/Frameworks/Accelerate.framework/Versions/A/Frameworks/vImage.framework/Versions/A/vImage
0x00007ff8179e5000 	/System/Library/Frameworks/Accelerate.framework/Versions/A/Frameworks/vecLib.framework/Versions/A/vecLib
0x00007ff811f99000 	/System/Library/Frameworks/Accelerate.framework/Versions/A/Frameworks/vecLib.framework/Versions/A/libvMisc.dylib
0x00007ff81080c000 	/System/Library/Frameworks/Accelerate.framework/Versions/A/Frameworks/vecLib.framework/Versions/A/libvDSP.dylib
0x00007ff8072ca000 	/System/Library/Frameworks/Accelerate.framework/Versions/A/Frameworks/vecLib.framework/Versions/A/libBLAS.dylib
0x00007ff811ada000 	/System/Library/Frameworks/Accelerate.framework/Versions/A/Frameworks/vecLib.framework/Versions/A/libLAPACK.dylib
0x00007ff810e30000 	/System/Library/Frameworks/Accelerate.framework/Versions/A/Frameworks/vecLib.framework/Versions/A/libLinearAlgebra.dylib
0x00007ff8119e1000 	/System/Library/Frameworks/Accelerate.framework/Versions/A/Frameworks/vecLib.framework/Versions/A/libSparseBLAS.dylib
0x00007ff811ad4000 	/System/Library/Frameworks/Accelerate.framework/Versions/A/Frameworks/vecLib.framework/Versions/A/libQuadrature.dylib
0x00007ff81013c000 	/System/Library/Frameworks/Accelerate.framework/Versions/A/Frameworks/vecLib.framework/Versions/A/libBNNS.dylib
0x00007ff807577000 	/System/Library/Frameworks/Accelerate.framework/Versions/A/Frameworks/vecLib.framework/Versions/A/libSparse.dylib
0x00007ff810135000 	/System/Library/PrivateFrameworks/LinguisticData.framework/Versions/A/LinguisticData
0x00007ff80752c000 	/System/Library/PrivateFrameworks/Lexicon.framework/Versions/A/Lexicon
0x00007ff811f92000 	/usr/lib/libChineseTokenizer.dylib
0x00007ff807c90000 	/System/Library/PrivateFrameworks/LanguageModeling.framework/Versions/A/LanguageModeling
0x00007ff8119a5000 	/System/Library/PrivateFrameworks/AppleSauce.framework/Versions/A/AppleSauce
0x00007ff8109dc000 	/System/Library/PrivateFrameworks/CoreEmoji.framework/Versions/A/CoreEmoji
0x00007ff8118a4000 	/usr/lib/libcmph.dylib
0x00007ff80e0c9000 	/System/Library/Frameworks/OpenDirectory.framework/Versions/A/Frameworks/CFOpenDirectory.framework/Versions/A/CFOpenDirectory
0x00007ff80e0bd000 	/System/Library/Frameworks/OpenDirectory.framework/Versions/A/OpenDirectory
0x00007ff811eeb000 	/System/Library/PrivateFrameworks/APFS.framework/Versions/A/APFS
0x00007ff810cfd000 	/System/Library/Frameworks/SecurityFoundation.framework/Versions/A/SecurityFoundation
0x00007ff811f66000 	/usr/lib/libutil.dylib
0x00007ff80936d000 	/System/Library/PrivateFrameworks/CoreServicesStore.framework/Versions/A/CoreServicesStore
0x00007ff811f6a000 	/usr/lib/libxslt.1.dylib
0x00007ff810d8a000 	/System/Library/PrivateFrameworks/BackgroundTaskManagement.framework/Versions/A/BackgroundTaskManagement
0x00007ff8133da000 	/System/Library/Frameworks/ImageIO.framework/Versions/A/Resources/libRadiance.dylib
0x00007ff8133e3000 	/System/Library/Frameworks/ImageIO.framework/Versions/A/Resources/libJPEG.dylib
0x00007ff813333000 	/System/Library/Frameworks/ImageIO.framework/Versions/A/Resources/libPng.dylib
0x00007ff813354000 	/System/Library/Frameworks/ImageIO.framework/Versions/A/Resources/libTIFF.dylib
0x00007ff813443000 	/System/Library/Frameworks/ImageIO.framework/Versions/A/Resources/libGIF.dylib
0x00007ff812c64000 	/System/Library/Frameworks/ImageIO.framework/Versions/A/Resources/libJP2.dylib
0x00007ff8123a6000 	/usr/lib/libexpat.1.dylib
0x00007ff812c19000 	/System/Library/PrivateFrameworks/AppleJPEG.framework/Versions/A/AppleJPEG
0x00007ff80f595000 	/System/Library/PrivateFrameworks/FontServices.framework/libFontParser.dylib
0x00007ff80d0fa000 	/System/Library/PrivateFrameworks/RunningBoardServices.framework/Versions/A/RunningBoardServices
0x00007ff81dbb3000 	/System/Library/PrivateFrameworks/IOSurfaceAccelerator.framework/Versions/A/IOSurfaceAccelerator
0x00007ff812d47000 	/System/Library/PrivateFrameworks/WatchdogClient.framework/Versions/A/WatchdogClient
0x00007ff807d7f000 	/System/Library/Frameworks/CoreDisplay.framework/Versions/A/CoreDisplay
0x00007ff80f494000 	/System/Library/Frameworks/CoreMedia.framework/Versions/A/CoreMedia
0x00007ff80f331000 	/System/Library/PrivateFrameworks/IOAccelerator.framework/Versions/A/IOAccelerator
0x00007ff80e245000 	/System/Library/Frameworks/CoreVideo.framework/Versions/A/CoreVideo
0x00007ff8119f7000 	/System/Library/Frameworks/MetalPerformanceShaders.framework/Versions/A/MetalPerformanceShaders
0x00007ff812d82000 	/System/Library/Frameworks/VideoToolbox.framework/Versions/A/VideoToolbox
0x00007ff80d042000 	/System/Library/PrivateFrameworks/BaseBoard.framework/Versions/A/BaseBoard
0x00007ff80cdcf000 	/System/Library/PrivateFrameworks/ProtocolBuffer.framework/Versions/A/ProtocolBuffer
0x00007ff8133d3000 	/System/Library/PrivateFrameworks/GPUWrangler.framework/Versions/A/GPUWrangler
0x00007ff8133b6000 	/System/Library/PrivateFrameworks/IOPresentment.framework/Versions/A/IOPresentment
0x00007ff8133dd000 	/System/Library/PrivateFrameworks/DSExternalDisplay.framework/Versions/A/DSExternalDisplay
0x00007ffa1e6ae000 	/System/Library/Frameworks/OpenGL.framework/Versions/A/Libraries/libCoreFSCache.dylib
0x00007ffb0a752000 	/System/Library/PrivateFrameworks/GPUCompiler.framework/Versions/31001/Libraries/libGPUCompilerUtils.dylib
0x00007ff813448000 	/System/Library/PrivateFrameworks/CMCaptureCore.framework/Versions/A/CMCaptureCore
0x00007ff812952000 	/System/Library/PrivateFrameworks/AppServerSupport.framework/Versions/A/AppServerSupport
0x00007ff814b2f000 	/System/Library/PrivateFrameworks/perfdata.framework/Versions/A/perfdata
0x00007ff807eab000 	/System/Library/PrivateFrameworks/AudioToolboxCore.framework/Versions/A/AudioToolboxCore
0x00007ff80f471000 	/System/Library/PrivateFrameworks/caulk.framework/Versions/A/caulk
0x00007ff814453000 	/usr/lib/libAudioStatistics.dylib
0x00007ff90b780000 	/System/Library/PrivateFrameworks/SystemPolicy.framework/Versions/A/SystemPolicy
0x00007ff8146a8000 	/usr/lib/libSMC.dylib
0x00007ff81d4ec000 	/System/Library/Frameworks/CoreMIDI.framework/Versions/A/CoreMIDI
0x00007ff813303000 	/usr/lib/libAudioToolboxUtility.dylib
0x00007ff907b92000 	/System/Library/PrivateFrameworks/OSAServicesClient.framework/Versions/A/OSAServicesClient
0x00007ff814b3c000 	/usr/lib/libperfcheck.dylib
0x00007ff90c212000 	/usr/lib/libmis.dylib
0x00007ffa1e70a000 	/System/Library/Frameworks/OpenGL.framework/Versions/A/Libraries/libGLU.dylib
0x00007ffa1e6cd000 	/System/Library/Frameworks/OpenGL.framework/Versions/A/Libraries/libGFXShared.dylib
0x00007ffa1e8db000 	/System/Library/Frameworks/OpenGL.framework/Versions/A/Libraries/libGL.dylib
0x00007ffa1e6d6000 	/System/Library/Frameworks/OpenGL.framework/Versions/A/Libraries/libGLImage.dylib
0x00007ffa1e6ca000 	/System/Library/Frameworks/OpenGL.framework/Versions/A/Libraries/libCVMSPluginSupport.dylib
0x00007ffa1e6b5000 	/System/Library/Frameworks/OpenGL.framework/Versions/A/Libraries/libCoreVMClient.dylib
0x00007ff80ffd0000 	/System/Library/Frameworks/MetalPerformanceShaders.framework/Versions/A/Frameworks/MPSCore.framework/Versions/A/MPSCore
0x00007ff811393000 	/System/Library/Frameworks/MetalPerformanceShaders.framework/Versions/A/Frameworks/MPSImage.framework/Versions/A/MPSImage
0x00007ff810e46000 	/System/Library/Frameworks/MetalPerformanceShaders.framework/Versions/A/Frameworks/MPSNeuralNetwork.framework/Versions/A/MPSNeuralNetwork
0x00007ff8112bb000 	/System/Library/Frameworks/MetalPerformanceShaders.framework/Versions/A/Frameworks/MPSMatrix.framework/Versions/A/MPSMatrix
0x00007ff811077000 	/System/Library/Frameworks/MetalPerformanceShaders.framework/Versions/A/Frameworks/MPSRayIntersector.framework/Versions/A/MPSRayIntersector
0x00007ff8112f4000 	/System/Library/Frameworks/MetalPerformanceShaders.framework/Versions/A/Frameworks/MPSNDArray.framework/Versions/A/MPSNDArray
0x00007ffa232cc000 	/System/Library/Frameworks/MetalPerformanceShaders.framework/Versions/A/Frameworks/MPSFunctions.framework/Versions/A/MPSFunctions
0x00007ff8071ad000 	/System/Library/PrivateFrameworks/MetalTools.framework/Versions/A/MetalTools
0x00007ff81004a000 	/System/Library/PrivateFrameworks/AggregateDictionary.framework/Versions/A/AggregateDictionary
0x00007ff812188000 	/usr/lib/libIOReport.dylib
0x00007ffa1fcea000 	/System/Library/Frameworks/OpenCL.framework/Versions/A/OpenCL
0x00007ff8124ec000 	/System/Library/PrivateFrameworks/FaceCore.framework/Versions/A/FaceCore
0x00007ff8124dd000 	/System/Library/PrivateFrameworks/GraphVisualizer.framework/Versions/A/GraphVisualizer
0x00007ffb0a65d000 	/System/Library/PrivateFrameworks/FontServices.framework/Versions/A/FontServices
0x00007ff812909000 	/System/Library/PrivateFrameworks/OTSVG.framework/Versions/A/OTSVG
0x00007ff80de2d000 	/System/Library/Frameworks/ApplicationServices.framework/Versions/A/Frameworks/ATS.framework/Versions/A/Resources/libFontRegistry.dylib
0x00007ff81295a000 	/System/Library/PrivateFrameworks/FontServices.framework/libhvf.dylib
0x00007ffb0a65e000 	/System/Library/PrivateFrameworks/FontServices.framework/libXTFontStaticRegistryData.dylib
0x00007ff812356000 	/System/Library/PrivateFrameworks/AppleVA.framework/Versions/A/AppleVA
0x00007ff814477000 	/System/Library/Frameworks/ApplicationServices.framework/Versions/A/Frameworks/ATS.framework/Versions/A/ATS
0x00007ff80c4fd000 	/System/Library/Frameworks/ApplicationServices.framework/Versions/A/Frameworks/HIServices.framework/Versions/A/HIServices
0x00007ff813452000 	/System/Library/Frameworks/ApplicationServices.framework/Versions/A/Frameworks/PrintCore.framework/Versions/A/PrintCore
0x00007ff8147fb000 	/System/Library/Frameworks/ApplicationServices.framework/Versions/A/Frameworks/QD.framework/Versions/A/QD
0x00007ff8147f3000 	/System/Library/Frameworks/ApplicationServices.framework/Versions/A/Frameworks/ColorSyncLegacy.framework/Versions/A/ColorSyncLegacy
0x00007ff814467000 	/System/Library/Frameworks/ApplicationServices.framework/Versions/A/Frameworks/SpeechSynthesis.framework/Versions/A/SpeechSynthesis
0x00007ff813413000 	/System/Library/Frameworks/ApplicationServices.framework/Versions/A/Frameworks/ATSUI.framework/Versions/A/ATSUI
0x00007ff814788000 	/usr/lib/libcups.2.dylib
0x00007ff814b4b000 	/System/Library/Frameworks/Kerberos.framework/Versions/A/Kerberos
0x00007ff814b5a000 	/System/Library/Frameworks/GSS.framework/Versions/A/GSS
0x00007ff8144e3000 	/usr/lib/libresolv.9.dylib
0x00007ff812969000 	/System/Library/PrivateFrameworks/Heimdal.framework/Versions/A/Heimdal
0x00007ff81b643000 	/System/Library/Frameworks/Kerberos.framework/Versions/A/Libraries/libHeimdalProxy.dylib
0x00007ff80d1cf000 	/System/Library/Frameworks/Network.framework/Versions/A/Network
0x00007ff8123c0000 	/usr/lib/libheimdal-asn1.dylib
0x00007ff814ba6000 	/System/Library/PrivateFrameworks/CommonAuth.framework/Versions/A/CommonAuth
0x00007ff8143e4000 	/System/Library/PrivateFrameworks/AudioSession.framework/Versions/A/AudioSession
0x00007ff812450000 	/System/Library/PrivateFrameworks/MediaExperience.framework/Versions/A/MediaExperience
0x00007ff814278000 	/System/Library/PrivateFrameworks/AudioSession.framework/libSessionUtility.dylib
0x00007ff814807000 	/System/Library/PrivateFrameworks/AudioResourceArbitration.framework/Versions/A/AudioResourceArbitration
0x00007ff8187f8000 	/System/Library/PrivateFrameworks/PowerLog.framework/Versions/A/PowerLog
0x00007ff8123c9000 	/System/Library/PrivateFrameworks/IconFoundation.framework/Versions/A/IconFoundation
0x00007ff817612000 	/System/Library/PrivateFrameworks/SpeechRecognitionCore.framework/Versions/A/SpeechRecognitionCore
0x0000000106367000 	/Library/Java/JavaVirtualMachines/temurin-17.jdk/Contents/Home/lib/server/libjvm.dylib
0x000000010524a000 	/Library/Java/JavaVirtualMachines/temurin-17.jdk/Contents/Home/lib/libjimage.dylib
0x00000001052c1000 	/Library/Java/JavaVirtualMachines/temurin-17.jdk/Contents/Home/lib/libjava.dylib
0x000000010615c000 	/Library/Java/JavaVirtualMachines/temurin-17.jdk/Contents/Home/lib/libnio.dylib
0x000000010618b000 	/Library/Java/JavaVirtualMachines/temurin-17.jdk/Contents/Home/lib/libnet.dylib
0x0000000106147000 	/Library/Java/JavaVirtualMachines/temurin-17.jdk/Contents/Home/lib/libzip.dylib
0x0000000106243000 	/Library/Java/JavaVirtualMachines/temurin-17.jdk/Contents/Home/lib/libawt.dylib
0x000000010eec3000 	/Library/Java/JavaVirtualMachines/temurin-17.jdk/Contents/Home/lib/libmlib_image.dylib
0x00007ffa2323a000 	/System/Library/Frameworks/JavaRuntimeSupport.framework/Versions/A/JavaRuntimeSupport
0x00007ff90b2c9000 	/System/Library/Frameworks/Carbon.framework/Versions/A/Carbon
0x00007ff819a72000 	/System/Library/PrivateFrameworks/CoreSymbolication.framework/Versions/A/CoreSymbolication
0x00007ff81ef0a000 	/System/Library/Frameworks/Carbon.framework/Versions/A/Frameworks/CommonPanels.framework/Versions/A/CommonPanels
0x00007ff81b04a000 	/System/Library/Frameworks/Carbon.framework/Versions/A/Frameworks/Help.framework/Versions/A/Help
0x00007ff81ef0e000 	/System/Library/Frameworks/Carbon.framework/Versions/A/Frameworks/ImageCapture.framework/Versions/A/ImageCapture
0x00007ff81eede000 	/System/Library/Frameworks/Carbon.framework/Versions/A/Frameworks/OpenScripting.framework/Versions/A/OpenScripting
0x00007ff81ef06000 	/System/Library/Frameworks/Carbon.framework/Versions/A/Frameworks/Ink.framework/Versions/A/Ink
0x00007ff90b2c5000 	/System/Library/Frameworks/Carbon.framework/Versions/A/Frameworks/Print.framework/Versions/A/Print
0x00007ff81ef02000 	/System/Library/Frameworks/Carbon.framework/Versions/A/Frameworks/SecurityHI.framework/Versions/A/SecurityHI
0x00007ff819a37000 	/System/Library/PrivateFrameworks/DebugSymbols.framework/Versions/A/DebugSymbols
0x000000010f908000 	/Library/Java/JavaVirtualMachines/temurin-17.jdk/Contents/Home/lib/libawt_lwawt.dylib
0x00000001061cb000 	/Library/Java/JavaVirtualMachines/temurin-17.jdk/Contents/Home/lib/libosxapp.dylib
0x00007ff90a706000 	/System/Library/Frameworks/ExceptionHandling.framework/Versions/A/ExceptionHandling
0x000000010fba8000 	/Library/Java/JavaVirtualMachines/temurin-17.jdk/Contents/Home/lib/libfontmanager.dylib
0x000000010fa14000 	/Library/Java/JavaVirtualMachines/temurin-17.jdk/Contents/Home/lib/libfreetype.dylib
0x00007ff80932e000 	/System/Library/PrivateFrameworks/CoreServicesInternal.framework/Versions/A/CoreServicesInternal
0x00007ff818de9000 	/System/Library/Frameworks/FileProvider.framework/Versions/A/FileProvider
0x00007ff80cfae000 	/System/Library/Frameworks/Accounts.framework/Versions/A/Accounts
0x00007ff818f60000 	/System/Library/PrivateFrameworks/GenerationalStorage.framework/Versions/A/GenerationalStorage
0x00007ff8187ed000 	/System/Library/PrivateFrameworks/SymptomDiagnosticReporter.framework/Versions/A/SymptomDiagnosticReporter
0x00007ff80a5ef000 	/System/Library/PrivateFrameworks/DesktopServicesPriv.framework/Versions/A/DesktopServicesPriv
0x00007ff80946f000 	/usr/lib/libsandbox.1.dylib
0x00007ff80e2c4000 	/System/Library/PrivateFrameworks/UserManagement.framework/Versions/A/UserManagement
0x00007ff8147e8000 	/System/Library/PrivateFrameworks/NetAuth.framework/Versions/A/NetAuth
0x00007ff8156d6000 	/System/Library/PrivateFrameworks/Sharing.framework/Versions/A/Sharing
0x00007ff80e297000 	/System/Library/PrivateFrameworks/login.framework/Versions/A/Frameworks/loginsupport.framework/Versions/A/loginsupport
0x00007ff81ab77000 	/System/Library/PrivateFrameworks/Apple80211.framework/Versions/A/Apple80211
0x00007ff811478000 	/System/Library/PrivateFrameworks/AuthKit.framework/Versions/A/AuthKit
0x00007ff810ad2000 	/System/Library/PrivateFrameworks/CoreUtils.framework/Versions/A/CoreUtils
0x00007ff8109f9000 	/System/Library/Frameworks/CoreWLAN.framework/Versions/A/CoreWLAN
0x00007ff815831000 	/System/Library/Frameworks/IOBluetooth.framework/Versions/A/IOBluetooth
0x00007ff81abdf000 	/System/Library/PrivateFrameworks/CoreWiFi.framework/Versions/A/CoreWiFi
0x00007ff81960c000 	/System/Library/PrivateFrameworks/FrontBoardServices.framework/Versions/A/FrontBoardServices
0x00007ff81969e000 	/System/Library/PrivateFrameworks/BoardServices.framework/Versions/A/BoardServices
0x00007ff810cec000 	/System/Library/PrivateFrameworks/AssertionServices.framework/Versions/A/AssertionServices
0x00007ff81ad63000 	/System/Library/PrivateFrameworks/BackBoardServices.framework/Versions/A/BackBoardServices
0x00007ff814c35000 	/System/Library/PrivateFrameworks/CorePhoneNumbers.framework/Versions/A/CorePhoneNumbers
0x00007ff81890a000 	/System/Library/PrivateFrameworks/DiskManagement.framework/Versions/A/DiskManagement
0x00007ff81881e000 	/System/Library/PrivateFrameworks/AppleIDAuthSupport.framework/Versions/A/AppleIDAuthSupport
0x00007ffa25262000 	/System/Library/PrivateFrameworks/AAAFoundation.framework/Versions/A/AAAFoundation
0x00007ff814c16000 	/System/Library/PrivateFrameworks/KeychainCircle.framework/Versions/A/KeychainCircle
0x00007ff8188d6000 	/System/Library/PrivateFrameworks/MediaKit.framework/Versions/A/MediaKit
0x00007ff81882a000 	/System/Library/Frameworks/DiscRecording.framework/Versions/A/DiscRecording
0x00007ff8122ce000 	/usr/lib/libCoreStorage.dylib
0x00007ff81b052000 	/usr/lib/libcsfde.dylib
0x00007ff8158fe000 	/System/Library/PrivateFrameworks/ProtectedCloudStorage.framework/Versions/A/ProtectedCloudStorage
0x00007ff81b04e000 	/System/Library/PrivateFrameworks/EFILogin.framework/Versions/A/EFILogin
0x00007ff818f86000 	/System/Library/PrivateFrameworks/OctagonTrust.framework/Versions/A/OctagonTrust
0x00007ffb0997f000 	/System/Library/PrivateFrameworks/CoreUtilsExtras.framework/Versions/A/CoreUtilsExtras
0x00007ff818760000 	/System/Library/Frameworks/CoreBluetooth.framework/Versions/A/CoreBluetooth
0x00007ff81b6c8000 	/System/Library/Frameworks/AudioUnit.framework/Versions/A/AudioUnit
0x00007ff8122c6000 	/usr/lib/libMatch.1.dylib
0x00007ff912db0000 	/System/Library/CoreServices/RawCamera.bundle/Contents/MacOS/RawCamera
0x00007ff814bb6000 	/System/Library/PrivateFrameworks/MobileAsset.framework/Versions/A/MobileAsset
0x00007ff81b6ef000 	/System/Library/PrivateFrameworks/StreamingZip.framework/Versions/A/StreamingZip
0x00007ffb06dcb000 	/System/Library/PrivateFrameworks/CMPhoto.framework/Versions/A/CMPhoto
0x00007ff81990d000 	/System/Library/PrivateFrameworks/AppleVPA.framework/Versions/A/AppleVPA
0x00007ff81367a000 	/System/Library/Frameworks/MediaToolbox.framework/Versions/A/MediaToolbox
0x00007ff818db9000 	/System/Library/PrivateFrameworks/CoreAVCHD.framework/Versions/A/CoreAVCHD
0x00007ff817ca1000 	/System/Library/Frameworks/MediaAccessibility.framework/Versions/A/MediaAccessibility
0x00007ff818db5000 	/System/Library/PrivateFrameworks/Mangrove.framework/Versions/A/Mangrove
0x00007ff817cac000 	/System/Library/PrivateFrameworks/AlgosScoreFramework.framework/Versions/A/AlgosScoreFramework
0x00007ff8189fa000 	/System/Library/PrivateFrameworks/CoreAUC.framework/Versions/A/CoreAUC
0x00007ff910661000 	/System/Library/Frameworks/Accelerate.framework/Versions/A/Frameworks/vImage.framework/Versions/A/Libraries/libCGInterfaces.dylib
0x000000010fb44000 	/usr/lib/libobjc-trampolines.dylib
0x00007ff80dfbd000 	/System/Library/PrivateFrameworks/ViewBridge.framework/Versions/A/ViewBridge
0x00007ff812a23000 	/System/Library/PrivateFrameworks/login.framework/Versions/A/login
0x00007ffa1e8e6000 	/System/Library/Frameworks/OpenGL.framework/Versions/A/Resources/GLEngine.bundle/GLEngine
0x00007ffa1e748000 	/System/Library/Frameworks/OpenGL.framework/Versions/A/Libraries/libGLProgrammability.dylib
0x00007ffa12b11000 	/System/Library/Extensions/AppleIntelKBLGraphicsGLDriver.bundle/Contents/MacOS/AppleIntelKBLGraphicsGLDriver
0x00007ff9160db000 	/System/Library/PrivateFrameworks/GPUSupport.framework/Versions/A/Libraries/libGPUSupportMercury.dylib
0x00007ffa1ea75000 	/System/Library/Frameworks/OpenGL.framework/Versions/A/Resources/GLRendererFloat.bundle/GLRendererFloat
0x000000012a89a000 	/Library/Java/JavaVirtualMachines/temurin-17.jdk/Contents/Home/lib/libosxui.dylib
0x00007ffa0fb77000 	/System/Library/CoreServices/Encodings/libSimplifiedChineseConverter.dylib
0x00007ffb1c576000 	/usr/lib/libRosetta.dylib


VM Arguments:
jvm_args: -Dfile.encoding=UTF-8 --module-path=/Users/sw4rtz/OneDrive - Instituto Politécnico de Tomar/01_Escola/2_Licenciatura/2_Ano/Algoritmos/ProjFinalAlgoritmos/ProjFinal/build/classes 
java_command: projfinal.ProjFinal
java_class_path (initial): /Users/sw4rtz/OneDrive - Instituto Politécnico de Tomar/01_Escola/2_Licenciatura/2_Ano/Algoritmos/ProjFinalAlgoritmos/ProjFinal/jsoup-1.7.2.jar:/Users/sw4rtz/OneDrive - Instituto Politécnico de Tomar/01_Escola/2_Licenciatura/2_Ano/Algoritmos/ProjFinalAlgoritmos/ProjFinal/build/classes
Launcher Type: SUN_STANDARD

[Global flags]
     intx CICompilerCount                          = 4                                         {product} {ergonomic}
     uint ConcGCThreads                            = 2                                         {product} {ergonomic}
     uint G1ConcRefinementThreads                  = 8                                         {product} {ergonomic}
   size_t G1HeapRegionSize                         = 1048576                                   {product} {ergonomic}
    uintx GCDrainStackTargetSize                   = 64                                        {product} {ergonomic}
   size_t InitialHeapSize                          = 134217728                                 {product} {ergonomic}
   size_t MarkStackSize                            = 4194304                                   {product} {ergonomic}
   size_t MaxHeapSize                              = 2147483648                                {product} {ergonomic}
   size_t MaxNewSize                               = 1287651328                                {product} {ergonomic}
   size_t MinHeapDeltaBytes                        = 1048576                                   {product} {ergonomic}
   size_t MinHeapSize                              = 8388608                                   {product} {ergonomic}
    uintx NonNMethodCodeHeapSize                   = 5839372                                {pd product} {ergonomic}
    uintx NonProfiledCodeHeapSize                  = 122909434                              {pd product} {ergonomic}
    uintx ProfiledCodeHeapSize                     = 122909434                              {pd product} {ergonomic}
    uintx ReservedCodeCacheSize                    = 251658240                              {pd product} {ergonomic}
     bool SegmentedCodeCache                       = true                                      {product} {ergonomic}
   size_t SoftMaxHeapSize                          = 2147483648                             {manageable} {ergonomic}
     bool UseCompressedClassPointers               = true                           {product lp64_product} {ergonomic}
     bool UseCompressedOops                        = true                           {product lp64_product} {ergonomic}
     bool UseG1GC                                  = true                                      {product} {ergonomic}
     bool UseNUMA                                  = false                                     {product} {ergonomic}
     bool UseNUMAInterleaving                      = false                                     {product} {ergonomic}

Logging:
Log output configuration:
 #0: stdout all=warning uptime,level,tags
 #1: stderr all=off uptime,level,tags

Environment Variables:
PATH=/usr/bin:/bin:/usr/sbin:/sbin
SHELL=/bin/zsh
LC_CTYPE=UTF-8

Signal Handlers:
   SIGSEGV: _ZL13crash_handleriP9__siginfoPv in libjvm.dylib, mask=11100110000111110111111111111111, flags=SA_RESTART|SA_SIGINFO
    SIGBUS: _ZL13crash_handleriP9__siginfoPv in libjvm.dylib, mask=11100110000111110111111111111111, flags=SA_RESTART|SA_SIGINFO
    SIGFPE: _ZL13crash_handleriP9__siginfoPv in libjvm.dylib, mask=11100110000111110111111111111111, flags=SA_RESTART|SA_SIGINFO
   SIGPIPE: _ZL17javaSignalHandleriP9__siginfoPv in libjvm.dylib, mask=11100110000111110111111111111111, flags=SA_RESTART|SA_SIGINFO
   SIGXFSZ: _ZL17javaSignalHandleriP9__siginfoPv in libjvm.dylib, mask=11100110000111110111111111111111, flags=SA_RESTART|SA_SIGINFO
    SIGILL: _ZL13crash_handleriP9__siginfoPv in libjvm.dylib, mask=11100110000111110111111111111111, flags=SA_RESTART|SA_SIGINFO
   SIGUSR2: _ZL10SR_handleriP9__siginfoP17__darwin_ucontext in libjvm.dylib, mask=00100000000000000000000000000000, flags=SA_RESTART|SA_SIGINFO
    SIGHUP: _ZL11UserHandleriPvS_ in libjvm.dylib, mask=11100110000111110111111111111111, flags=SA_RESTART|SA_SIGINFO
    SIGINT: SIG_IGN, mask=00000000000000000000000000000000, flags=none
   SIGTERM: _ZL11UserHandleriPvS_ in libjvm.dylib, mask=11100110000111110111111111111111, flags=SA_RESTART|SA_SIGINFO
   SIGQUIT: _ZL11UserHandleriPvS_ in libjvm.dylib, mask=11100110000111110111111111111111, flags=SA_RESTART|SA_SIGINFO
   SIGTRAP: _ZL13crash_handleriP9__siginfoPv in libjvm.dylib, mask=11100110000111110111111111111111, flags=SA_RESTART|SA_SIGINFO


---------------  S Y S T E M  ---------------

OS:
uname: Darwin 21.2.0 Darwin Kernel Version 21.2.0: Sun Nov 28 20:28:54 PST 2021; root:xnu-8019.61.5~1/RELEASE_X86_64 x86_64
OS uptime: 1 days 22:19 hours
rlimit (soft/hard): STACK 8192k/65532k , CORE 0k/infinity , NPROC 1392/2088 , NOFILE 10240/infinity , AS infinity/infinity , CPU infinity/infinity , DATA infinity/infinity , FSIZE infinity/infinity , MEMLOCK infinity/infinity , RSS infinity/infinity
load average: 3.26 2.84 2.88

CPU: total 8 (initial active 8) (4 cores per cpu, 2 threads per core) family 6 model 142 stepping 10 microcode 0xea, cx8, cmov, fxsr, ht, mmx, 3dnowpref, sse, sse2, sse3, ssse3, sse4.1, sse4.2, popcnt, lzcnt, tsc, tscinvbit, avx, avx2, aes, erms, clmul, bmi1, bmi2, adx, fma, vzeroupper, clflush, clflushopt

Memory: 4k page, physical 8388608k(84068k free), swap 2097152k(1109248k free)

vm_info: OpenJDK 64-Bit Server VM (17.0.1+12) for bsd-amd64 JRE (17.0.1+12), built on Oct 20 2021 13:44:50 by "jenkins" with clang 4.2.1 Compatible Apple LLVM 10.0.1 (clang-1001.0.46.4)

END.
