#
# A fatal error has been detected by the Java Runtime Environment:
#
#  SIGSEGV (0xb) at pc=0x00000001072a5ca0, pid=22773, tid=24579
#
# JRE version: OpenJDK Runtime Environment Temurin-17.0.1+12 (17.0.1+12) (build 17.0.1+12)
# Java VM: OpenJDK 64-Bit Server VM Temurin-17.0.1+12 (17.0.1+12, mixed mode, sharing, tiered, compressed oops, compressed class ptrs, g1 gc, bsd-amd64)
# Problematic frame:
# V  [libjvm.dylib+0x26fca0]  _ZN10ValueStack9values_doEP12ValueVisitor+0x20
#
# No core dump will be written. Core dumps have been disabled. To enable core dumping, try "ulimit -c unlimited" before starting Java again
#
# If you would like to submit a bug report, please visit:
#   https://github.com/adoptium/adoptium-support/issues
#

---------------  S U M M A R Y ------------

Command Line: -Dfile.encoding=UTF-8 --module-path=/Users/sw4rtz/OneDrive - Instituto Politécnico de Tomar/01_Escola/2_Licenciatura/2_Ano/Algoritmos/ProjFinalAlgoritmos/ProjFinal/build/classes projfinal.ProjFinal

Host: "MacBookPro15,2" x86_64 2300 MHz, 8 cores, 8G, Darwin 21.2.0, macOS 10.16 (21C52)
Time: Wed Jan  5 14:21:56 2022 WET elapsed time: 16.206318 seconds (0d 0h 0m 16s)

---------------  T H R E A D  ---------------

Current thread (0x00007fdb88868200):  JavaThread "C1 CompilerThread0" daemon [_thread_in_native, id=24579, stack(0x000070000ac7c000,0x000070000ad7c000)]


Current CompileTask:
C1:  16206 1680       3       java.util.LinkedList::listIterator (15 bytes)

Stack: [0x000070000ac7c000,0x000070000ad7c000],  sp=0x000070000ad7b1d0,  free space=1020k
Native frames: (J=compiled Java code, j=interpreted, Vv=VM code, C=native code)
V  [libjvm.dylib+0x26fca0]  _ZN10ValueStack9values_doEP12ValueVisitor+0x20
V  [libjvm.dylib+0x20af3e]  _ZN10StateSplit15state_values_doEP12ValueVisitor+0x1e
V  [libjvm.dylib+0x20a48e]  _ZN20SubstitutionResolver8block_doEP10BlockBegin+0x5e
V  [libjvm.dylib+0x20cad3]  _ZN10BlockBegin16iterate_preorderER13GrowableArrayIbEP12BlockClosure+0x43
V  [libjvm.dylib+0x20cb35]  _ZN10BlockBegin16iterate_preorderER13GrowableArrayIbEP12BlockClosure+0xa5
V  [libjvm.dylib+0x20cb35]  _ZN10BlockBegin16iterate_preorderER13GrowableArrayIbEP12BlockClosure+0xa5
V  [libjvm.dylib+0x20cb35]  _ZN10BlockBegin16iterate_preorderER13GrowableArrayIbEP12BlockClosure+0xa5
V  [libjvm.dylib+0x20cb35]  _ZN10BlockBegin16iterate_preorderER13GrowableArrayIbEP12BlockClosure+0xa5
V  [libjvm.dylib+0x20cb35]  _ZN10BlockBegin16iterate_preorderER13GrowableArrayIbEP12BlockClosure+0xa5
V  [libjvm.dylib+0x20cb35]  _ZN10BlockBegin16iterate_preorderER13GrowableArrayIbEP12BlockClosure+0xa5
V  [libjvm.dylib+0x20ccbc]  _ZN10BlockBegin16iterate_preorderEP12BlockClosure+0x6c
V  [libjvm.dylib+0x26efb0]  _ZN20GlobalValueNumberingC2EP2IR+0x9a0
V  [libjvm.dylib+0x1e683c]  _ZN11Compilation9build_hirEv+0x31c
V  [libjvm.dylib+0x1e7730]  _ZN11Compilation19compile_java_methodEv+0xf0
V  [libjvm.dylib+0x1e7bec]  _ZN11Compilation14compile_methodEv+0x11c
V  [libjvm.dylib+0x1e8018]  _ZN11CompilationC2EP16AbstractCompilerP5ciEnvP8ciMethodiP10BufferBlobbP12DirectiveSet+0x228
V  [libjvm.dylib+0x1e9691]  _ZN8Compiler14compile_methodEP5ciEnvP8ciMethodibP12DirectiveSet+0x61
V  [libjvm.dylib+0x3388d9]  _ZN13CompileBroker25invoke_compiler_on_methodEP11CompileTask+0x659
V  [libjvm.dylib+0x337fae]  _ZN13CompileBroker20compiler_thread_loopEv+0x21e
V  [libjvm.dylib+0xa9e415]  _ZN10JavaThread17thread_main_innerEv+0x145
V  [libjvm.dylib+0xa9c7ca]  _ZN6Thread8call_runEv+0x11a
V  [libjvm.dylib+0x8a9ffb]  _ZL19thread_native_entryP6Thread+0x14b
C  [libsystem_pthread.dylib+0x64f4]  _pthread_start+0x7d
C  [libsystem_pthread.dylib+0x200f]  thread_start+0xf


siginfo: si_signo: 11 (SIGSEGV), si_code: 1 (SEGV_MAPERR), si_addr: 0x0000040000000018

Register to memory mapping:

RAX=0x0000000107cff710: _ZTV2If+0x10 in /Library/Java/JavaVirtualMachines/temurin-17.jdk/Contents/Home/lib/server/libjvm.dylib at 0x0000000107036000
RBX=0x00007fdb88213fb0 points into unknown readable memory: 0x0000000107cff710 | 10 f7 cf 07 01 00 00 00
RCX=0x00007fdb88212d00 points into unknown readable memory: 0x0000000107d041a8 | a8 41 d0 07 01 00 00 00
RDX=0x0 is NULL
RSP=0x000070000ad7b1d0 is pointing into the stack for thread: 0x00007fdb88868200
RBP=0x000070000ad7b200 is pointing into the stack for thread: 0x00007fdb88868200
RSI=0x000070000ad7b478 is pointing into the stack for thread: 0x00007fdb88868200
RDI=0x0000040000000000 is an unknown value
R8 =0x0 is NULL
R9 =0x0 is NULL
R10=0x00007fdb888ab4a0 points into unknown readable memory: 0x0000000000000000 | 00 00 00 00 00 00 00 00
R11=0x00007fdb888ab620 points into unknown readable memory: 0x0000000000000000 | 00 00 00 00 00 00 00 00
R12=0x0000040000000000 is an unknown value
R13=0x000070000ad7b478 is pointing into the stack for thread: 0x00007fdb88868200
R14=0x000070000ad7b478 is pointing into the stack for thread: 0x00007fdb88868200
R15=0x0000000107bca6bc: <offset 0xb946bc> in /Library/Java/JavaVirtualMachines/temurin-17.jdk/Contents/Home/lib/server/libjvm.dylib at 0x0000000107036000


Registers:
RAX=0x0000000107cff710, RBX=0x00007fdb88213fb0, RCX=0x00007fdb88212d00, RDX=0x0000000000000000
RSP=0x000070000ad7b1d0, RBP=0x000070000ad7b200, RSI=0x000070000ad7b478, RDI=0x0000040000000000
R8 =0x0000000000000000, R9 =0x0000000000000000, R10=0x00007fdb888ab4a0, R11=0x00007fdb888ab620
R12=0x0000040000000000, R13=0x000070000ad7b478, R14=0x000070000ad7b478, R15=0x0000000107bca6bc
RIP=0x00000001072a5ca0, EFLAGS=0x0000000000010206, ERR=0x0000000000000004
  TRAPNO=0x000000000000000e

Top of Stack: (sp=0x000070000ad7b1d0)
0x000070000ad7b1d0:   0000000107cff710 00007fdb88213fb0
0x000070000ad7b1e0:   0000000107bca6db 000070000ad7b478
0x000070000ad7b1f0:   000070000ad7b478 0000000107bca6bc
0x000070000ad7b200:   000070000ad7b220 0000000107240f3e
0x000070000ad7b210:   00007fdb88213fb0 00007fdb88211c40
0x000070000ad7b220:   000070000ad7b260 000000010724048e
0x000070000ad7b230:   0000000107d03d20 0000000000000000
0x000070000ad7b240:   00007fdb88213c60 00007fdb88211c40
0x000070000ad7b250:   000070000ad7b470 000070000ad7b430
0x000070000ad7b260:   000070000ad7b2a0 0000000107242ad3
0x000070000ad7b270:   00007fdb88212a60 0000000000000000
0x000070000ad7b280:   00007fdb88213c60 00007fdb882128b0
0x000070000ad7b290:   000070000ad7b470 000070000ad7b430
0x000070000ad7b2a0:   000070000ad7b2e0 0000000107242b35
0x000070000ad7b2b0:   00007fdb88212860 0000000000000000
0x000070000ad7b2c0:   00007fdb882135e0 00007fdb882126b0
0x000070000ad7b2d0:   000070000ad7b470 000070000ad7b430
0x000070000ad7b2e0:   000070000ad7b320 0000000107242b35
0x000070000ad7b2f0:   00007fdb88212460 0000000000000001
0x000070000ad7b300:   00007fdb88213340 00007fdb882122b0
0x000070000ad7b310:   000070000ad7b470 000070000ad7b430
0x000070000ad7b320:   000070000ad7b360 0000000107242b35
0x000070000ad7b330:   00007fdb88210750 0000000000000001
0x000070000ad7b340:   00007fdb88212df0 00007fdb882105a0
0x000070000ad7b350:   000070000ad7b470 000070000ad7b430
0x000070000ad7b360:   000070000ad7b3a0 0000000107242b35
0x000070000ad7b370:   00007fdb888aa2c0 0000000000000000
0x000070000ad7b380:   00007fdb888aa300 00007fdb888aa110
0x000070000ad7b390:   000070000ad7b470 000070000ad7b430
0x000070000ad7b3a0:   000070000ad7b3e0 0000000107242b35
0x000070000ad7b3b0:   00007fdb888aa0d0 0000000000000000
0x000070000ad7b3c0:   00007fdb888aa410 00007fdb888a9f20 

Instructions: (pc=0x00000001072a5ca0)
0x00000001072a5ba0:   49 8b 46 38 48 63 cb 4c 8b 24 c8 49 8b 04 24 4c
0x00000001072a5bb0:   89 e7 ff 50 20 48 85 c0 75 0f 49 8b 04 24 4c 89
0x00000001072a5bc0:   e7 ff 50 18 48 85 c0 74 0f 49 8b 44 24 18 03 58
0x00000001072a5bd0:   08 44 39 fb 7c ca eb 18 41 80 4c 24 11 10 49 8b
0x00000001072a5be0:   44 24 18 03 58 08 44 39 fb 7c b5 0f 1f 44 00 00
0x00000001072a5bf0:   4d 8b 76 08 4d 85 f6 0f 85 23 ff ff ff 48 83 c4
0x00000001072a5c00:   08 5b 41 5c 41 5d 41 5e 41 5f 5d c3 0f 1f 40 00
0x00000001072a5c10:   55 48 89 e5 41 57 41 56 41 54 53 8b 07 85 c0 7e
0x00000001072a5c20:   51 49 89 f6 49 89 ff 31 c9 0f 1f 80 00 00 00 00
0x00000001072a5c30:   49 8b 57 08 4c 63 e1 4a 8b 1c e2 48 85 db 74 2c
0x00000001072a5c40:   48 8b 73 18 83 7e 0c 08 74 22 4a 8d 34 e2 49 8b
0x00000001072a5c50:   06 4c 89 f7 ff 10 48 8b 43 18 31 c9 83 78 08 02
0x00000001072a5c60:   0f 94 c1 41 01 cc 41 8b 07 44 89 e1 ff c1 39 c1
0x00000001072a5c70:   7c be 5b 41 5c 41 5e 41 5f 5d c3 0f 1f 44 00 00
0x00000001072a5c80:   55 48 89 e5 41 57 41 56 41 55 41 54 53 50 48 85
0x00000001072a5c90:   ff 0f 84 19 01 00 00 49 89 f6 49 89 fc 0f 1f 00
0x00000001072a5ca0:   41 8b 44 24 18 85 c0 7e 4c 31 c9 0f 1f 44 00 00
0x00000001072a5cb0:   49 8b 54 24 20 4c 63 f9 4a 8b 1c fa 48 85 db 74
0x00000001072a5cc0:   2e 48 8b 73 18 83 7e 0c 08 74 24 4a 8d 34 fa 49
0x00000001072a5cd0:   8b 06 4c 89 f7 ff 10 48 8b 43 18 31 c9 83 78 08
0x00000001072a5ce0:   02 0f 94 c1 41 01 cf 41 8b 44 24 18 44 89 f9 ff
0x00000001072a5cf0:   c1 39 c1 7c bb 41 8b 44 24 30 85 c0 7e 47 31 c9
0x00000001072a5d00:   49 8b 54 24 38 4c 63 f9 4a 8b 1c fa 48 85 db 74
0x00000001072a5d10:   2e 48 8b 73 18 83 7e 0c 08 74 24 4a 8d 34 fa 49
0x00000001072a5d20:   8b 06 4c 89 f7 ff 10 48 8b 43 18 31 c9 83 78 08
0x00000001072a5d30:   02 0f 94 c1 41 01 cf 41 8b 44 24 30 44 89 f9 ff
0x00000001072a5d40:   c1 39 c1 7c bb 4d 8b 7c 24 48 4d 85 ff 74 53 41
0x00000001072a5d50:   8b 07 85 c0 7e 4c 31 c9 0f 1f 84 00 00 00 00 00
0x00000001072a5d60:   49 8b 57 08 4c 63 e9 4a 8b 1c ea 48 85 db 74 2c
0x00000001072a5d70:   48 8b 73 18 83 7e 0c 08 74 22 4a 8d 34 ea 49 8b
0x00000001072a5d80:   06 4c 89 f7 ff 10 48 8b 43 18 31 c9 83 78 08 02
0x00000001072a5d90:   0f 94 c1 41 01 cd 41 8b 07 44 89 e9 ff c1 39 c1 


Stack slot to memory mapping:
stack at sp + 0 slots: 0x0000000107cff710: _ZTV2If+0x10 in /Library/Java/JavaVirtualMachines/temurin-17.jdk/Contents/Home/lib/server/libjvm.dylib at 0x0000000107036000
stack at sp + 1 slots: 0x00007fdb88213fb0 points into unknown readable memory: 0x0000000107cff710 | 10 f7 cf 07 01 00 00 00
stack at sp + 2 slots: 0x0000000107bca6db: <offset 0xb946db> in /Library/Java/JavaVirtualMachines/temurin-17.jdk/Contents/Home/lib/server/libjvm.dylib at 0x0000000107036000
stack at sp + 3 slots: 0x000070000ad7b478 is pointing into the stack for thread: 0x00007fdb88868200
stack at sp + 4 slots: 0x000070000ad7b478 is pointing into the stack for thread: 0x00007fdb88868200
stack at sp + 5 slots: 0x0000000107bca6bc: <offset 0xb946bc> in /Library/Java/JavaVirtualMachines/temurin-17.jdk/Contents/Home/lib/server/libjvm.dylib at 0x0000000107036000
stack at sp + 6 slots: 0x000070000ad7b220 is pointing into the stack for thread: 0x00007fdb88868200
stack at sp + 7 slots: 0x0000000107240f3e: _ZN10StateSplit15state_values_doEP12ValueVisitor+0x1e in /Library/Java/JavaVirtualMachines/temurin-17.jdk/Contents/Home/lib/server/libjvm.dylib at 0x0000000107036000


---------------  P R O C E S S  ---------------

Threads class SMR info:
_java_thread_list=0x00006000035497a0, length=17, elements={
0x00007fdb88866600, 0x00007fdb88868e00, 0x00007fdb88048800, 0x00007fdb88869a00,
0x00007fdb88867600, 0x00007fdb88867c00, 0x00007fdb88868200, 0x00007fdb88048e00,
0x00007fdb8702f600, 0x00007fdb88868800, 0x00007fdb8886b000, 0x00007fdb8b853800,
0x00007fdb880e7600, 0x00007fdb888f5600, 0x00007fdb88008800, 0x00007fdb870e8800,
0x00007fdb8712a600
}

Java Threads: ( => current thread )
  0x00007fdb88866600 JavaThread "Reference Handler" daemon [_thread_blocked, id=15363, stack(0x000070000a564000,0x000070000a664000)]
  0x00007fdb88868e00 JavaThread "Finalizer" daemon [_thread_blocked, id=14339, stack(0x000070000a667000,0x000070000a767000)]
  0x00007fdb88048800 JavaThread "Signal Dispatcher" daemon [_thread_blocked, id=23043, stack(0x000070000a870000,0x000070000a970000)]
  0x00007fdb88869a00 JavaThread "Service Thread" daemon [_thread_blocked, id=23555, stack(0x000070000a973000,0x000070000aa73000)]
  0x00007fdb88867600 JavaThread "Monitor Deflation Thread" daemon [_thread_blocked, id=24067, stack(0x000070000aa76000,0x000070000ab76000)]
  0x00007fdb88867c00 JavaThread "C2 CompilerThread0" daemon [_thread_blocked, id=42499, stack(0x000070000ab79000,0x000070000ac79000)]
=>0x00007fdb88868200 JavaThread "C1 CompilerThread0" daemon [_thread_in_native, id=24579, stack(0x000070000ac7c000,0x000070000ad7c000)]
  0x00007fdb88048e00 JavaThread "Sweeper thread" daemon [_thread_blocked, id=41987, stack(0x000070000ad7f000,0x000070000ae7f000)]
  0x00007fdb8702f600 JavaThread "Common-Cleaner" daemon [_thread_blocked, id=41731, stack(0x000070000ae82000,0x000070000af82000)]
  0x00007fdb88868800 JavaThread "Notification Thread" daemon [_thread_blocked, id=41219, stack(0x000070000af85000,0x000070000b085000)]
  0x00007fdb8886b000 JavaThread "AppKit Thread" daemon [_thread_in_native, id=259, stack(0x00007ff7b9935000,0x00007ff7ba135000)]
  0x00007fdb8b853800 JavaThread "AWT-Shutdown" [_thread_blocked, id=32795, stack(0x000070000b18b000,0x000070000b28b000)]
  0x00007fdb880e7600 JavaThread "AWT-EventQueue-0" [_thread_blocked, id=53515, stack(0x000070000b5a0000,0x000070000b6a0000)]
  0x00007fdb888f5600 JavaThread "DestroyJavaVM" [_thread_blocked, id=6403, stack(0x0000700009e4f000,0x0000700009f4f000)]
  0x00007fdb88008800 JavaThread "Java2D Queue Flusher" daemon [_thread_blocked, id=76035, stack(0x000070000b6a3000,0x000070000b7a3000)]
  0x00007fdb870e8800 JavaThread "Java2D Disposer" daemon [_thread_blocked, id=56067, stack(0x000070000b7a6000,0x000070000b8a6000)]
  0x00007fdb8712a600 JavaThread "TimerQueue" daemon [_thread_blocked, id=60595, stack(0x000070000b8a9000,0x000070000b9a9000)]

Other Threads:
  0x00007fdb87807850 VMThread "VM Thread" [stack: 0x000070000a461000,0x000070000a561000] [id=16131]
  0x00007fdb89d06670 WatcherThread [stack: 0x000070000b088000,0x000070000b188000] [id=25603]
  0x00007fdb878062d0 GCTaskThread "GC Thread#0" [stack: 0x0000700009f52000,0x000070000a052000] [id=11523]
  0x00007fdb87b05cc0 ConcurrentGCThread "G1 Main Marker" [stack: 0x000070000a055000,0x000070000a155000] [id=18691]
  0x00007fdb879041a0 ConcurrentGCThread "G1 Conc#0" [stack: 0x000070000a158000,0x000070000a258000] [id=12035]
  0x00007fdb87806740 ConcurrentGCThread "G1 Refine#0" [stack: 0x000070000a25b000,0x000070000a35b000] [id=17923]
  0x00007fdb86f05520 ConcurrentGCThread "G1 Service" [stack: 0x000070000a35e000,0x000070000a45e000] [id=13059]

Threads with active compile tasks:
C1 CompilerThread0    16221 1680       3       java.util.LinkedList::listIterator (15 bytes)

VM state: not at safepoint (normal execution)

VM Mutex/Monitor currently owned by a thread: None

Heap address: 0x0000000780000000, size: 2048 MB, Compressed Oops mode: Zero based, Oop shift amount: 3

CDS archive(s) mapped at: [0x0000000800000000-0x0000000800bd0000-0x0000000800bd0000), size 12386304, SharedBaseAddress: 0x0000000800000000, ArchiveRelocationMode: 0.
Compressed class space mapped at: 0x0000000800c00000-0x0000000840c00000, reserved size: 1073741824
Narrow klass base: 0x0000000800000000, Narrow klass shift: 0, Narrow klass range: 0x100000000

GC Precious Log:
 CPUs: 8 total, 8 available
 Memory: 8192M
 Large Page Support: Disabled
 NUMA Support: Disabled
 Compressed Oops: Enabled (Zero based)
 Heap Region Size: 1M
 Heap Min Capacity: 8M
 Heap Initial Capacity: 128M
 Heap Max Capacity: 2G
 Pre-touch: Disabled
 Parallel Workers: 8
 Concurrent Workers: 2
 Concurrent Refinement Workers: 8
 Periodic GC: Disabled

Heap:
 garbage-first heap   total 133120K, used 13268K [0x0000000780000000, 0x0000000800000000)
  region size 1024K, 14 young (14336K), 0 survivors (0K)
 Metaspace       used 10308K, committed 10624K, reserved 1064960K
  class space    used 1200K, committed 1344K, reserved 1048576K

Heap Regions: E=young(eden), S=young(survivor), O=old, HS=humongous(starts), HC=humongous(continues), CS=collection set, F=free, OA=open archive, CA=closed archive, TAMS=top-at-mark-start (previous, next)
|   0|0x0000000780000000, 0x0000000780000000, 0x0000000780100000|  0%| F|  |TAMS 0x0000000780000000, 0x0000000780000000| Untracked 
|   1|0x0000000780100000, 0x0000000780100000, 0x0000000780200000|  0%| F|  |TAMS 0x0000000780100000, 0x0000000780100000| Untracked 
|   2|0x0000000780200000, 0x0000000780200000, 0x0000000780300000|  0%| F|  |TAMS 0x0000000780200000, 0x0000000780200000| Untracked 
|   3|0x0000000780300000, 0x0000000780300000, 0x0000000780400000|  0%| F|  |TAMS 0x0000000780300000, 0x0000000780300000| Untracked 
|   4|0x0000000780400000, 0x0000000780400000, 0x0000000780500000|  0%| F|  |TAMS 0x0000000780400000, 0x0000000780400000| Untracked 
|   5|0x0000000780500000, 0x0000000780500000, 0x0000000780600000|  0%| F|  |TAMS 0x0000000780500000, 0x0000000780500000| Untracked 
|   6|0x0000000780600000, 0x0000000780600000, 0x0000000780700000|  0%| F|  |TAMS 0x0000000780600000, 0x0000000780600000| Untracked 
|   7|0x0000000780700000, 0x0000000780700000, 0x0000000780800000|  0%| F|  |TAMS 0x0000000780700000, 0x0000000780700000| Untracked 
|   8|0x0000000780800000, 0x0000000780800000, 0x0000000780900000|  0%| F|  |TAMS 0x0000000780800000, 0x0000000780800000| Untracked 
|   9|0x0000000780900000, 0x0000000780900000, 0x0000000780a00000|  0%| F|  |TAMS 0x0000000780900000, 0x0000000780900000| Untracked 
|  10|0x0000000780a00000, 0x0000000780a00000, 0x0000000780b00000|  0%| F|  |TAMS 0x0000000780a00000, 0x0000000780a00000| Untracked 
|  11|0x0000000780b00000, 0x0000000780b00000, 0x0000000780c00000|  0%| F|  |TAMS 0x0000000780b00000, 0x0000000780b00000| Untracked 
|  12|0x0000000780c00000, 0x0000000780c00000, 0x0000000780d00000|  0%| F|  |TAMS 0x0000000780c00000, 0x0000000780c00000| Untracked 
|  13|0x0000000780d00000, 0x0000000780d00000, 0x0000000780e00000|  0%| F|  |TAMS 0x0000000780d00000, 0x0000000780d00000| Untracked 
|  14|0x0000000780e00000, 0x0000000780e00000, 0x0000000780f00000|  0%| F|  |TAMS 0x0000000780e00000, 0x0000000780e00000| Untracked 
|  15|0x0000000780f00000, 0x0000000780f00000, 0x0000000781000000|  0%| F|  |TAMS 0x0000000780f00000, 0x0000000780f00000| Untracked 
|  16|0x0000000781000000, 0x0000000781000000, 0x0000000781100000|  0%| F|  |TAMS 0x0000000781000000, 0x0000000781000000| Untracked 
|  17|0x0000000781100000, 0x0000000781100000, 0x0000000781200000|  0%| F|  |TAMS 0x0000000781100000, 0x0000000781100000| Untracked 
|  18|0x0000000781200000, 0x0000000781200000, 0x0000000781300000|  0%| F|  |TAMS 0x0000000781200000, 0x0000000781200000| Untracked 
|  19|0x0000000781300000, 0x0000000781300000, 0x0000000781400000|  0%| F|  |TAMS 0x0000000781300000, 0x0000000781300000| Untracked 
|  20|0x0000000781400000, 0x0000000781400000, 0x0000000781500000|  0%| F|  |TAMS 0x0000000781400000, 0x0000000781400000| Untracked 
|  21|0x0000000781500000, 0x0000000781500000, 0x0000000781600000|  0%| F|  |TAMS 0x0000000781500000, 0x0000000781500000| Untracked 
|  22|0x0000000781600000, 0x0000000781600000, 0x0000000781700000|  0%| F|  |TAMS 0x0000000781600000, 0x0000000781600000| Untracked 
|  23|0x0000000781700000, 0x0000000781700000, 0x0000000781800000|  0%| F|  |TAMS 0x0000000781700000, 0x0000000781700000| Untracked 
|  24|0x0000000781800000, 0x0000000781800000, 0x0000000781900000|  0%| F|  |TAMS 0x0000000781800000, 0x0000000781800000| Untracked 
|  25|0x0000000781900000, 0x0000000781900000, 0x0000000781a00000|  0%| F|  |TAMS 0x0000000781900000, 0x0000000781900000| Untracked 
|  26|0x0000000781a00000, 0x0000000781a00000, 0x0000000781b00000|  0%| F|  |TAMS 0x0000000781a00000, 0x0000000781a00000| Untracked 
|  27|0x0000000781b00000, 0x0000000781b00000, 0x0000000781c00000|  0%| F|  |TAMS 0x0000000781b00000, 0x0000000781b00000| Untracked 
|  28|0x0000000781c00000, 0x0000000781c00000, 0x0000000781d00000|  0%| F|  |TAMS 0x0000000781c00000, 0x0000000781c00000| Untracked 
|  29|0x0000000781d00000, 0x0000000781d00000, 0x0000000781e00000|  0%| F|  |TAMS 0x0000000781d00000, 0x0000000781d00000| Untracked 
|  30|0x0000000781e00000, 0x0000000781e00000, 0x0000000781f00000|  0%| F|  |TAMS 0x0000000781e00000, 0x0000000781e00000| Untracked 
|  31|0x0000000781f00000, 0x0000000781f00000, 0x0000000782000000|  0%| F|  |TAMS 0x0000000781f00000, 0x0000000781f00000| Untracked 
|  32|0x0000000782000000, 0x0000000782000000, 0x0000000782100000|  0%| F|  |TAMS 0x0000000782000000, 0x0000000782000000| Untracked 
|  33|0x0000000782100000, 0x0000000782100000, 0x0000000782200000|  0%| F|  |TAMS 0x0000000782100000, 0x0000000782100000| Untracked 
|  34|0x0000000782200000, 0x0000000782200000, 0x0000000782300000|  0%| F|  |TAMS 0x0000000782200000, 0x0000000782200000| Untracked 
|  35|0x0000000782300000, 0x0000000782300000, 0x0000000782400000|  0%| F|  |TAMS 0x0000000782300000, 0x0000000782300000| Untracked 
|  36|0x0000000782400000, 0x0000000782400000, 0x0000000782500000|  0%| F|  |TAMS 0x0000000782400000, 0x0000000782400000| Untracked 
|  37|0x0000000782500000, 0x0000000782500000, 0x0000000782600000|  0%| F|  |TAMS 0x0000000782500000, 0x0000000782500000| Untracked 
|  38|0x0000000782600000, 0x0000000782600000, 0x0000000782700000|  0%| F|  |TAMS 0x0000000782600000, 0x0000000782600000| Untracked 
|  39|0x0000000782700000, 0x0000000782700000, 0x0000000782800000|  0%| F|  |TAMS 0x0000000782700000, 0x0000000782700000| Untracked 
|  40|0x0000000782800000, 0x0000000782800000, 0x0000000782900000|  0%| F|  |TAMS 0x0000000782800000, 0x0000000782800000| Untracked 
|  41|0x0000000782900000, 0x0000000782900000, 0x0000000782a00000|  0%| F|  |TAMS 0x0000000782900000, 0x0000000782900000| Untracked 
|  42|0x0000000782a00000, 0x0000000782a00000, 0x0000000782b00000|  0%| F|  |TAMS 0x0000000782a00000, 0x0000000782a00000| Untracked 
|  43|0x0000000782b00000, 0x0000000782b00000, 0x0000000782c00000|  0%| F|  |TAMS 0x0000000782b00000, 0x0000000782b00000| Untracked 
|  44|0x0000000782c00000, 0x0000000782c00000, 0x0000000782d00000|  0%| F|  |TAMS 0x0000000782c00000, 0x0000000782c00000| Untracked 
|  45|0x0000000782d00000, 0x0000000782d00000, 0x0000000782e00000|  0%| F|  |TAMS 0x0000000782d00000, 0x0000000782d00000| Untracked 
|  46|0x0000000782e00000, 0x0000000782e00000, 0x0000000782f00000|  0%| F|  |TAMS 0x0000000782e00000, 0x0000000782e00000| Untracked 
|  47|0x0000000782f00000, 0x0000000782f00000, 0x0000000783000000|  0%| F|  |TAMS 0x0000000782f00000, 0x0000000782f00000| Untracked 
|  48|0x0000000783000000, 0x0000000783000000, 0x0000000783100000|  0%| F|  |TAMS 0x0000000783000000, 0x0000000783000000| Untracked 
|  49|0x0000000783100000, 0x0000000783100000, 0x0000000783200000|  0%| F|  |TAMS 0x0000000783100000, 0x0000000783100000| Untracked 
|  50|0x0000000783200000, 0x0000000783200000, 0x0000000783300000|  0%| F|  |TAMS 0x0000000783200000, 0x0000000783200000| Untracked 
|  51|0x0000000783300000, 0x0000000783300000, 0x0000000783400000|  0%| F|  |TAMS 0x0000000783300000, 0x0000000783300000| Untracked 
|  52|0x0000000783400000, 0x0000000783400000, 0x0000000783500000|  0%| F|  |TAMS 0x0000000783400000, 0x0000000783400000| Untracked 
|  53|0x0000000783500000, 0x0000000783500000, 0x0000000783600000|  0%| F|  |TAMS 0x0000000783500000, 0x0000000783500000| Untracked 
|  54|0x0000000783600000, 0x0000000783600000, 0x0000000783700000|  0%| F|  |TAMS 0x0000000783600000, 0x0000000783600000| Untracked 
|  55|0x0000000783700000, 0x0000000783700000, 0x0000000783800000|  0%| F|  |TAMS 0x0000000783700000, 0x0000000783700000| Untracked 
|  56|0x0000000783800000, 0x0000000783800000, 0x0000000783900000|  0%| F|  |TAMS 0x0000000783800000, 0x0000000783800000| Untracked 
|  57|0x0000000783900000, 0x0000000783900000, 0x0000000783a00000|  0%| F|  |TAMS 0x0000000783900000, 0x0000000783900000| Untracked 
|  58|0x0000000783a00000, 0x0000000783a00000, 0x0000000783b00000|  0%| F|  |TAMS 0x0000000783a00000, 0x0000000783a00000| Untracked 
|  59|0x0000000783b00000, 0x0000000783b00000, 0x0000000783c00000|  0%| F|  |TAMS 0x0000000783b00000, 0x0000000783b00000| Untracked 
|  60|0x0000000783c00000, 0x0000000783c00000, 0x0000000783d00000|  0%| F|  |TAMS 0x0000000783c00000, 0x0000000783c00000| Untracked 
|  61|0x0000000783d00000, 0x0000000783d00000, 0x0000000783e00000|  0%| F|  |TAMS 0x0000000783d00000, 0x0000000783d00000| Untracked 
|  62|0x0000000783e00000, 0x0000000783e00000, 0x0000000783f00000|  0%| F|  |TAMS 0x0000000783e00000, 0x0000000783e00000| Untracked 
|  63|0x0000000783f00000, 0x0000000783f00000, 0x0000000784000000|  0%| F|  |TAMS 0x0000000783f00000, 0x0000000783f00000| Untracked 
|  64|0x0000000784000000, 0x0000000784000000, 0x0000000784100000|  0%| F|  |TAMS 0x0000000784000000, 0x0000000784000000| Untracked 
|  65|0x0000000784100000, 0x0000000784100000, 0x0000000784200000|  0%| F|  |TAMS 0x0000000784100000, 0x0000000784100000| Untracked 
|  66|0x0000000784200000, 0x0000000784200000, 0x0000000784300000|  0%| F|  |TAMS 0x0000000784200000, 0x0000000784200000| Untracked 
|  67|0x0000000784300000, 0x0000000784300000, 0x0000000784400000|  0%| F|  |TAMS 0x0000000784300000, 0x0000000784300000| Untracked 
|  68|0x0000000784400000, 0x0000000784400000, 0x0000000784500000|  0%| F|  |TAMS 0x0000000784400000, 0x0000000784400000| Untracked 
|  69|0x0000000784500000, 0x0000000784500000, 0x0000000784600000|  0%| F|  |TAMS 0x0000000784500000, 0x0000000784500000| Untracked 
|  70|0x0000000784600000, 0x0000000784600000, 0x0000000784700000|  0%| F|  |TAMS 0x0000000784600000, 0x0000000784600000| Untracked 
|  71|0x0000000784700000, 0x0000000784700000, 0x0000000784800000|  0%| F|  |TAMS 0x0000000784700000, 0x0000000784700000| Untracked 
|  72|0x0000000784800000, 0x0000000784800000, 0x0000000784900000|  0%| F|  |TAMS 0x0000000784800000, 0x0000000784800000| Untracked 
|  73|0x0000000784900000, 0x0000000784900000, 0x0000000784a00000|  0%| F|  |TAMS 0x0000000784900000, 0x0000000784900000| Untracked 
|  74|0x0000000784a00000, 0x0000000784a00000, 0x0000000784b00000|  0%| F|  |TAMS 0x0000000784a00000, 0x0000000784a00000| Untracked 
|  75|0x0000000784b00000, 0x0000000784b00000, 0x0000000784c00000|  0%| F|  |TAMS 0x0000000784b00000, 0x0000000784b00000| Untracked 
|  76|0x0000000784c00000, 0x0000000784c00000, 0x0000000784d00000|  0%| F|  |TAMS 0x0000000784c00000, 0x0000000784c00000| Untracked 
|  77|0x0000000784d00000, 0x0000000784d00000, 0x0000000784e00000|  0%| F|  |TAMS 0x0000000784d00000, 0x0000000784d00000| Untracked 
|  78|0x0000000784e00000, 0x0000000784e00000, 0x0000000784f00000|  0%| F|  |TAMS 0x0000000784e00000, 0x0000000784e00000| Untracked 
|  79|0x0000000784f00000, 0x0000000784f00000, 0x0000000785000000|  0%| F|  |TAMS 0x0000000784f00000, 0x0000000784f00000| Untracked 
|  80|0x0000000785000000, 0x0000000785000000, 0x0000000785100000|  0%| F|  |TAMS 0x0000000785000000, 0x0000000785000000| Untracked 
|  81|0x0000000785100000, 0x0000000785100000, 0x0000000785200000|  0%| F|  |TAMS 0x0000000785100000, 0x0000000785100000| Untracked 
|  82|0x0000000785200000, 0x0000000785200000, 0x0000000785300000|  0%| F|  |TAMS 0x0000000785200000, 0x0000000785200000| Untracked 
|  83|0x0000000785300000, 0x0000000785300000, 0x0000000785400000|  0%| F|  |TAMS 0x0000000785300000, 0x0000000785300000| Untracked 
|  84|0x0000000785400000, 0x0000000785400000, 0x0000000785500000|  0%| F|  |TAMS 0x0000000785400000, 0x0000000785400000| Untracked 
|  85|0x0000000785500000, 0x0000000785500000, 0x0000000785600000|  0%| F|  |TAMS 0x0000000785500000, 0x0000000785500000| Untracked 
|  86|0x0000000785600000, 0x0000000785600000, 0x0000000785700000|  0%| F|  |TAMS 0x0000000785600000, 0x0000000785600000| Untracked 
|  87|0x0000000785700000, 0x0000000785700000, 0x0000000785800000|  0%| F|  |TAMS 0x0000000785700000, 0x0000000785700000| Untracked 
|  88|0x0000000785800000, 0x0000000785800000, 0x0000000785900000|  0%| F|  |TAMS 0x0000000785800000, 0x0000000785800000| Untracked 
|  89|0x0000000785900000, 0x0000000785900000, 0x0000000785a00000|  0%| F|  |TAMS 0x0000000785900000, 0x0000000785900000| Untracked 
|  90|0x0000000785a00000, 0x0000000785a00000, 0x0000000785b00000|  0%| F|  |TAMS 0x0000000785a00000, 0x0000000785a00000| Untracked 
|  91|0x0000000785b00000, 0x0000000785b00000, 0x0000000785c00000|  0%| F|  |TAMS 0x0000000785b00000, 0x0000000785b00000| Untracked 
|  92|0x0000000785c00000, 0x0000000785c00000, 0x0000000785d00000|  0%| F|  |TAMS 0x0000000785c00000, 0x0000000785c00000| Untracked 
|  93|0x0000000785d00000, 0x0000000785d00000, 0x0000000785e00000|  0%| F|  |TAMS 0x0000000785d00000, 0x0000000785d00000| Untracked 
|  94|0x0000000785e00000, 0x0000000785e00000, 0x0000000785f00000|  0%| F|  |TAMS 0x0000000785e00000, 0x0000000785e00000| Untracked 
|  95|0x0000000785f00000, 0x0000000785f00000, 0x0000000786000000|  0%| F|  |TAMS 0x0000000785f00000, 0x0000000785f00000| Untracked 
|  96|0x0000000786000000, 0x0000000786000000, 0x0000000786100000|  0%| F|  |TAMS 0x0000000786000000, 0x0000000786000000| Untracked 
|  97|0x0000000786100000, 0x0000000786100000, 0x0000000786200000|  0%| F|  |TAMS 0x0000000786100000, 0x0000000786100000| Untracked 
|  98|0x0000000786200000, 0x0000000786200000, 0x0000000786300000|  0%| F|  |TAMS 0x0000000786200000, 0x0000000786200000| Untracked 
|  99|0x0000000786300000, 0x0000000786300000, 0x0000000786400000|  0%| F|  |TAMS 0x0000000786300000, 0x0000000786300000| Untracked 
| 100|0x0000000786400000, 0x0000000786400000, 0x0000000786500000|  0%| F|  |TAMS 0x0000000786400000, 0x0000000786400000| Untracked 
| 101|0x0000000786500000, 0x0000000786500000, 0x0000000786600000|  0%| F|  |TAMS 0x0000000786500000, 0x0000000786500000| Untracked 
| 102|0x0000000786600000, 0x0000000786600000, 0x0000000786700000|  0%| F|  |TAMS 0x0000000786600000, 0x0000000786600000| Untracked 
| 103|0x0000000786700000, 0x0000000786700000, 0x0000000786800000|  0%| F|  |TAMS 0x0000000786700000, 0x0000000786700000| Untracked 
| 104|0x0000000786800000, 0x0000000786800000, 0x0000000786900000|  0%| F|  |TAMS 0x0000000786800000, 0x0000000786800000| Untracked 
| 105|0x0000000786900000, 0x0000000786900000, 0x0000000786a00000|  0%| F|  |TAMS 0x0000000786900000, 0x0000000786900000| Untracked 
| 106|0x0000000786a00000, 0x0000000786a00000, 0x0000000786b00000|  0%| F|  |TAMS 0x0000000786a00000, 0x0000000786a00000| Untracked 
| 107|0x0000000786b00000, 0x0000000786b00000, 0x0000000786c00000|  0%| F|  |TAMS 0x0000000786b00000, 0x0000000786b00000| Untracked 
| 108|0x0000000786c00000, 0x0000000786c00000, 0x0000000786d00000|  0%| F|  |TAMS 0x0000000786c00000, 0x0000000786c00000| Untracked 
| 109|0x0000000786d00000, 0x0000000786d00000, 0x0000000786e00000|  0%| F|  |TAMS 0x0000000786d00000, 0x0000000786d00000| Untracked 
| 110|0x0000000786e00000, 0x0000000786e00000, 0x0000000786f00000|  0%| F|  |TAMS 0x0000000786e00000, 0x0000000786e00000| Untracked 
| 111|0x0000000786f00000, 0x0000000786f00000, 0x0000000787000000|  0%| F|  |TAMS 0x0000000786f00000, 0x0000000786f00000| Untracked 
| 112|0x0000000787000000, 0x0000000787000000, 0x0000000787100000|  0%| F|  |TAMS 0x0000000787000000, 0x0000000787000000| Untracked 
| 113|0x0000000787100000, 0x0000000787100000, 0x0000000787200000|  0%| F|  |TAMS 0x0000000787100000, 0x0000000787100000| Untracked 
| 114|0x0000000787200000, 0x0000000787276470, 0x0000000787300000| 46%| E|  |TAMS 0x0000000787200000, 0x0000000787200000| Complete 
| 115|0x0000000787300000, 0x0000000787400000, 0x0000000787400000|100%| E|CS|TAMS 0x0000000787300000, 0x0000000787300000| Complete 
| 116|0x0000000787400000, 0x0000000787500000, 0x0000000787500000|100%| E|CS|TAMS 0x0000000787400000, 0x0000000787400000| Complete 
| 117|0x0000000787500000, 0x0000000787600000, 0x0000000787600000|100%| E|CS|TAMS 0x0000000787500000, 0x0000000787500000| Complete 
| 118|0x0000000787600000, 0x0000000787700000, 0x0000000787700000|100%| E|  |TAMS 0x0000000787600000, 0x0000000787600000| Complete 
| 119|0x0000000787700000, 0x0000000787800000, 0x0000000787800000|100%| E|CS|TAMS 0x0000000787700000, 0x0000000787700000| Complete 
| 120|0x0000000787800000, 0x0000000787900000, 0x0000000787900000|100%| E|CS|TAMS 0x0000000787800000, 0x0000000787800000| Complete 
| 121|0x0000000787900000, 0x0000000787a00000, 0x0000000787a00000|100%| E|CS|TAMS 0x0000000787900000, 0x0000000787900000| Complete 
| 122|0x0000000787a00000, 0x0000000787b00000, 0x0000000787b00000|100%| E|CS|TAMS 0x0000000787a00000, 0x0000000787a00000| Complete 
| 123|0x0000000787b00000, 0x0000000787c00000, 0x0000000787c00000|100%| E|CS|TAMS 0x0000000787b00000, 0x0000000787b00000| Complete 
| 124|0x0000000787c00000, 0x0000000787d00000, 0x0000000787d00000|100%| E|CS|TAMS 0x0000000787c00000, 0x0000000787c00000| Complete 
| 125|0x0000000787d00000, 0x0000000787e00000, 0x0000000787e00000|100%| E|CS|TAMS 0x0000000787d00000, 0x0000000787d00000| Complete 
| 126|0x0000000787e00000, 0x0000000787f00000, 0x0000000787f00000|100%| E|CS|TAMS 0x0000000787e00000, 0x0000000787e00000| Complete 
| 127|0x0000000787f00000, 0x0000000788000000, 0x0000000788000000|100%| E|CS|TAMS 0x0000000787f00000, 0x0000000787f00000| Complete 
|2046|0x00000007ffe00000, 0x00000007ffe76000, 0x00000007fff00000| 46%|OA|  |TAMS 0x00000007ffe00000, 0x00000007ffe00000| Untracked 
|2047|0x00000007fff00000, 0x00000007fff7f000, 0x0000000800000000| 49%|CA|  |TAMS 0x00000007fff00000, 0x00000007fff00000| Untracked 

Card table byte_map: [0x0000000106591000,0x0000000106991000] _byte_map_base: 0x0000000102991000

Marking Bits (Prev, Next): (CMBitMap*) 0x00007fdb8881c810, (CMBitMap*) 0x00007fdb8881c850
 Prev Bits: [0x000000011ed41000, 0x0000000120d41000)
 Next Bits: [0x0000000120d41000, 0x0000000122d41000)

Polling page: 0x0000000105ee5000

Metaspace:

Usage:
  Non-class:      8.89 MB used.
      Class:      1.17 MB used.
       Both:     10.07 MB used.

Virtual space:
  Non-class space:       16.00 MB reserved,       9.06 MB ( 57%) committed,  2 nodes.
      Class space:        1.00 GB reserved,       1.31 MB ( <1%) committed,  1 nodes.
             Both:        1.02 GB reserved,      10.38 MB ( <1%) committed. 

Chunk freelists:
   Non-Class:  2.99 MB
       Class:  2.72 MB
        Both:  5.71 MB

MaxMetaspaceSize: unlimited
CompressedClassSpaceSize: 1.00 GB
Initial GC threshold: 21.00 MB
Current GC threshold: 21.00 MB
CDS: on
MetaspaceReclaimPolicy: balanced
 - commit_granule_bytes: 65536.
 - commit_granule_words: 8192.
 - virtual_space_node_default_size: 1048576.
 - enlarge_chunks_in_place: 1.
 - new_chunks_are_fully_committed: 0.
 - uncommit_free_chunks: 1.
 - use_allocation_guard: 0.
 - handle_deallocations: 1.


Internal statistics:

num_allocs_failed_limit: 0.
num_arena_births: 164.
num_arena_deaths: 0.
num_vsnodes_births: 3.
num_vsnodes_deaths: 0.
num_space_committed: 166.
num_space_uncommitted: 0.
num_chunks_returned_to_freelist: 0.
num_chunks_taken_from_freelist: 206.
num_chunk_merges: 0.
num_chunk_splits: 130.
num_chunks_enlarged: 75.
num_purges: 0.
num_inconsistent_stats: 0.

CodeHeap 'non-profiled nmethods': size=120028Kb used=454Kb max_used=454Kb free=119573Kb
 bounds [0x000000011780a000, 0x0000000117a7a000, 0x000000011ed41000]
CodeHeap 'profiled nmethods': size=120028Kb used=2968Kb max_used=2968Kb free=117059Kb
 bounds [0x00000001102d3000, 0x00000001105c3000, 0x000000011780a000]
CodeHeap 'non-nmethods': size=5704Kb used=1314Kb max_used=1333Kb free=4389Kb
 bounds [0x000000010fd41000, 0x000000010ffb1000, 0x00000001102d3000]
 total_blobs=2333 nmethods=1678 adapters=568
 compilation: enabled
              stopped_count=0, restarted_count=0
 full_count=0

Compilation events (20 events):
Event: 15.810 Thread 0x00007fdb88868200 nmethod 1670 0x00000001105b3d90 code [0x00000001105b4000, 0x00000001105b4df0]
Event: 15.812 Thread 0x00007fdb88868200 1671       3       sun.java2d.SunGraphics2D::getDeviceConfiguration (8 bytes)
Event: 15.812 Thread 0x00007fdb88868200 nmethod 1671 0x00000001105b5290 code [0x00000001105b5440, 0x00000001105b5620]
Event: 15.813 Thread 0x00007fdb88868200 1672  s    3       javax.swing.RepaintManager::getPaintManager (107 bytes)
Event: 15.813 Thread 0x00007fdb88868200 nmethod 1672 0x00000001105b5710 code [0x00000001105b5920, 0x00000001105b60a0]
Event: 16.012 Thread 0x00007fdb88868200 1673       3       javax.swing.MultiUIDefaults::get (67 bytes)
Event: 16.012 Thread 0x00007fdb88868200 nmethod 1673 0x00000001105b6290 code [0x00000001105b6480, 0x00000001105b69a0]
Event: 16.014 Thread 0x00007fdb88868200 1674  s    3       javax.swing.RepaintManager::extendDirtyRegion (36 bytes)
Event: 16.014 Thread 0x00007fdb88868200 nmethod 1674 0x00000001105b6b90 code [0x00000001105b6d60, 0x00000001105b71d0]
Event: 16.153 Thread 0x00007fdb88868200 1675       3       java.awt.Container::postProcessKeyEvent (15 bytes)
Event: 16.153 Thread 0x00007fdb88868200 nmethod 1675 0x00000001105b7310 code [0x00000001105b74c0, 0x00000001105b76c0]
Event: 16.197 Thread 0x00007fdb88868200 1676       3       java.util.LinkedList::checkPositionIndex (22 bytes)
Event: 16.197 Thread 0x00007fdb88868200 nmethod 1676 0x00000001105b7790 code [0x00000001105b79e0, 0x00000001105b80c0]
Event: 16.197 Thread 0x00007fdb88868200 1677       3       java.util.LinkedList::isPositionIndex (18 bytes)
Event: 16.197 Thread 0x00007fdb88868200 nmethod 1677 0x00000001105b8390 code [0x00000001105b8520, 0x00000001105b86b0]
Event: 16.197 Thread 0x00007fdb88868200 1678       3       javax.swing.JComponent::isDoubleBuffered (6 bytes)
Event: 16.198 Thread 0x00007fdb88868200 nmethod 1678 0x00000001105b8710 code [0x00000001105b88c0, 0x00000001105b8a90]
Event: 16.199 Thread 0x00007fdb88868200 1679       3       javax.swing.JComponent::getGraphics (33 bytes)
Event: 16.200 Thread 0x00007fdb88868200 nmethod 1679 0x00000001105b8b90 code [0x00000001105b8d80, 0x00000001105b9130]
Event: 16.200 Thread 0x00007fdb88868200 1680       3       java.util.LinkedList::listIterator (15 bytes)

GC Heap History (0 events):
No events

Deoptimization events (20 events):
Event: 2.425 Thread 0x00007fdb880e7600 Uncommon trap: trap_request=0xffffff45 fr.pc=0x000000011783a84c relative=0x000000000000020c
Event: 2.425 Thread 0x00007fdb880e7600 Uncommon trap: reason=unstable_if action=reinterpret pc=0x000000011783a84c method=java.util.HashMap.getNode(Ljava/lang/Object;)Ljava/util/HashMap$Node; @ 66 c2
Event: 2.425 Thread 0x00007fdb880e7600 DEOPT PACKING pc=0x000000011783a84c sp=0x000070000b69ded0
Event: 2.425 Thread 0x00007fdb880e7600 DEOPT UNPACKING pc=0x000000010fd93099 sp=0x000070000b69de80 mode 2
Event: 4.648 Thread 0x00007fdb880e7600 Uncommon trap: trap_request=0xffffffde fr.pc=0x000000011781a558 relative=0x00000000000001b8
Event: 4.648 Thread 0x00007fdb880e7600 Uncommon trap: reason=class_check action=maybe_recompile pc=0x000000011781a558 method=java.lang.String.equals(Ljava/lang/Object;)Z @ 8 c2
Event: 4.648 Thread 0x00007fdb880e7600 DEOPT PACKING pc=0x000000011781a558 sp=0x000070000b69e730
Event: 4.648 Thread 0x00007fdb880e7600 DEOPT UNPACKING pc=0x000000010fd93099 sp=0x000070000b69e6e8 mode 2
Event: 4.648 Thread 0x00007fdb880e7600 Uncommon trap: trap_request=0xffffffde fr.pc=0x000000011781a558 relative=0x00000000000001b8
Event: 4.648 Thread 0x00007fdb880e7600 Uncommon trap: reason=class_check action=maybe_recompile pc=0x000000011781a558 method=java.lang.String.equals(Ljava/lang/Object;)Z @ 8 c2
Event: 4.648 Thread 0x00007fdb880e7600 DEOPT PACKING pc=0x000000011781a558 sp=0x000070000b69e730
Event: 4.648 Thread 0x00007fdb880e7600 DEOPT UNPACKING pc=0x000000010fd93099 sp=0x000070000b69e6e8 mode 2
Event: 4.870 Thread 0x00007fdb880e7600 Uncommon trap: trap_request=0xffffffde fr.pc=0x000000011781a558 relative=0x00000000000001b8
Event: 4.870 Thread 0x00007fdb880e7600 Uncommon trap: reason=class_check action=maybe_recompile pc=0x000000011781a558 method=java.lang.String.equals(Ljava/lang/Object;)Z @ 8 c2
Event: 4.870 Thread 0x00007fdb880e7600 DEOPT PACKING pc=0x000000011781a558 sp=0x000070000b69e730
Event: 4.870 Thread 0x00007fdb880e7600 DEOPT UNPACKING pc=0x000000010fd93099 sp=0x000070000b69e6e8 mode 2
Event: 4.870 Thread 0x00007fdb880e7600 Uncommon trap: trap_request=0xffffffde fr.pc=0x000000011781a558 relative=0x00000000000001b8
Event: 4.870 Thread 0x00007fdb880e7600 Uncommon trap: reason=class_check action=maybe_recompile pc=0x000000011781a558 method=java.lang.String.equals(Ljava/lang/Object;)Z @ 8 c2
Event: 4.870 Thread 0x00007fdb880e7600 DEOPT PACKING pc=0x000000011781a558 sp=0x000070000b69e730
Event: 4.870 Thread 0x00007fdb880e7600 DEOPT UNPACKING pc=0x000000010fd93099 sp=0x000070000b69e6e8 mode 2

Classes unloaded (0 events):
No events

Classes redefined (0 events):
No events

Internal exceptions (20 events):
Event: 0.445 Thread 0x00007fdb880e7600 Exception <a 'java/lang/NoSuchMethodError'{0x0000000787c99408}: 'void java.lang.invoke.DirectMethodHandle$Holder.invokeStatic(java.lang.Object, java.lang.Object)'> (0x0000000787c99408) 
thrown [src/hotspot/share/interpreter/linkResolver.cpp, line 766]
Event: 0.467 Thread 0x00007fdb880e7600 Exception <a 'java/lang/NoSuchMethodError'{0x0000000787cc0a30}: 'void java.lang.invoke.DirectMethodHandle$Holder.invokeSpecial(java.lang.Object, java.lang.Object, java.lang.Object)'> (0x0000000787cc0a30) 
thrown [src/hotspot/share/interpreter/linkResolver.cpp, line 766]
Event: 0.477 Thread 0x00007fdb880e7600 Exception <a 'java/lang/NoSuchMethodError'{0x0000000787cd7818}: 'void java.lang.invoke.DirectMethodHandle$Holder.invokeStaticInit(java.lang.Object)'> (0x0000000787cd7818) 
thrown [src/hotspot/share/interpreter/linkResolver.cpp, line 766]
Event: 0.486 Thread 0x00007fdb880e7600 Exception <a 'java/lang/NoSuchMethodError'{0x0000000787b84aa8}: 'java.lang.Object java.lang.invoke.DirectMethodHandle$Holder.newInvokeSpecial(java.lang.Object, java.lang.Object, java.lang.Object, java.lang.Object, java.lang.Object)'> (0x0000000787b84aa8) 
thrown [src/hotspot/share/interpreter/linkResolver.cpp, line 766]
Event: 0.488 Thread 0x00007fdb880e7600 Exception <a 'java/lang/NoSuchMethodError'{0x0000000787b90470}: 'java.lang.Object java.lang.invoke.DirectMethodHandle$Holder.invokeStatic(java.lang.Object, int, java.lang.Object, java.lang.Object, java.lang.Object, java.lang.Object)'> (0x0000000787b90470) 
thrown [src/hotspot/share/interpreter/linkResolver.cpp, line 766]
Event: 0.491 Thread 0x00007fdb880e7600 Exception <a 'java/lang/NoSuchMethodError'{0x0000000787bb5b60}: 'java.lang.Object java.lang.invoke.DirectMethodHandle$Holder.invokeStatic(java.lang.Object, int, java.lang.Object)'> (0x0000000787bb5b60) 
thrown [src/hotspot/share/interpreter/linkResolver.cpp, line 766]
Event: 0.496 Thread 0x00007fdb880e7600 Exception <a 'java/lang/ClassNotFoundException'{0x0000000787be6af8}: com/apple/laf/resources/spi/aquaProvider> (0x0000000787be6af8) 
thrown [src/hotspot/share/classfile/systemDictionary.cpp, line 256]
Event: 0.515 Thread 0x00007fdb880e7600 Exception <a 'java/lang/ClassNotFoundException'{0x0000000787a56328}: com/sun/swing/internal/plaf/basic/resources/spi/basicProvider> (0x0000000787a56328) 
thrown [src/hotspot/share/classfile/systemDictionary.cpp, line 256]
Event: 1.183 Thread 0x00007fdb880e7600 Exception <a 'java/io/FileNotFoundException'{0x0000000787891088}> (0x0000000787891088) 
thrown [src/hotspot/share/prims/jni.cpp, line 516]
Event: 1.205 Thread 0x00007fdb8b856200 Exception <a 'java/lang/NoSuchMethodError'{0x00000007877d9a80}: 'java.lang.Object java.lang.invoke.DirectMethodHandle$Holder.newInvokeSpecial(java.lang.Object, java.lang.Object, java.lang.Object, int, int, int, int, int)'> (0x00000007877d9a80) 
thrown [src/hotspot/share/interpreter/linkResolver.cpp, line 766]
Event: 1.227 Thread 0x00007fdb880e7600 Exception <a 'java/lang/NoSuchMethodError'{0x00000007878b2798}: 'java.lang.Object java.lang.invoke.DirectMethodHandle$Holder.newInvokeSpecial(java.lang.Object, java.lang.Object, java.lang.Object, int, java.lang.Object)'> (0x00000007878b2798) 
thrown [src/hotspot/share/interpreter/linkResolver.cpp, line 766]
Event: 1.228 Thread 0x00007fdb880e7600 Exception <a 'java/lang/NoSuchMethodError'{0x00000007878ba358}: 'java.lang.Object java.lang.invoke.Invokers$Holder.linkToTargetMethod(java.lang.Object, java.lang.Object, int, java.lang.Object, java.lang.Object)'> (0x00000007878ba358) 
thrown [src/hotspot/share/interpreter/linkResolver.cpp, line 766]
Event: 1.251 Thread 0x00007fdb880e7600 Exception <a 'java/lang/NoSuchMethodError'{0x00000007878cbaa0}: 'java.lang.Object java.lang.invoke.Invokers$Holder.linkToTargetMethod(int, int, int, int, java.lang.Object)'> (0x00000007878cbaa0) 
thrown [src/hotspot/share/interpreter/linkResolver.cpp, line 766]
Event: 1.252 Thread 0x00007fdb880e7600 Exception <a 'java/lang/NoSuchMethodError'{0x00000007878cf738}: 'void java.lang.invoke.DirectMethodHandle$Holder.invokeStatic(java.lang.Object, java.lang.Object, long)'> (0x00000007878cf738) 
thrown [src/hotspot/share/interpreter/linkResolver.cpp, line 766]
Event: 1.259 Thread 0x00007fdb8886b000 Exception <a 'java/lang/NoSuchMethodError'{0x0000000787b3ef88}: 'void java.lang.invoke.DirectMethodHandle$Holder.invokeSpecial(java.lang.Object, java.lang.Object, long)'> (0x0000000787b3ef88) 
thrown [src/hotspot/share/interpreter/linkResolver.cpp, line 766]
Event: 1.290 Thread 0x00007fdb880e7600 Exception <a 'java/lang/NoSuchMethodError'{0x0000000787602438}: 'void java.lang.invoke.DirectMethodHandle$Holder.invokeStatic(java.lang.Object, long, long)'> (0x0000000787602438) 
thrown [src/hotspot/share/interpreter/linkResolver.cpp, line 766]
Event: 1.291 Thread 0x00007fdb880e7600 Exception <a 'java/lang/NoSuchMethodError'{0x0000000787607d08}: 'java.lang.Object java.lang.invoke.DirectMethodHandle$Holder.newInvokeSpecial(java.lang.Object, long)'> (0x0000000787607d08) 
thrown [src/hotspot/share/interpreter/linkResolver.cpp, line 766]
Event: 1.292 Thread 0x00007fdb880e7600 Exception <a 'java/lang/NoSuchMethodError'{0x0000000787611fc0}: 'java.lang.Object java.lang.invoke.DirectMethodHandle$Holder.newInvokeSpecial(java.lang.Object, java.lang.Object, int)'> (0x0000000787611fc0) 
thrown [src/hotspot/share/interpreter/linkResolver.cpp, line 766]
Event: 1.298 Thread 0x00007fdb8886b000 Exception <a 'java/lang/NoSuchMethodError'{0x0000000787b4c5b0}: 'void java.lang.invoke.DirectMethodHandle$Holder.invokeStatic(java.lang.Object, long)'> (0x0000000787b4c5b0) 
thrown [src/hotspot/share/interpreter/linkResolver.cpp, line 766]
Event: 2.439 Thread 0x00007fdb880e7600 Exception <a 'java/lang/NoSuchMethodError'{0x000000078745e8c8}: 'void java.lang.invoke.DirectMethodHandle$Holder.invokeSpecial(java.lang.Object, java.lang.Object, java.lang.Object, java.lang.Object, java.lang.Object)'> (0x000000078745e8c8) 
thrown [src/hotspot/share/interpreter/linkResolver.cpp, line 766]

VM Operations (20 events):
Event: 3.390 Executing VM operation: Cleanup
Event: 3.390 Executing VM operation: Cleanup done
Event: 4.391 Executing VM operation: Cleanup
Event: 4.391 Executing VM operation: Cleanup done
Event: 5.392 Executing VM operation: Cleanup
Event: 5.392 Executing VM operation: Cleanup done
Event: 6.393 Executing VM operation: Cleanup
Event: 6.393 Executing VM operation: Cleanup done
Event: 9.403 Executing VM operation: Cleanup
Event: 9.404 Executing VM operation: Cleanup done
Event: 10.407 Executing VM operation: Cleanup
Event: 10.407 Executing VM operation: Cleanup done
Event: 11.409 Executing VM operation: Cleanup
Event: 11.409 Executing VM operation: Cleanup done
Event: 12.409 Executing VM operation: Cleanup
Event: 12.409 Executing VM operation: Cleanup done
Event: 14.417 Executing VM operation: Cleanup
Event: 14.417 Executing VM operation: Cleanup done
Event: 15.421 Executing VM operation: Cleanup
Event: 15.422 Executing VM operation: Cleanup done

Events (20 events):
Event: 2.446 loading class sun/awt/datatransfer/DataTransferer$ReencodingInputStream
Event: 2.446 loading class sun/awt/datatransfer/DataTransferer$ReencodingInputStream done
Event: 2.447 loading class sun/nio/cs/UTF_16$Encoder
Event: 2.447 loading class sun/nio/cs/UnicodeEncoder
Event: 2.447 loading class sun/nio/cs/UnicodeEncoder done
Event: 2.447 loading class sun/nio/cs/UTF_16$Encoder done
Event: 2.447 loading class sun/nio/cs/UTF_16$Decoder
Event: 2.447 loading class sun/nio/cs/UnicodeDecoder
Event: 2.447 loading class sun/nio/cs/UnicodeDecoder done
Event: 2.447 loading class sun/nio/cs/UTF_16$Decoder done
Event: 2.447 loading class javax/swing/JLayer
Event: 2.447 loading class javax/swing/JLayer done
Event: 2.447 loading class javax/swing/JViewport
Event: 2.447 loading class javax/swing/JViewport done
Event: 2.448 loading class javax/swing/RepaintManager$3
Event: 2.448 loading class javax/swing/RepaintManager$3 done
Event: 2.951 loading class javax/swing/Timer$1
Event: 2.952 loading class javax/swing/Timer$1 done
Event: 6.214 Protecting memory [0x000070000b9ac000,0x000070000b9b0000] with protection modes 3
Event: 6.214 Thread 0x00007fdb8b856200 Thread exited: 0x00007fdb8b856200


Dynamic libraries:
0x0000000105ee8000 	/Library/Java/JavaVirtualMachines/temurin-17.jdk/Contents/Home/lib/libjli.dylib
0x00007ff811694000 	/usr/lib/libz.1.dylib
0x00007ff811774000 	/usr/lib/libSystem.B.dylib
0x00007ff81176f000 	/usr/lib/system/libcache.dylib
0x00007ff81172b000 	/usr/lib/system/libcommonCrypto.dylib
0x00007ff811754000 	/usr/lib/system/libcompiler_rt.dylib
0x00007ff81174a000 	/usr/lib/system/libcopyfile.dylib
0x00007ff806790000 	/usr/lib/system/libcorecrypto.dylib
0x00007ff80684f000 	/usr/lib/system/libdispatch.dylib
0x00007ff806a0e000 	/usr/lib/system/libdyld.dylib
0x00007ff811766000 	/usr/lib/system/libkeymgr.dylib
0x00007ff811709000 	/usr/lib/system/libmacho.dylib
0x00007ff810d99000 	/usr/lib/system/libquarantine.dylib
0x00007ff811764000 	/usr/lib/system/libremovefile.dylib
0x00007ff80b972000 	/usr/lib/system/libsystem_asl.dylib
0x00007ff80673e000 	/usr/lib/system/libsystem_blocks.dylib
0x00007ff8068d3000 	/usr/lib/system/libsystem_c.dylib
0x00007ff81175c000 	/usr/lib/system/libsystem_collections.dylib
0x00007ff810041000 	/usr/lib/system/libsystem_configuration.dylib
0x00007ff80f302000 	/usr/lib/system/libsystem_containermanager.dylib
0x00007ff811446000 	/usr/lib/system/libsystem_coreservices.dylib
0x00007ff809038000 	/usr/lib/system/libsystem_darwin.dylib
0x00007ff811767000 	/usr/lib/system/libsystem_dnssd.dylib
0x00007ff8068d0000 	/usr/lib/system/libsystem_featureflags.dylib
0x00007ff806a24000 	/usr/lib/system/libsystem_info.dylib
0x00007ff8116a7000 	/usr/lib/system/libsystem_m.dylib
0x00007ff806823000 	/usr/lib/system/libsystem_malloc.dylib
0x00007ff80b90f000 	/usr/lib/system/libsystem_networkextension.dylib
0x00007ff809460000 	/usr/lib/system/libsystem_notify.dylib
0x00007ff8178e3000 	/usr/lib/system/libsystem_product_info_filter.dylib
0x00007ff810045000 	/usr/lib/system/libsystem_sandbox.dylib
0x00007ff811761000 	/usr/lib/system/libsystem_secinit.dylib
0x00007ff8069cb000 	/usr/lib/system/libsystem_kernel.dylib
0x00007ff806a1a000 	/usr/lib/system/libsystem_platform.dylib
0x00007ff806a02000 	/usr/lib/system/libsystem_pthread.dylib
0x00007ff80d1c7000 	/usr/lib/system/libsystem_symptoms.dylib
0x00007ff806777000 	/usr/lib/system/libsystem_trace.dylib
0x00007ff811737000 	/usr/lib/system/libunwind.dylib
0x00007ff806740000 	/usr/lib/system/libxpc.dylib
0x00007ff8069b5000 	/usr/lib/libc++abi.dylib
0x00007ff806896000 	/usr/lib/libobjc.A.dylib
0x00007ff811742000 	/usr/lib/liboah.dylib
0x00007ff80695c000 	/usr/lib/libc++.1.dylib
0x00007ff81d639000 	/System/Library/Frameworks/Cocoa.framework/Versions/A/Cocoa
0x00007ff8094be000 	/System/Library/Frameworks/AppKit.framework/Versions/C/AppKit
0x00007ff80c9b4000 	/System/Library/Frameworks/CoreData.framework/Versions/A/CoreData
0x00007ff8078d5000 	/System/Library/Frameworks/Foundation.framework/Versions/C/Foundation
0x00007ff80a34d000 	/System/Library/PrivateFrameworks/UIFoundation.framework/Versions/A/UIFoundation
0x00007ff8175ea000 	/System/Library/PrivateFrameworks/RemoteViewServices.framework/Versions/A/RemoteViewServices
0x00007ff80f9da000 	/System/Library/PrivateFrameworks/XCTTargetBootstrap.framework/Versions/A/XCTTargetBootstrap
0x00007ff813584000 	/System/Library/PrivateFrameworks/InternationalSupport.framework/Versions/A/InternationalSupport
0x00007ff81360e000 	/System/Library/PrivateFrameworks/UserActivity.framework/Versions/A/UserActivity
0x00007ff812964000 	/usr/lib/libspindump.dylib
0x00007ff80a5db000 	/System/Library/Frameworks/UniformTypeIdentifiers.framework/Versions/A/UniformTypeIdentifiers
0x00007ff80e117000 	/usr/lib/libapp_launch_measurement.dylib
0x00007ff80d380000 	/System/Library/PrivateFrameworks/CoreAnalytics.framework/Versions/A/CoreAnalytics
0x00007ff80e11a000 	/System/Library/PrivateFrameworks/CoreAutoLayout.framework/Versions/A/CoreAutoLayout
0x00007ff80f33a000 	/System/Library/Frameworks/Metal.framework/Versions/A/Metal
0x00007ff810050000 	/usr/lib/liblangid.dylib
0x00007ff80f9de000 	/System/Library/PrivateFrameworks/CoreSVG.framework/Versions/A/CoreSVG
0x00007ff80b9a2000 	/System/Library/PrivateFrameworks/SkyLight.framework/Versions/A/SkyLight
0x00007ff80bd35000 	/System/Library/Frameworks/CoreGraphics.framework/Versions/A/CoreGraphics
0x00007ff817c59000 	/System/Library/Frameworks/Accelerate.framework/Versions/A/Accelerate
0x00007ff8123df000 	/System/Library/PrivateFrameworks/IconServices.framework/Versions/A/IconServices
0x00007ff80f31f000 	/System/Library/Frameworks/IOSurface.framework/Versions/A/IOSurface
0x00007ff80d3ae000 	/usr/lib/libDiagnosticMessagesClient.dylib
0x00007ff81b2c8000 	/System/Library/Frameworks/ApplicationServices.framework/Versions/A/ApplicationServices
0x00007ff80f9c6000 	/System/Library/PrivateFrameworks/DFRFoundation.framework/Versions/A/DFRFoundation
0x00007ff808daf000 	/usr/lib/libicucore.A.dylib
0x00007ff8142a9000 	/System/Library/Frameworks/AudioToolbox.framework/Versions/A/AudioToolbox
0x00007ff813590000 	/System/Library/PrivateFrameworks/DataDetectorsCore.framework/Versions/A/DataDetectorsCore
0x00007ff90eeef000 	/System/Library/PrivateFrameworks/TextInput.framework/Versions/A/TextInput
0x00007ff80b926000 	/usr/lib/libMobileGestalt.dylib
0x00007ff80f6ce000 	/System/Library/Frameworks/Carbon.framework/Versions/A/Frameworks/HIToolbox.framework/Versions/A/HIToolbox
0x00007ff80db44000 	/System/Library/Frameworks/QuartzCore.framework/Versions/A/QuartzCore
0x00007ff808a4f000 	/System/Library/Frameworks/Security.framework/Versions/A/Security
0x00007ff817622000 	/System/Library/Frameworks/Carbon.framework/Versions/A/Frameworks/SpeechRecognition.framework/Versions/A/SpeechRecognition
0x00007ff80de77000 	/System/Library/PrivateFrameworks/CoreUI.framework/Versions/A/CoreUI
0x00007ff808327000 	/System/Library/Frameworks/CoreAudio.framework/Versions/A/CoreAudio
0x00007ff80d49c000 	/System/Library/Frameworks/DiskArbitration.framework/Versions/A/DiskArbitration
0x00007ff812d4b000 	/System/Library/PrivateFrameworks/MultitouchSupport.framework/Versions/A/MultitouchSupport
0x00007ff80b925000 	/usr/lib/libenergytrace.dylib
0x00007ff8093aa000 	/System/Library/Frameworks/IOKit.framework/Versions/A/IOKit
0x00007ff817a0e000 	/System/Library/Frameworks/CoreServices.framework/Versions/A/CoreServices
0x00007ff80e0b1000 	/System/Library/PrivateFrameworks/PerformanceAnalysis.framework/Versions/A/PerformanceAnalysis
0x00007ffa1e6ba000 	/System/Library/Frameworks/OpenGL.framework/Versions/A/OpenGL
0x00007ff810cc5000 	/System/Library/PrivateFrameworks/MobileKeyBag.framework/Versions/A/MobileKeyBag
0x00007ff80c401000 	/System/Library/Frameworks/ColorSync.framework/Versions/A/ColorSync
0x00007ff806a4f000 	/System/Library/Frameworks/CoreFoundation.framework/Versions/A/CoreFoundation
0x00007ff80fc57000 	/System/Library/Frameworks/CoreImage.framework/Versions/A/CoreImage
0x00007ff80813d000 	/System/Library/Frameworks/CoreText.framework/Versions/A/CoreText
0x00007ff80fa0d000 	/System/Library/Frameworks/ImageIO.framework/Versions/A/ImageIO
0x00007ff81177a000 	/System/Library/PrivateFrameworks/SoftLinking.framework/Versions/A/SoftLinking
0x00007ff80e162000 	/usr/lib/libxml2.2.dylib
0x00007ff8119fe000 	/usr/lib/libcompression.dylib
0x00007ff8134ba000 	/System/Library/PrivateFrameworks/TextureIO.framework/Versions/A/TextureIO
0x00007ff8120f1000 	/usr/lib/libate.dylib
0x00007ff811ecf000 	/usr/lib/liblzma.5.dylib
0x00007ff8075e6000 	/System/Library/Frameworks/SystemConfiguration.framework/Versions/A/SystemConfiguration
0x00007ff811776000 	/usr/lib/libfakelink.dylib
0x00007ff80b478000 	/System/Library/Frameworks/CFNetwork.framework/Versions/A/CFNetwork
0x00007ff8118b5000 	/usr/lib/libarchive.2.dylib
0x00007ff81004c000 	/System/Library/PrivateFrameworks/AppleSystemInfo.framework/Versions/A/AppleSystemInfo
0x00007ff810dc0000 	/usr/lib/libbsm.0.dylib
0x00007ff80aaae000 	/usr/lib/libnetwork.dylib
0x00007ff81170f000 	/usr/lib/system/libkxld.dylib
0x00007ff8109ee000 	/System/Library/PrivateFrameworks/IOMobileFramebuffer.framework/Versions/A/IOMobileFramebuffer
0x00007ffb1c468000 	/usr/lib/libCoreEntitlements.dylib
0x00007ff811428000 	/System/Library/PrivateFrameworks/AppleFSCompression.framework/Versions/A/AppleFSCompression
0x00007ff810da8000 	/usr/lib/libcoretls.dylib
0x00007ff811ee9000 	/usr/lib/libcoretls_cfhelpers.dylib
0x00007ff8119f9000 	/usr/lib/libpam.2.dylib
0x00007ff80cde9000 	/usr/lib/libsqlite3.dylib
0x00007ff811f58000 	/usr/lib/libxar.1.dylib
0x00007ff811438000 	/usr/lib/libbz2.1.0.dylib
0x00007ff81177b000 	/usr/lib/libpcap.A.dylib
0x00007ff80d1be000 	/usr/lib/libdns_services.dylib
0x00007ff8119c8000 	/usr/lib/libapple_nghttp2.dylib
0x00007ff8117b2000 	/usr/lib/libiconv.2.dylib
0x00007ff811708000 	/usr/lib/libcharset.1.dylib
0x00007ff80e0e5000 	/System/Library/Frameworks/CoreServices.framework/Versions/A/Frameworks/FSEvents.framework/Versions/A/FSEvents
0x00007ff809042000 	/System/Library/Frameworks/CoreServices.framework/Versions/A/Frameworks/CarbonCore.framework/Versions/A/CarbonCore
0x00007ff80d401000 	/System/Library/Frameworks/CoreServices.framework/Versions/A/Frameworks/Metadata.framework/Versions/A/Metadata
0x00007ff81144b000 	/System/Library/Frameworks/CoreServices.framework/Versions/A/Frameworks/OSServices.framework/Versions/A/OSServices
0x00007ff81193c000 	/System/Library/Frameworks/CoreServices.framework/Versions/A/Frameworks/SearchKit.framework/Versions/A/SearchKit
0x00007ff80d150000 	/System/Library/Frameworks/CoreServices.framework/Versions/A/Frameworks/AE.framework/Versions/A/AE
0x00007ff806f52000 	/System/Library/Frameworks/CoreServices.framework/Versions/A/Frameworks/LaunchServices.framework/Versions/A/LaunchServices
0x00007ff811e80000 	/System/Library/Frameworks/CoreServices.framework/Versions/A/Frameworks/DictionaryServices.framework/Versions/A/DictionaryServices
0x00007ff80e0f2000 	/System/Library/Frameworks/CoreServices.framework/Versions/A/Frameworks/SharedFileList.framework/Versions/A/SharedFileList
0x00007ff810d9c000 	/usr/lib/libCheckFix.dylib
0x00007ff80b989000 	/System/Library/PrivateFrameworks/TCC.framework/Versions/A/TCC
0x00007ff810052000 	/System/Library/PrivateFrameworks/CoreNLP.framework/Versions/A/CoreNLP
0x00007ff80d3b1000 	/System/Library/PrivateFrameworks/MetadataUtilities.framework/Versions/A/MetadataUtilities
0x00007ff807696000 	/usr/lib/libmecabra.dylib
0x00007ff810dd0000 	/usr/lib/libmecab.dylib
0x00007ff807661000 	/usr/lib/libCRFSuite.dylib
0x00007ff810e2d000 	/usr/lib/libgermantok.dylib
0x00007ff8119a3000 	/usr/lib/libThaiTokenizer.dylib
0x00007ff80d4a3000 	/System/Library/Frameworks/Accelerate.framework/Versions/A/Frameworks/vImage.framework/Versions/A/vImage
0x00007ff8179e5000 	/System/Library/Frameworks/Accelerate.framework/Versions/A/Frameworks/vecLib.framework/Versions/A/vecLib
0x00007ff811f99000 	/System/Library/Frameworks/Accelerate.framework/Versions/A/Frameworks/vecLib.framework/Versions/A/libvMisc.dylib
0x00007ff81080c000 	/System/Library/Frameworks/Accelerate.framework/Versions/A/Frameworks/vecLib.framework/Versions/A/libvDSP.dylib
0x00007ff8072ca000 	/System/Library/Frameworks/Accelerate.framework/Versions/A/Frameworks/vecLib.framework/Versions/A/libBLAS.dylib
0x00007ff811ada000 	/System/Library/Frameworks/Accelerate.framework/Versions/A/Frameworks/vecLib.framework/Versions/A/libLAPACK.dylib
0x00007ff810e30000 	/System/Library/Frameworks/Accelerate.framework/Versions/A/Frameworks/vecLib.framework/Versions/A/libLinearAlgebra.dylib
0x00007ff8119e1000 	/System/Library/Frameworks/Accelerate.framework/Versions/A/Frameworks/vecLib.framework/Versions/A/libSparseBLAS.dylib
0x00007ff811ad4000 	/System/Library/Frameworks/Accelerate.framework/Versions/A/Frameworks/vecLib.framework/Versions/A/libQuadrature.dylib
0x00007ff81013c000 	/System/Library/Frameworks/Accelerate.framework/Versions/A/Frameworks/vecLib.framework/Versions/A/libBNNS.dylib
0x00007ff807577000 	/System/Library/Frameworks/Accelerate.framework/Versions/A/Frameworks/vecLib.framework/Versions/A/libSparse.dylib
0x00007ff810135000 	/System/Library/PrivateFrameworks/LinguisticData.framework/Versions/A/LinguisticData
0x00007ff80752c000 	/System/Library/PrivateFrameworks/Lexicon.framework/Versions/A/Lexicon
0x00007ff811f92000 	/usr/lib/libChineseTokenizer.dylib
0x00007ff807c90000 	/System/Library/PrivateFrameworks/LanguageModeling.framework/Versions/A/LanguageModeling
0x00007ff8119a5000 	/System/Library/PrivateFrameworks/AppleSauce.framework/Versions/A/AppleSauce
0x00007ff8109dc000 	/System/Library/PrivateFrameworks/CoreEmoji.framework/Versions/A/CoreEmoji
0x00007ff8118a4000 	/usr/lib/libcmph.dylib
0x00007ff80e0c9000 	/System/Library/Frameworks/OpenDirectory.framework/Versions/A/Frameworks/CFOpenDirectory.framework/Versions/A/CFOpenDirectory
0x00007ff80e0bd000 	/System/Library/Frameworks/OpenDirectory.framework/Versions/A/OpenDirectory
0x00007ff811eeb000 	/System/Library/PrivateFrameworks/APFS.framework/Versions/A/APFS
0x00007ff810cfd000 	/System/Library/Frameworks/SecurityFoundation.framework/Versions/A/SecurityFoundation
0x00007ff811f66000 	/usr/lib/libutil.dylib
0x00007ff80936d000 	/System/Library/PrivateFrameworks/CoreServicesStore.framework/Versions/A/CoreServicesStore
0x00007ff811f6a000 	/usr/lib/libxslt.1.dylib
0x00007ff810d8a000 	/System/Library/PrivateFrameworks/BackgroundTaskManagement.framework/Versions/A/BackgroundTaskManagement
0x00007ff8133da000 	/System/Library/Frameworks/ImageIO.framework/Versions/A/Resources/libRadiance.dylib
0x00007ff8133e3000 	/System/Library/Frameworks/ImageIO.framework/Versions/A/Resources/libJPEG.dylib
0x00007ff813333000 	/System/Library/Frameworks/ImageIO.framework/Versions/A/Resources/libPng.dylib
0x00007ff813354000 	/System/Library/Frameworks/ImageIO.framework/Versions/A/Resources/libTIFF.dylib
0x00007ff813443000 	/System/Library/Frameworks/ImageIO.framework/Versions/A/Resources/libGIF.dylib
0x00007ff812c64000 	/System/Library/Frameworks/ImageIO.framework/Versions/A/Resources/libJP2.dylib
0x00007ff8123a6000 	/usr/lib/libexpat.1.dylib
0x00007ff812c19000 	/System/Library/PrivateFrameworks/AppleJPEG.framework/Versions/A/AppleJPEG
0x00007ff80f595000 	/System/Library/PrivateFrameworks/FontServices.framework/libFontParser.dylib
0x00007ff80d0fa000 	/System/Library/PrivateFrameworks/RunningBoardServices.framework/Versions/A/RunningBoardServices
0x00007ff81dbb3000 	/System/Library/PrivateFrameworks/IOSurfaceAccelerator.framework/Versions/A/IOSurfaceAccelerator
0x00007ff812d47000 	/System/Library/PrivateFrameworks/WatchdogClient.framework/Versions/A/WatchdogClient
0x00007ff807d7f000 	/System/Library/Frameworks/CoreDisplay.framework/Versions/A/CoreDisplay
0x00007ff80f494000 	/System/Library/Frameworks/CoreMedia.framework/Versions/A/CoreMedia
0x00007ff80f331000 	/System/Library/PrivateFrameworks/IOAccelerator.framework/Versions/A/IOAccelerator
0x00007ff80e245000 	/System/Library/Frameworks/CoreVideo.framework/Versions/A/CoreVideo
0x00007ff8119f7000 	/System/Library/Frameworks/MetalPerformanceShaders.framework/Versions/A/MetalPerformanceShaders
0x00007ff812d82000 	/System/Library/Frameworks/VideoToolbox.framework/Versions/A/VideoToolbox
0x00007ff80d042000 	/System/Library/PrivateFrameworks/BaseBoard.framework/Versions/A/BaseBoard
0x00007ff80cdcf000 	/System/Library/PrivateFrameworks/ProtocolBuffer.framework/Versions/A/ProtocolBuffer
0x00007ff8133d3000 	/System/Library/PrivateFrameworks/GPUWrangler.framework/Versions/A/GPUWrangler
0x00007ff8133b6000 	/System/Library/PrivateFrameworks/IOPresentment.framework/Versions/A/IOPresentment
0x00007ff8133dd000 	/System/Library/PrivateFrameworks/DSExternalDisplay.framework/Versions/A/DSExternalDisplay
0x00007ffa1e6ae000 	/System/Library/Frameworks/OpenGL.framework/Versions/A/Libraries/libCoreFSCache.dylib
0x00007ffb0a752000 	/System/Library/PrivateFrameworks/GPUCompiler.framework/Versions/31001/Libraries/libGPUCompilerUtils.dylib
0x00007ff813448000 	/System/Library/PrivateFrameworks/CMCaptureCore.framework/Versions/A/CMCaptureCore
0x00007ff812952000 	/System/Library/PrivateFrameworks/AppServerSupport.framework/Versions/A/AppServerSupport
0x00007ff814b2f000 	/System/Library/PrivateFrameworks/perfdata.framework/Versions/A/perfdata
0x00007ff807eab000 	/System/Library/PrivateFrameworks/AudioToolboxCore.framework/Versions/A/AudioToolboxCore
0x00007ff80f471000 	/System/Library/PrivateFrameworks/caulk.framework/Versions/A/caulk
0x00007ff814453000 	/usr/lib/libAudioStatistics.dylib
0x00007ff90b780000 	/System/Library/PrivateFrameworks/SystemPolicy.framework/Versions/A/SystemPolicy
0x00007ff8146a8000 	/usr/lib/libSMC.dylib
0x00007ff81d4ec000 	/System/Library/Frameworks/CoreMIDI.framework/Versions/A/CoreMIDI
0x00007ff813303000 	/usr/lib/libAudioToolboxUtility.dylib
0x00007ff907b92000 	/System/Library/PrivateFrameworks/OSAServicesClient.framework/Versions/A/OSAServicesClient
0x00007ff814b3c000 	/usr/lib/libperfcheck.dylib
0x00007ff90c212000 	/usr/lib/libmis.dylib
0x00007ffa1e70a000 	/System/Library/Frameworks/OpenGL.framework/Versions/A/Libraries/libGLU.dylib
0x00007ffa1e6cd000 	/System/Library/Frameworks/OpenGL.framework/Versions/A/Libraries/libGFXShared.dylib
0x00007ffa1e8db000 	/System/Library/Frameworks/OpenGL.framework/Versions/A/Libraries/libGL.dylib
0x00007ffa1e6d6000 	/System/Library/Frameworks/OpenGL.framework/Versions/A/Libraries/libGLImage.dylib
0x00007ffa1e6ca000 	/System/Library/Frameworks/OpenGL.framework/Versions/A/Libraries/libCVMSPluginSupport.dylib
0x00007ffa1e6b5000 	/System/Library/Frameworks/OpenGL.framework/Versions/A/Libraries/libCoreVMClient.dylib
0x00007ff80ffd0000 	/System/Library/Frameworks/MetalPerformanceShaders.framework/Versions/A/Frameworks/MPSCore.framework/Versions/A/MPSCore
0x00007ff811393000 	/System/Library/Frameworks/MetalPerformanceShaders.framework/Versions/A/Frameworks/MPSImage.framework/Versions/A/MPSImage
0x00007ff810e46000 	/System/Library/Frameworks/MetalPerformanceShaders.framework/Versions/A/Frameworks/MPSNeuralNetwork.framework/Versions/A/MPSNeuralNetwork
0x00007ff8112bb000 	/System/Library/Frameworks/MetalPerformanceShaders.framework/Versions/A/Frameworks/MPSMatrix.framework/Versions/A/MPSMatrix
0x00007ff811077000 	/System/Library/Frameworks/MetalPerformanceShaders.framework/Versions/A/Frameworks/MPSRayIntersector.framework/Versions/A/MPSRayIntersector
0x00007ff8112f4000 	/System/Library/Frameworks/MetalPerformanceShaders.framework/Versions/A/Frameworks/MPSNDArray.framework/Versions/A/MPSNDArray
0x00007ffa232cc000 	/System/Library/Frameworks/MetalPerformanceShaders.framework/Versions/A/Frameworks/MPSFunctions.framework/Versions/A/MPSFunctions
0x00007ff8071ad000 	/System/Library/PrivateFrameworks/MetalTools.framework/Versions/A/MetalTools
0x00007ff81004a000 	/System/Library/PrivateFrameworks/AggregateDictionary.framework/Versions/A/AggregateDictionary
0x00007ff812188000 	/usr/lib/libIOReport.dylib
0x00007ffa1fcea000 	/System/Library/Frameworks/OpenCL.framework/Versions/A/OpenCL
0x00007ff8124ec000 	/System/Library/PrivateFrameworks/FaceCore.framework/Versions/A/FaceCore
0x00007ff8124dd000 	/System/Library/PrivateFrameworks/GraphVisualizer.framework/Versions/A/GraphVisualizer
0x00007ffb0a65d000 	/System/Library/PrivateFrameworks/FontServices.framework/Versions/A/FontServices
0x00007ff812909000 	/System/Library/PrivateFrameworks/OTSVG.framework/Versions/A/OTSVG
0x00007ff80de2d000 	/System/Library/Frameworks/ApplicationServices.framework/Versions/A/Frameworks/ATS.framework/Versions/A/Resources/libFontRegistry.dylib
0x00007ff81295a000 	/System/Library/PrivateFrameworks/FontServices.framework/libhvf.dylib
0x00007ffb0a65e000 	/System/Library/PrivateFrameworks/FontServices.framework/libXTFontStaticRegistryData.dylib
0x00007ff812356000 	/System/Library/PrivateFrameworks/AppleVA.framework/Versions/A/AppleVA
0x00007ff814477000 	/System/Library/Frameworks/ApplicationServices.framework/Versions/A/Frameworks/ATS.framework/Versions/A/ATS
0x00007ff80c4fd000 	/System/Library/Frameworks/ApplicationServices.framework/Versions/A/Frameworks/HIServices.framework/Versions/A/HIServices
0x00007ff813452000 	/System/Library/Frameworks/ApplicationServices.framework/Versions/A/Frameworks/PrintCore.framework/Versions/A/PrintCore
0x00007ff8147fb000 	/System/Library/Frameworks/ApplicationServices.framework/Versions/A/Frameworks/QD.framework/Versions/A/QD
0x00007ff8147f3000 	/System/Library/Frameworks/ApplicationServices.framework/Versions/A/Frameworks/ColorSyncLegacy.framework/Versions/A/ColorSyncLegacy
0x00007ff814467000 	/System/Library/Frameworks/ApplicationServices.framework/Versions/A/Frameworks/SpeechSynthesis.framework/Versions/A/SpeechSynthesis
0x00007ff813413000 	/System/Library/Frameworks/ApplicationServices.framework/Versions/A/Frameworks/ATSUI.framework/Versions/A/ATSUI
0x00007ff814788000 	/usr/lib/libcups.2.dylib
0x00007ff814b4b000 	/System/Library/Frameworks/Kerberos.framework/Versions/A/Kerberos
0x00007ff814b5a000 	/System/Library/Frameworks/GSS.framework/Versions/A/GSS
0x00007ff8144e3000 	/usr/lib/libresolv.9.dylib
0x00007ff812969000 	/System/Library/PrivateFrameworks/Heimdal.framework/Versions/A/Heimdal
0x00007ff81b643000 	/System/Library/Frameworks/Kerberos.framework/Versions/A/Libraries/libHeimdalProxy.dylib
0x00007ff80d1cf000 	/System/Library/Frameworks/Network.framework/Versions/A/Network
0x00007ff8123c0000 	/usr/lib/libheimdal-asn1.dylib
0x00007ff814ba6000 	/System/Library/PrivateFrameworks/CommonAuth.framework/Versions/A/CommonAuth
0x00007ff8143e4000 	/System/Library/PrivateFrameworks/AudioSession.framework/Versions/A/AudioSession
0x00007ff812450000 	/System/Library/PrivateFrameworks/MediaExperience.framework/Versions/A/MediaExperience
0x00007ff814278000 	/System/Library/PrivateFrameworks/AudioSession.framework/libSessionUtility.dylib
0x00007ff814807000 	/System/Library/PrivateFrameworks/AudioResourceArbitration.framework/Versions/A/AudioResourceArbitration
0x00007ff8187f8000 	/System/Library/PrivateFrameworks/PowerLog.framework/Versions/A/PowerLog
0x00007ff8123c9000 	/System/Library/PrivateFrameworks/IconFoundation.framework/Versions/A/IconFoundation
0x00007ff817612000 	/System/Library/PrivateFrameworks/SpeechRecognitionCore.framework/Versions/A/SpeechRecognitionCore
0x0000000107036000 	/Library/Java/JavaVirtualMachines/temurin-17.jdk/Contents/Home/lib/server/libjvm.dylib
0x0000000105f19000 	/Library/Java/JavaVirtualMachines/temurin-17.jdk/Contents/Home/lib/libjimage.dylib
0x0000000105f90000 	/Library/Java/JavaVirtualMachines/temurin-17.jdk/Contents/Home/lib/libjava.dylib
0x0000000106e2b000 	/Library/Java/JavaVirtualMachines/temurin-17.jdk/Contents/Home/lib/libnio.dylib
0x0000000106e5a000 	/Library/Java/JavaVirtualMachines/temurin-17.jdk/Contents/Home/lib/libnet.dylib
0x0000000106e16000 	/Library/Java/JavaVirtualMachines/temurin-17.jdk/Contents/Home/lib/libzip.dylib
0x0000000106f12000 	/Library/Java/JavaVirtualMachines/temurin-17.jdk/Contents/Home/lib/libawt.dylib
0x000000010fb92000 	/Library/Java/JavaVirtualMachines/temurin-17.jdk/Contents/Home/lib/libmlib_image.dylib
0x00007ffa2323a000 	/System/Library/Frameworks/JavaRuntimeSupport.framework/Versions/A/JavaRuntimeSupport
0x00007ff90b2c9000 	/System/Library/Frameworks/Carbon.framework/Versions/A/Carbon
0x00007ff819a72000 	/System/Library/PrivateFrameworks/CoreSymbolication.framework/Versions/A/CoreSymbolication
0x00007ff81ef0a000 	/System/Library/Frameworks/Carbon.framework/Versions/A/Frameworks/CommonPanels.framework/Versions/A/CommonPanels
0x00007ff81b04a000 	/System/Library/Frameworks/Carbon.framework/Versions/A/Frameworks/Help.framework/Versions/A/Help
0x00007ff81ef0e000 	/System/Library/Frameworks/Carbon.framework/Versions/A/Frameworks/ImageCapture.framework/Versions/A/ImageCapture
0x00007ff81eede000 	/System/Library/Frameworks/Carbon.framework/Versions/A/Frameworks/OpenScripting.framework/Versions/A/OpenScripting
0x00007ff81ef06000 	/System/Library/Frameworks/Carbon.framework/Versions/A/Frameworks/Ink.framework/Versions/A/Ink
0x00007ff90b2c5000 	/System/Library/Frameworks/Carbon.framework/Versions/A/Frameworks/Print.framework/Versions/A/Print
0x00007ff81ef02000 	/System/Library/Frameworks/Carbon.framework/Versions/A/Frameworks/SecurityHI.framework/Versions/A/SecurityHI
0x00007ff819a37000 	/System/Library/PrivateFrameworks/DebugSymbols.framework/Versions/A/DebugSymbols
0x0000000124e49000 	/Library/Java/JavaVirtualMachines/temurin-17.jdk/Contents/Home/lib/libawt_lwawt.dylib
0x0000000106e9a000 	/Library/Java/JavaVirtualMachines/temurin-17.jdk/Contents/Home/lib/libosxapp.dylib
0x00007ff90a706000 	/System/Library/Frameworks/ExceptionHandling.framework/Versions/A/ExceptionHandling
0x00000001275d9000 	/Library/Java/JavaVirtualMachines/temurin-17.jdk/Contents/Home/lib/libfontmanager.dylib
0x0000000124f55000 	/Library/Java/JavaVirtualMachines/temurin-17.jdk/Contents/Home/lib/libfreetype.dylib
0x00007ff80932e000 	/System/Library/PrivateFrameworks/CoreServicesInternal.framework/Versions/A/CoreServicesInternal
0x00007ff818de9000 	/System/Library/Frameworks/FileProvider.framework/Versions/A/FileProvider
0x00007ff80cfae000 	/System/Library/Frameworks/Accounts.framework/Versions/A/Accounts
0x00007ff818f60000 	/System/Library/PrivateFrameworks/GenerationalStorage.framework/Versions/A/GenerationalStorage
0x00007ff8187ed000 	/System/Library/PrivateFrameworks/SymptomDiagnosticReporter.framework/Versions/A/SymptomDiagnosticReporter
0x00007ff80a5ef000 	/System/Library/PrivateFrameworks/DesktopServicesPriv.framework/Versions/A/DesktopServicesPriv
0x00007ff80946f000 	/usr/lib/libsandbox.1.dylib
0x00007ff80e2c4000 	/System/Library/PrivateFrameworks/UserManagement.framework/Versions/A/UserManagement
0x00007ff8147e8000 	/System/Library/PrivateFrameworks/NetAuth.framework/Versions/A/NetAuth
0x00007ff8156d6000 	/System/Library/PrivateFrameworks/Sharing.framework/Versions/A/Sharing
0x00007ff80e297000 	/System/Library/PrivateFrameworks/login.framework/Versions/A/Frameworks/loginsupport.framework/Versions/A/loginsupport
0x00007ff81ab77000 	/System/Library/PrivateFrameworks/Apple80211.framework/Versions/A/Apple80211
0x00007ff811478000 	/System/Library/PrivateFrameworks/AuthKit.framework/Versions/A/AuthKit
0x00007ff810ad2000 	/System/Library/PrivateFrameworks/CoreUtils.framework/Versions/A/CoreUtils
0x00007ff8109f9000 	/System/Library/Frameworks/CoreWLAN.framework/Versions/A/CoreWLAN
0x00007ff815831000 	/System/Library/Frameworks/IOBluetooth.framework/Versions/A/IOBluetooth
0x00007ff81abdf000 	/System/Library/PrivateFrameworks/CoreWiFi.framework/Versions/A/CoreWiFi
0x00007ff81960c000 	/System/Library/PrivateFrameworks/FrontBoardServices.framework/Versions/A/FrontBoardServices
0x00007ff81969e000 	/System/Library/PrivateFrameworks/BoardServices.framework/Versions/A/BoardServices
0x00007ff810cec000 	/System/Library/PrivateFrameworks/AssertionServices.framework/Versions/A/AssertionServices
0x00007ff81ad63000 	/System/Library/PrivateFrameworks/BackBoardServices.framework/Versions/A/BackBoardServices
0x00007ff814c35000 	/System/Library/PrivateFrameworks/CorePhoneNumbers.framework/Versions/A/CorePhoneNumbers
0x00007ff81890a000 	/System/Library/PrivateFrameworks/DiskManagement.framework/Versions/A/DiskManagement
0x00007ff81881e000 	/System/Library/PrivateFrameworks/AppleIDAuthSupport.framework/Versions/A/AppleIDAuthSupport
0x00007ffa25262000 	/System/Library/PrivateFrameworks/AAAFoundation.framework/Versions/A/AAAFoundation
0x00007ff814c16000 	/System/Library/PrivateFrameworks/KeychainCircle.framework/Versions/A/KeychainCircle
0x00007ff8188d6000 	/System/Library/PrivateFrameworks/MediaKit.framework/Versions/A/MediaKit
0x00007ff81882a000 	/System/Library/Frameworks/DiscRecording.framework/Versions/A/DiscRecording
0x00007ff8122ce000 	/usr/lib/libCoreStorage.dylib
0x00007ff81b052000 	/usr/lib/libcsfde.dylib
0x00007ff8158fe000 	/System/Library/PrivateFrameworks/ProtectedCloudStorage.framework/Versions/A/ProtectedCloudStorage
0x00007ff81b04e000 	/System/Library/PrivateFrameworks/EFILogin.framework/Versions/A/EFILogin
0x00007ff818f86000 	/System/Library/PrivateFrameworks/OctagonTrust.framework/Versions/A/OctagonTrust
0x00007ffb0997f000 	/System/Library/PrivateFrameworks/CoreUtilsExtras.framework/Versions/A/CoreUtilsExtras
0x00007ff818760000 	/System/Library/Frameworks/CoreBluetooth.framework/Versions/A/CoreBluetooth
0x00007ff81b6c8000 	/System/Library/Frameworks/AudioUnit.framework/Versions/A/AudioUnit
0x00007ff8122c6000 	/usr/lib/libMatch.1.dylib
0x00007ff912db0000 	/System/Library/CoreServices/RawCamera.bundle/Contents/MacOS/RawCamera
0x00007ff814bb6000 	/System/Library/PrivateFrameworks/MobileAsset.framework/Versions/A/MobileAsset
0x00007ff81b6ef000 	/System/Library/PrivateFrameworks/StreamingZip.framework/Versions/A/StreamingZip
0x00007ffb06dcb000 	/System/Library/PrivateFrameworks/CMPhoto.framework/Versions/A/CMPhoto
0x00007ff81990d000 	/System/Library/PrivateFrameworks/AppleVPA.framework/Versions/A/AppleVPA
0x00007ff81367a000 	/System/Library/Frameworks/MediaToolbox.framework/Versions/A/MediaToolbox
0x00007ff818db9000 	/System/Library/PrivateFrameworks/CoreAVCHD.framework/Versions/A/CoreAVCHD
0x00007ff817ca1000 	/System/Library/Frameworks/MediaAccessibility.framework/Versions/A/MediaAccessibility
0x00007ff818db5000 	/System/Library/PrivateFrameworks/Mangrove.framework/Versions/A/Mangrove
0x00007ff817cac000 	/System/Library/PrivateFrameworks/AlgosScoreFramework.framework/Versions/A/AlgosScoreFramework
0x00007ff8189fa000 	/System/Library/PrivateFrameworks/CoreAUC.framework/Versions/A/CoreAUC
0x00007ff910661000 	/System/Library/Frameworks/Accelerate.framework/Versions/A/Frameworks/vImage.framework/Versions/A/Libraries/libCGInterfaces.dylib
0x000000010fc4e000 	/usr/lib/libobjc-trampolines.dylib
0x00007ff80dfbd000 	/System/Library/PrivateFrameworks/ViewBridge.framework/Versions/A/ViewBridge
0x00007ff812a23000 	/System/Library/PrivateFrameworks/login.framework/Versions/A/login
0x00007ffa1e8e6000 	/System/Library/Frameworks/OpenGL.framework/Versions/A/Resources/GLEngine.bundle/GLEngine
0x00007ffa1e748000 	/System/Library/Frameworks/OpenGL.framework/Versions/A/Libraries/libGLProgrammability.dylib
0x00007ffa12b11000 	/System/Library/Extensions/AppleIntelKBLGraphicsGLDriver.bundle/Contents/MacOS/AppleIntelKBLGraphicsGLDriver
0x00007ff9160db000 	/System/Library/PrivateFrameworks/GPUSupport.framework/Versions/A/Libraries/libGPUSupportMercury.dylib
0x00007ffa1ea75000 	/System/Library/Frameworks/OpenGL.framework/Versions/A/Resources/GLRendererFloat.bundle/GLRendererFloat
0x000000012b566000 	/Library/Java/JavaVirtualMachines/temurin-17.jdk/Contents/Home/lib/libosxui.dylib
0x00007ffb1c576000 	/usr/lib/libRosetta.dylib
0x00007ffa0fb77000 	/System/Library/CoreServices/Encodings/libSimplifiedChineseConverter.dylib
0x00007ff817cdd000 	/System/Library/PrivateFrameworks/SystemAdministration.framework/Versions/A/SystemAdministration
0x00007ff8175de000 	/System/Library/Frameworks/DirectoryService.framework/Versions/A/DirectoryService
0x00007ff81aef0000 	/System/Library/PrivateFrameworks/DiskImages.framework/Versions/A/DiskImages
0x00007ff810d94000 	/System/Library/Frameworks/ServiceManagement.framework/Versions/A/ServiceManagement
0x00007ff81b0ca000 	/System/Library/PrivateFrameworks/LoginUIKit.framework/Versions/A/Frameworks/LoginUICore.framework/Versions/A/LoginUICore
0x00007ff812bd1000 	/usr/lib/libodfde.dylib
0x00007ff81b05e000 	/usr/lib/libcurl.4.dylib
0x00007ff81adbb000 	/usr/lib/libcrypto.44.dylib
0x00007ff81aec3000 	/usr/lib/libssl.46.dylib
0x00007ff81ad81000 	/System/Library/Frameworks/LDAP.framework/Versions/A/LDAP
0x00007ff81adb9000 	/System/Library/PrivateFrameworks/TrustEvaluationAgent.framework/Versions/A/TrustEvaluationAgent
0x00007ff8144fc000 	/usr/lib/libsasl2.2.dylib
0x00007ff817cd1000 	/System/Library/PrivateFrameworks/CoreDaemon.framework/Versions/B/CoreDaemon
0x00007ff817ccc000 	/System/Library/PrivateFrameworks/AppleSRP.framework/Versions/A/AppleSRP
0x00007ffa0fe48000 	/System/Library/PrivateFrameworks/VoiceShortcutClient.framework/Versions/A/VoiceShortcutClient
0x00007ff81b0d2000 	/System/Library/PrivateFrameworks/AppSupport.framework/Versions/A/AppSupport
0x00007ff81b75e000 	/System/Library/PrivateFrameworks/IntentsFoundation.framework/Versions/A/IntentsFoundation
0x00007ff811609000 	/System/Library/Frameworks/CoreSpotlight.framework/Versions/A/CoreSpotlight
0x00007ff81a4f4000 	/System/Library/PrivateFrameworks/CoreDuetContext.framework/Versions/A/CoreDuetContext
0x00007ff80a7a7000 	/System/Library/PrivateFrameworks/CoreDuet.framework/Versions/A/CoreDuet
0x00007ff81a54b000 	/System/Library/Frameworks/Intents.framework/Versions/A/Intents
0x00007ff81228f000 	/System/Library/PrivateFrameworks/PlugInKit.framework/Versions/A/PlugInKit
0x00007ff80f260000 	/System/Library/Frameworks/CoreLocation.framework/Versions/A/CoreLocation
0x00007ff815bc4000 	/System/Library/PrivateFrameworks/GeoServices.framework/Versions/A/GeoServices
0x00007ff81424f000 	/System/Library/PrivateFrameworks/LocationSupport.framework/Versions/A/LocationSupport
0x00007ffb0ae47000 	/System/Library/PrivateFrameworks/GeoServicesCore.framework/Versions/A/GeoServicesCore
0x00007ff907bd2000 	/System/Library/PrivateFrameworks/PhoneNumbers.framework/Versions/A/PhoneNumbers
0x00007ff81afd7000 	/System/Library/PrivateFrameworks/RemoteServiceDiscovery.framework/Versions/A/RemoteServiceDiscovery
0x00007ff812190000 	/System/Library/PrivateFrameworks/CrashReporterSupport.framework/Versions/A/CrashReporterSupport
0x00007ff81930a000 	/System/Library/Frameworks/CoreTelephony.framework/Versions/A/CoreTelephony
0x00007ff81c4cf000 	/System/Library/PrivateFrameworks/CoreDuetDebugLogging.framework/Versions/A/CoreDuetDebugLogging
0x00007ff80e29a000 	/System/Library/PrivateFrameworks/ApplePushService.framework/Versions/A/ApplePushService
0x00007ff80e2ea000 	/System/Library/Frameworks/CloudKit.framework/Versions/A/CloudKit
0x00007ff81c4d2000 	/System/Library/PrivateFrameworks/CoreDuetDaemonProtocol.framework/Versions/A/CoreDuetDaemonProtocol
0x00007ff819b32000 	/System/Library/PrivateFrameworks/Rapport.framework/Versions/A/Rapport
0x00007ff917fce000 	/System/Library/PrivateFrameworks/OSAnalytics.framework/Versions/A/OSAnalytics
0x00007ff922f67000 	/System/Library/PrivateFrameworks/Symbolication.framework/Versions/A/Symbolication
0x00007ff90c1ef000 	/System/Library/PrivateFrameworks/MallocStackLogging.framework/Versions/A/MallocStackLogging
0x00007ff80d02a000 	/System/Library/PrivateFrameworks/CommonUtilities.framework/Versions/A/CommonUtilities
0x00007ff814c3e000 	/usr/lib/libTelephonyUtilDynamic.dylib
0x00007ff812bd5000 	/System/Library/PrivateFrameworks/Bom.framework/Versions/A/Bom
0x00007ff81b776000 	/System/Library/PrivateFrameworks/C2.framework/Versions/A/C2
0x00007ff81b76e000 	/System/Library/Frameworks/PushKit.framework/Versions/A/PushKit
0x00007ff819b28000 	/System/Library/PrivateFrameworks/CoreTime.framework/Versions/A/CoreTime
0x00007ff81d265000 	/System/Library/PrivateFrameworks/RTCReporting.framework/Versions/A/RTCReporting


VM Arguments:
jvm_args: -Dfile.encoding=UTF-8 --module-path=/Users/sw4rtz/OneDrive - Instituto Politécnico de Tomar/01_Escola/2_Licenciatura/2_Ano/Algoritmos/ProjFinalAlgoritmos/ProjFinal/build/classes 
java_command: projfinal.ProjFinal
java_class_path (initial): /Users/sw4rtz/OneDrive - Instituto Politécnico de Tomar/01_Escola/2_Licenciatura/2_Ano/Algoritmos/ProjFinalAlgoritmos/ProjFinal/jsoup-1.7.2.jar:/Users/sw4rtz/OneDrive - Instituto Politécnico de Tomar/01_Escola/2_Licenciatura/2_Ano/Algoritmos/ProjFinalAlgoritmos/ProjFinal/build/classes
Launcher Type: SUN_STANDARD

[Global flags]
     intx CICompilerCount                          = 4                                         {product} {ergonomic}
     uint ConcGCThreads                            = 2                                         {product} {ergonomic}
     uint G1ConcRefinementThreads                  = 8                                         {product} {ergonomic}
   size_t G1HeapRegionSize                         = 1048576                                   {product} {ergonomic}
    uintx GCDrainStackTargetSize                   = 64                                        {product} {ergonomic}
   size_t InitialHeapSize                          = 134217728                                 {product} {ergonomic}
   size_t MarkStackSize                            = 4194304                                   {product} {ergonomic}
   size_t MaxHeapSize                              = 2147483648                                {product} {ergonomic}
   size_t MaxNewSize                               = 1287651328                                {product} {ergonomic}
   size_t MinHeapDeltaBytes                        = 1048576                                   {product} {ergonomic}
   size_t MinHeapSize                              = 8388608                                   {product} {ergonomic}
    uintx NonNMethodCodeHeapSize                   = 5839372                                {pd product} {ergonomic}
    uintx NonProfiledCodeHeapSize                  = 122909434                              {pd product} {ergonomic}
    uintx ProfiledCodeHeapSize                     = 122909434                              {pd product} {ergonomic}
    uintx ReservedCodeCacheSize                    = 251658240                              {pd product} {ergonomic}
     bool SegmentedCodeCache                       = true                                      {product} {ergonomic}
   size_t SoftMaxHeapSize                          = 2147483648                             {manageable} {ergonomic}
     bool UseCompressedClassPointers               = true                           {product lp64_product} {ergonomic}
     bool UseCompressedOops                        = true                           {product lp64_product} {ergonomic}
     bool UseG1GC                                  = true                                      {product} {ergonomic}
     bool UseNUMA                                  = false                                     {product} {ergonomic}
     bool UseNUMAInterleaving                      = false                                     {product} {ergonomic}

Logging:
Log output configuration:
 #0: stdout all=warning uptime,level,tags
 #1: stderr all=off uptime,level,tags

Environment Variables:
PATH=/usr/bin:/bin:/usr/sbin:/sbin
SHELL=/bin/zsh
LC_CTYPE=UTF-8

Signal Handlers:
   SIGSEGV: _ZL13crash_handleriP9__siginfoPv in libjvm.dylib, mask=11100110000111110111111111111111, flags=SA_RESTART|SA_SIGINFO
    SIGBUS: _ZL13crash_handleriP9__siginfoPv in libjvm.dylib, mask=11100110000111110111111111111111, flags=SA_RESTART|SA_SIGINFO
    SIGFPE: _ZL13crash_handleriP9__siginfoPv in libjvm.dylib, mask=11100110000111110111111111111111, flags=SA_RESTART|SA_SIGINFO
   SIGPIPE: _ZL17javaSignalHandleriP9__siginfoPv in libjvm.dylib, mask=11100110000111110111111111111111, flags=SA_RESTART|SA_SIGINFO
   SIGXFSZ: _ZL17javaSignalHandleriP9__siginfoPv in libjvm.dylib, mask=11100110000111110111111111111111, flags=SA_RESTART|SA_SIGINFO
    SIGILL: _ZL13crash_handleriP9__siginfoPv in libjvm.dylib, mask=11100110000111110111111111111111, flags=SA_RESTART|SA_SIGINFO
   SIGUSR2: _ZL10SR_handleriP9__siginfoP17__darwin_ucontext in libjvm.dylib, mask=00100000000000000000000000000000, flags=SA_RESTART|SA_SIGINFO
    SIGHUP: _ZL11UserHandleriPvS_ in libjvm.dylib, mask=11100110000111110111111111111111, flags=SA_RESTART|SA_SIGINFO
    SIGINT: SIG_IGN, mask=00000000000000000000000000000000, flags=none
   SIGTERM: _ZL11UserHandleriPvS_ in libjvm.dylib, mask=11100110000111110111111111111111, flags=SA_RESTART|SA_SIGINFO
   SIGQUIT: _ZL11UserHandleriPvS_ in libjvm.dylib, mask=11100110000111110111111111111111, flags=SA_RESTART|SA_SIGINFO
   SIGTRAP: _ZL13crash_handleriP9__siginfoPv in libjvm.dylib, mask=11100110000111110111111111111111, flags=SA_RESTART|SA_SIGINFO


---------------  S Y S T E M  ---------------

OS:
uname: Darwin 21.2.0 Darwin Kernel Version 21.2.0: Sun Nov 28 20:28:54 PST 2021; root:xnu-8019.61.5~1/RELEASE_X86_64 x86_64
OS uptime: 1 days 22:19 hours
rlimit (soft/hard): STACK 8192k/65532k , CORE 0k/infinity , NPROC 1392/2088 , NOFILE 10240/infinity , AS infinity/infinity , CPU infinity/infinity , DATA infinity/infinity , FSIZE infinity/infinity , MEMLOCK infinity/infinity , RSS infinity/infinity
load average: 3.21 2.81 2.87

CPU: total 8 (initial active 8) (4 cores per cpu, 2 threads per core) family 6 model 142 stepping 10 microcode 0xea, cx8, cmov, fxsr, ht, mmx, 3dnowpref, sse, sse2, sse3, ssse3, sse4.1, sse4.2, popcnt, lzcnt, tsc, tscinvbit, avx, avx2, aes, erms, clmul, bmi1, bmi2, adx, fma, vzeroupper, clflush, clflushopt

Memory: 4k page, physical 8388608k(140204k free), swap 2097152k(1076480k free)

vm_info: OpenJDK 64-Bit Server VM (17.0.1+12) for bsd-amd64 JRE (17.0.1+12), built on Oct 20 2021 13:44:50 by "jenkins" with clang 4.2.1 Compatible Apple LLVM 10.0.1 (clang-1001.0.46.4)

END.
